-- Found ament_cmake: 0.9.6 (/opt/ros/foxy/share/ament_cmake/cmake)
-- Found PythonInterp: /usr/bin/python3 (found suitable version "3.8.2", minimum required is "3") 
-- Using PYTHON_EXECUTABLE: /usr/bin/python3
-- Override CMake install command with custom implementation using symlinks instead of copying resources
-- Found ament_lint_auto: 0.9.5 (/opt/ros/foxy/share/ament_lint_auto/cmake)
-- Found rosidl_default_generators: 1.0.0 (/opt/ros/foxy/share/rosidl_default_generators/cmake)
-- Using all available rosidl_typesupport_c: rosidl_typesupport_fastrtps_c;rosidl_typesupport_introspection_c
-- Found rosidl_adapter: 1.0.1 (/opt/ros/foxy/share/rosidl_adapter/cmake)
-- Using all available rosidl_typesupport_cpp: rosidl_typesupport_fastrtps_cpp;rosidl_typesupport_introspection_cpp
-- Found std_msgs: 2.0.3 (/opt/ros/foxy/share/std_msgs/cmake)
-- Found PythonInterp: /usr/bin/python3 (found version "3.8.2") 
-- Found ament_cmake_ros: 0.9.0 (/opt/ros/foxy/share/ament_cmake_ros/cmake)
-- Using all available rosidl_typesupport_c: rosidl_typesupport_fastrtps_c;rosidl_typesupport_introspection_c
-- Using all available rosidl_typesupport_cpp: rosidl_typesupport_fastrtps_cpp;rosidl_typesupport_introspection_cpp
-- Found PythonInterp: /usr/bin/python3 (found suitable version "3.8.2", minimum required is "3.5") 
-- Found python_cmake_module: 0.8.0 (/opt/ros/foxy/share/python_cmake_module/cmake)
-- Using PYTHON_EXECUTABLE: /usr/bin/python3
-- Using PYTHON_INCLUDE_DIRS: /usr/include/python3.8
-- Using PYTHON_LIBRARIES: /usr/lib/aarch64-linux-gnu/libpython3.8.so
-- Added test 'copyright' to check source files copyright and LICENSE
-- Added test 'flake8' to check Python code syntax and style conventions
-- Added test 'lint_cmake' to check CMake code style
-- Added test 'pep257' to check Python code against some of the style conventions in PEP 257
-- Added test 'xmllint' to check XML markup files
-- Configuring done
-- Generating done
-- Build files have been written to: /home/ubuntu/lapin_ws/src/build/lapin_msgs
[  2%] Built target lapin_msgs__cpp
[ 12%] Built target lapin_msgs__rosidl_generator_c
[ 23%] Built target lapin_msgs__rosidl_typesupport_introspection_cpp
[ 33%] Built target lapin_msgs__rosidl_typesupport_cpp
[ 43%] Built target lapin_msgs__rosidl_typesupport_c
[ 53%] Built target lapin_msgs__rosidl_typesupport_fastrtps_cpp
[ 64%] Built target lapin_msgs__rosidl_typesupport_introspection_c
[ 74%] Built target lapin_msgs__rosidl_typesupport_fastrtps_c
[ 74%] Built target lapin_msgs
[ 76%] Built target lapin_msgs__py
[ 84%] Built target lapin_msgs__python
[ 89%] Built target lapin_msgs__rosidl_typesupport_c__pyext
[ 94%] Built target lapin_msgs__rosidl_typesupport_introspection_c__pyext
[100%] Built target lapin_msgs__rosidl_typesupport_fastrtps_c__pyext
-- Install configuration: ""
-- Execute custom install script
-- Up-to-date symlink: /home/ubuntu/lapin_ws/src/install/lapin_msgs/share/ament_index/resource_index/rosidl_interfaces/lapin_msgs
-- Up-to-date symlink: /home/ubuntu/lapin_ws/src/install/lapin_msgs/include/lapin_msgs/msg/cmd_bip.h
-- Up-to-date symlink: /home/ubuntu/lapin_ws/src/install/lapin_msgs/include/lapin_msgs/msg/detail/cmd_bip__functions.h
-- Up-to-date symlink: /home/ubuntu/lapin_ws/src/install/lapin_msgs/include/lapin_msgs/msg/detail/cmd_bip__struct.h
-- Up-to-date symlink: /home/ubuntu/lapin_ws/src/install/lapin_msgs/include/lapin_msgs/msg/detail/cmd_bip__type_support.h
-- Up-to-date symlink: /home/ubuntu/lapin_ws/src/install/lapin_msgs/include/lapin_msgs/msg/detail/feet__functions.h
-- Up-to-date symlink: /home/ubuntu/lapin_ws/src/install/lapin_msgs/include/lapin_msgs/msg/detail/feet__struct.h
-- Up-to-date symlink: /home/ubuntu/lapin_ws/src/install/lapin_msgs/include/lapin_msgs/msg/detail/feet__type_support.h
-- Up-to-date symlink: /home/ubuntu/lapin_ws/src/install/lapin_msgs/include/lapin_msgs/msg/feet.h
-- Up-to-date symlink: /home/ubuntu/lapin_ws/src/install/lapin_msgs/include/lapin_msgs/msg/rosidl_generator_c__visibility_control.h
-- Up-to-date symlink: /home/ubuntu/lapin_ws/src/install/lapin_msgs/share/lapin_msgs/environment/library_path.sh
-- Up-to-date symlink: /home/ubuntu/lapin_ws/src/install/lapin_msgs/share/lapin_msgs/environment/library_path.dsv
-- Up-to-date symlink: /home/ubuntu/lapin_ws/src/install/lapin_msgs/include/lapin_msgs/msg/detail/cmd_bip__rosidl_typesupport_fastrtps_c.h
-- Up-to-date symlink: /home/ubuntu/lapin_ws/src/install/lapin_msgs/include/lapin_msgs/msg/detail/feet__rosidl_typesupport_fastrtps_c.h
-- Up-to-date symlink: /home/ubuntu/lapin_ws/src/install/lapin_msgs/include/lapin_msgs/msg/rosidl_typesupport_fastrtps_c__visibility_control.h
-- Up-to-date symlink: /home/ubuntu/lapin_ws/src/install/lapin_msgs/lib/liblapin_msgs__rosidl_typesupport_fastrtps_c.so
-- Up-to-date symlink: /home/ubuntu/lapin_ws/src/install/lapin_msgs/include/lapin_msgs/msg/detail/cmd_bip__rosidl_typesupport_fastrtps_cpp.hpp
-- Up-to-date symlink: /home/ubuntu/lapin_ws/src/install/lapin_msgs/include/lapin_msgs/msg/detail/feet__rosidl_typesupport_fastrtps_cpp.hpp
-- Up-to-date symlink: /home/ubuntu/lapin_ws/src/install/lapin_msgs/include/lapin_msgs/msg/rosidl_typesupport_fastrtps_cpp__visibility_control.h
-- Up-to-date symlink: /home/ubuntu/lapin_ws/src/install/lapin_msgs/lib/liblapin_msgs__rosidl_typesupport_fastrtps_cpp.so
-- Up-to-date symlink: /home/ubuntu/lapin_ws/src/install/lapin_msgs/include/lapin_msgs/msg/detail/cmd_bip__rosidl_typesupport_introspection_c.h
-- Up-to-date symlink: /home/ubuntu/lapin_ws/src/install/lapin_msgs/include/lapin_msgs/msg/detail/feet__rosidl_typesupport_introspection_c.h
-- Up-to-date symlink: /home/ubuntu/lapin_ws/src/install/lapin_msgs/include/lapin_msgs/msg/rosidl_typesupport_introspection_c__visibility_control.h
-- Up-to-date symlink: /home/ubuntu/lapin_ws/src/install/lapin_msgs/include/lapin_msgs/msg/cmd_bip.hpp
-- Up-to-date symlink: /home/ubuntu/lapin_ws/src/install/lapin_msgs/include/lapin_msgs/msg/detail/cmd_bip__builder.hpp
-- Up-to-date symlink: /home/ubuntu/lapin_ws/src/install/lapin_msgs/include/lapin_msgs/msg/detail/cmd_bip__struct.hpp
-- Up-to-date symlink: /home/ubuntu/lapin_ws/src/install/lapin_msgs/include/lapin_msgs/msg/detail/cmd_bip__traits.hpp
-- Up-to-date symlink: /home/ubuntu/lapin_ws/src/install/lapin_msgs/include/lapin_msgs/msg/detail/feet__builder.hpp
-- Up-to-date symlink: /home/ubuntu/lapin_ws/src/install/lapin_msgs/include/lapin_msgs/msg/detail/feet__struct.hpp
-- Up-to-date symlink: /home/ubuntu/lapin_ws/src/install/lapin_msgs/include/lapin_msgs/msg/detail/feet__traits.hpp
-- Up-to-date symlink: /home/ubuntu/lapin_ws/src/install/lapin_msgs/include/lapin_msgs/msg/feet.hpp
-- Up-to-date symlink: /home/ubuntu/lapin_ws/src/install/lapin_msgs/include/lapin_msgs/msg/detail/cmd_bip__rosidl_typesupport_introspection_cpp.hpp
-- Up-to-date symlink: /home/ubuntu/lapin_ws/src/install/lapin_msgs/include/lapin_msgs/msg/detail/feet__rosidl_typesupport_introspection_cpp.hpp
-- Up-to-date symlink: /home/ubuntu/lapin_ws/src/install/lapin_msgs/share/lapin_msgs/environment/pythonpath.sh
-- Up-to-date symlink: /home/ubuntu/lapin_ws/src/install/lapin_msgs/share/lapin_msgs/environment/pythonpath.dsv
-- Up-to-date symlink: /home/ubuntu/lapin_ws/src/install/lapin_msgs/lib/python3.8/site-packages/lapin_msgs/__init__.py
-- Up-to-date symlink: /home/ubuntu/lapin_ws/src/install/lapin_msgs/lib/python3.8/site-packages/lapin_msgs/msg/__init__.py
-- Up-to-date symlink: /home/ubuntu/lapin_ws/src/install/lapin_msgs/lib/python3.8/site-packages/lapin_msgs/msg/_cmd_bip.py
-- Up-to-date symlink: /home/ubuntu/lapin_ws/src/install/lapin_msgs/lib/python3.8/site-packages/lapin_msgs/msg/_feet.py
-- Up-to-date symlink: /home/ubuntu/lapin_ws/src/install/lapin_msgs/lib/python3.8/site-packages/lapin_msgs/lapin_msgs_s__rosidl_typesupport_fastrtps_c.cpython-38-aarch64-linux-gnu.so
-- Up-to-date symlink: /home/ubuntu/lapin_ws/src/install/lapin_msgs/lib/python3.8/site-packages/lapin_msgs/lapin_msgs_s__rosidl_typesupport_introspection_c.cpython-38-aarch64-linux-gnu.so
-- Up-to-date symlink: /home/ubuntu/lapin_ws/src/install/lapin_msgs/lib/python3.8/site-packages/lapin_msgs/lapin_msgs_s__rosidl_typesupport_c.cpython-38-aarch64-linux-gnu.so
-- Up-to-date symlink: /home/ubuntu/lapin_ws/src/install/lapin_msgs/lib/liblapin_msgs__python.so
-- Up-to-date symlink: /home/ubuntu/lapin_ws/src/install/lapin_msgs/share/lapin_msgs/msg/Feet.idl
-- Up-to-date symlink: /home/ubuntu/lapin_ws/src/install/lapin_msgs/share/lapin_msgs/msg/CmdBip.idl
-- Up-to-date symlink: /home/ubuntu/lapin_ws/src/install/lapin_msgs/share/lapin_msgs/msg/Feet.msg
-- Up-to-date symlink: /home/ubuntu/lapin_ws/src/install/lapin_msgs/share/lapin_msgs/msg/CmdBip.msg
-- Up-to-date symlink: /home/ubuntu/lapin_ws/src/install/lapin_msgs/share/ament_index/resource_index/package_run_dependencies/lapin_msgs
-- Up-to-date symlink: /home/ubuntu/lapin_ws/src/install/lapin_msgs/share/ament_index/resource_index/parent_prefix_path/lapin_msgs
-- Up-to-date symlink: /home/ubuntu/lapin_ws/src/install/lapin_msgs/share/lapin_msgs/environment/ament_prefix_path.sh
-- Up-to-date symlink: /home/ubuntu/lapin_ws/src/install/lapin_msgs/share/lapin_msgs/environment/ament_prefix_path.dsv
-- Up-to-date symlink: /home/ubuntu/lapin_ws/src/install/lapin_msgs/share/lapin_msgs/environment/path.sh
-- Up-to-date symlink: /home/ubuntu/lapin_ws/src/install/lapin_msgs/share/lapin_msgs/environment/path.dsv
-- Up-to-date symlink: /home/ubuntu/lapin_ws/src/install/lapin_msgs/share/lapin_msgs/local_setup.bash
-- Up-to-date symlink: /home/ubuntu/lapin_ws/src/install/lapin_msgs/share/lapin_msgs/local_setup.sh
-- Up-to-date symlink: /home/ubuntu/lapin_ws/src/install/lapin_msgs/share/lapin_msgs/local_setup.zsh
-- Up-to-date symlink: /home/ubuntu/lapin_ws/src/install/lapin_msgs/share/lapin_msgs/local_setup.dsv
-- Symlinking: /home/ubuntu/lapin_ws/src/install/lapin_msgs/share/lapin_msgs/package.dsv
-- Up-to-date symlink: /home/ubuntu/lapin_ws/src/install/lapin_msgs/share/ament_index/resource_index/packages/lapin_msgs
-- Up-to-date symlink: /home/ubuntu/lapin_ws/src/install/lapin_msgs/share/lapin_msgs/cmake/rosidl_cmake-extras.cmake
-- Up-to-date symlink: /home/ubuntu/lapin_ws/src/install/lapin_msgs/share/lapin_msgs/cmake/ament_cmake_export_dependencies-extras.cmake
-- Up-to-date symlink: /home/ubuntu/lapin_ws/src/install/lapin_msgs/share/lapin_msgs/cmake/ament_cmake_export_libraries-extras.cmake
-- Up-to-date symlink: /home/ubuntu/lapin_ws/src/install/lapin_msgs/share/lapin_msgs/cmake/ament_cmake_export_targets-extras.cmake
-- Up-to-date symlink: /home/ubuntu/lapin_ws/src/install/lapin_msgs/share/lapin_msgs/cmake/ament_cmake_export_include_directories-extras.cmake
-- Up-to-date symlink: /home/ubuntu/lapin_ws/src/install/lapin_msgs/share/lapin_msgs/cmake/rosidl_cmake_export_typesupport_libraries-extras.cmake
-- Up-to-date symlink: /home/ubuntu/lapin_ws/src/install/lapin_msgs/share/lapin_msgs/cmake/rosidl_cmake_export_typesupport_targets-extras.cmake
-- Up-to-date symlink: /home/ubuntu/lapin_ws/src/install/lapin_msgs/share/lapin_msgs/cmake/lapin_msgsConfig.cmake
-- Up-to-date symlink: /home/ubuntu/lapin_ws/src/install/lapin_msgs/share/lapin_msgs/cmake/lapin_msgsConfig-version.cmake
-- Up-to-date symlink: /home/ubuntu/lapin_ws/src/install/lapin_msgs/share/lapin_msgs/package.xml
-- Up-to-date: /home/ubuntu/lapin_ws/src/install/lapin_msgs/lib/liblapin_msgs__rosidl_generator_c.so
-- Up-to-date: /home/ubuntu/lapin_ws/src/install/lapin_msgs/lib/liblapin_msgs__rosidl_typesupport_introspection_c.so
-- Up-to-date: /home/ubuntu/lapin_ws/src/install/lapin_msgs/lib/liblapin_msgs__rosidl_typesupport_c.so
-- Up-to-date: /home/ubuntu/lapin_ws/src/install/lapin_msgs/lib/liblapin_msgs__rosidl_typesupport_introspection_cpp.so
-- Up-to-date: /home/ubuntu/lapin_ws/src/install/lapin_msgs/lib/liblapin_msgs__rosidl_typesupport_cpp.so
Compiling '/home/ubuntu/lapin_ws/src/install/lapin_msgs/lib/python3.8/site-packages/lapin_msgs/__init__.py'...
-- Up-to-date: /home/ubuntu/lapin_ws/src/install/lapin_msgs/share/lapin_msgs/cmake/lapin_msgs__rosidl_generator_cExport.cmake
-- Installing: /home/ubuntu/lapin_ws/src/install/lapin_msgs/share/lapin_msgs/cmake/lapin_msgs__rosidl_generator_cExport-noconfig.cmake
-- Up-to-date: /home/ubuntu/lapin_ws/src/install/lapin_msgs/share/lapin_msgs/cmake/lapin_msgs__rosidl_typesupport_introspection_cExport.cmake
-- Installing: /home/ubuntu/lapin_ws/src/install/lapin_msgs/share/lapin_msgs/cmake/lapin_msgs__rosidl_typesupport_introspection_cExport-noconfig.cmake
-- Up-to-date: /home/ubuntu/lapin_ws/src/install/lapin_msgs/share/lapin_msgs/cmake/lapin_msgs__rosidl_typesupport_cExport.cmake
-- Installing: /home/ubuntu/lapin_ws/src/install/lapin_msgs/share/lapin_msgs/cmake/lapin_msgs__rosidl_typesupport_cExport-noconfig.cmake
-- Up-to-date: /home/ubuntu/lapin_ws/src/install/lapin_msgs/share/lapin_msgs/cmake/lapin_msgs__rosidl_generator_cppExport.cmake
-- Up-to-date: /home/ubuntu/lapin_ws/src/install/lapin_msgs/share/lapin_msgs/cmake/lapin_msgs__rosidl_typesupport_introspection_cppExport.cmake
-- Installing: /home/ubuntu/lapin_ws/src/install/lapin_msgs/share/lapin_msgs/cmake/lapin_msgs__rosidl_typesupport_introspection_cppExport-noconfig.cmake
-- Up-to-date: /home/ubuntu/lapin_ws/src/install/lapin_msgs/share/lapin_msgs/cmake/lapin_msgs__rosidl_typesupport_cppExport.cmake
-- Installing: /home/ubuntu/lapin_ws/src/install/lapin_msgs/share/lapin_msgs/cmake/lapin_msgs__rosidl_typesupport_cppExport-noconfig.cmake
