running develop
Removing /home/ubuntu/lapin_ws/src/install/lapin_driver/lib/python3.8/site-packages/lapin-driver.egg-link (link to .)
running egg_info
writing /home/ubuntu/lapin_ws/src/build/lapin_driver/lapin_driver.egg-info/PKG-INFO
writing dependency_links to /home/ubuntu/lapin_ws/src/build/lapin_driver/lapin_driver.egg-info/dependency_links.txt
writing entry points to /home/ubuntu/lapin_ws/src/build/lapin_driver/lapin_driver.egg-info/entry_points.txt
writing requirements to /home/ubuntu/lapin_ws/src/build/lapin_driver/lapin_driver.egg-info/requires.txt
writing top-level names to /home/ubuntu/lapin_ws/src/build/lapin_driver/lapin_driver.egg-info/top_level.txt
reading manifest file '/home/ubuntu/lapin_ws/src/build/lapin_driver/lapin_driver.egg-info/SOURCES.txt'
writing manifest file '/home/ubuntu/lapin_ws/src/build/lapin_driver/lapin_driver.egg-info/SOURCES.txt'
running build
running build_py
creating /home/ubuntu/lapin_ws/src/build/lapin_driver/build
creating /home/ubuntu/lapin_ws/src/build/lapin_driver/build/lib
creating /home/ubuntu/lapin_ws/src/build/lapin_driver/build/lib/lapin_driver
copying lapin_driver/servoLoop.py -> /home/ubuntu/lapin_ws/src/build/lapin_driver/build/lib/lapin_driver
copying lapin_driver/__init__.py -> /home/ubuntu/lapin_ws/src/build/lapin_driver/build/lib/lapin_driver
copying lapin_driver/sensorLoop.py -> /home/ubuntu/lapin_ws/src/build/lapin_driver/build/lib/lapin_driver
running install
running install_lib
creating /home/ubuntu/lapin_ws/src/install/lapin_driver/lib/python3.8/site-packages/lapin_driver
copying /home/ubuntu/lapin_ws/src/build/lapin_driver/build/lib/lapin_driver/servoLoop.py -> /home/ubuntu/lapin_ws/src/install/lapin_driver/lib/python3.8/site-packages/lapin_driver
copying /home/ubuntu/lapin_ws/src/build/lapin_driver/build/lib/lapin_driver/__init__.py -> /home/ubuntu/lapin_ws/src/install/lapin_driver/lib/python3.8/site-packages/lapin_driver
copying /home/ubuntu/lapin_ws/src/build/lapin_driver/build/lib/lapin_driver/sensorLoop.py -> /home/ubuntu/lapin_ws/src/install/lapin_driver/lib/python3.8/site-packages/lapin_driver
byte-compiling /home/ubuntu/lapin_ws/src/install/lapin_driver/lib/python3.8/site-packages/lapin_driver/servoLoop.py to servoLoop.cpython-38.pyc
byte-compiling /home/ubuntu/lapin_ws/src/install/lapin_driver/lib/python3.8/site-packages/lapin_driver/__init__.py to __init__.cpython-38.pyc
byte-compiling /home/ubuntu/lapin_ws/src/install/lapin_driver/lib/python3.8/site-packages/lapin_driver/sensorLoop.py to sensorLoop.cpython-38.pyc
running install_data
running install_egg_info
Copying /home/ubuntu/lapin_ws/src/build/lapin_driver/lapin_driver.egg-info to /home/ubuntu/lapin_ws/src/install/lapin_driver/lib/python3.8/site-packages/lapin_driver-0.0.0-py3.8.egg-info
running install_scripts
Installing sensors script to /home/ubuntu/lapin_ws/src/install/lapin_driver/lib/lapin_driver
Installing servos script to /home/ubuntu/lapin_ws/src/install/lapin_driver/lib/lapin_driver
writing list of installed files to '/home/ubuntu/lapin_ws/src/build/lapin_driver/install.log'
