[0.204s] Invoking command in '/home/ubuntu/lapin_ws/src/build/lapin_msgs': CMAKE_PREFIX_PATH=${CMAKE_PREFIX_PATH}:/home/ubuntu/lapin_ws/install/lapin_driver:/opt/ros/foxy /usr/bin/cmake --build /home/ubuntu/lapin_ws/src/build/lapin_msgs -- -j4 -l4
[0.679s] [  2%] Built target lapin_msgs__cpp
[0.709s] [ 12%] Built target lapin_msgs__rosidl_generator_c
[0.977s] [ 23%] Built target lapin_msgs__rosidl_typesupport_fastrtps_cpp
[1.027s] [ 33%] Built target lapin_msgs__rosidl_typesupport_introspection_cpp
[1.059s] [ 43%] Built target lapin_msgs__rosidl_typesupport_cpp
[1.088s] [ 53%] Built target lapin_msgs__rosidl_typesupport_c
[1.277s] [ 64%] Built target lapin_msgs__rosidl_typesupport_introspection_c
[1.348s] [ 74%] Built target lapin_msgs__rosidl_typesupport_fastrtps_c
[1.525s] [ 74%] Built target lapin_msgs
[1.707s] [ 76%] Built target lapin_msgs__py
[1.934s] [ 84%] Built target lapin_msgs__python
[2.206s] [ 92%] Built target lapin_msgs__rosidl_typesupport_introspection_c__pyext
[2.208s] [ 94%] Built target lapin_msgs__rosidl_typesupport_c__pyext
[2.222s] [100%] Built target lapin_msgs__rosidl_typesupport_fastrtps_c__pyext
[2.697s] Invoked command in '/home/ubuntu/lapin_ws/src/build/lapin_msgs' returned '0': CMAKE_PREFIX_PATH=${CMAKE_PREFIX_PATH}:/home/ubuntu/lapin_ws/install/lapin_driver:/opt/ros/foxy /usr/bin/cmake --build /home/ubuntu/lapin_ws/src/build/lapin_msgs -- -j4 -l4
[3.439s] Invoking command in '/home/ubuntu/lapin_ws/src/build/lapin_msgs': CMAKE_PREFIX_PATH=${CMAKE_PREFIX_PATH}:/home/ubuntu/lapin_ws/install/lapin_driver:/opt/ros/foxy /usr/bin/cmake --install /home/ubuntu/lapin_ws/src/build/lapin_msgs
[3.521s] -- Install configuration: ""
[3.530s] -- Execute custom install script
[3.531s] -- Up-to-date symlink: /home/ubuntu/lapin_ws/src/install/lapin_msgs/share/ament_index/resource_index/rosidl_interfaces/lapin_msgs
[3.537s] -- Up-to-date symlink: /home/ubuntu/lapin_ws/src/install/lapin_msgs/include/lapin_msgs/msg/cmd_bip.h
[3.540s] -- Up-to-date symlink: /home/ubuntu/lapin_ws/src/install/lapin_msgs/include/lapin_msgs/msg/detail/cmd_bip__functions.h
[3.550s] -- Up-to-date symlink: /home/ubuntu/lapin_ws/src/install/lapin_msgs/include/lapin_msgs/msg/detail/cmd_bip__struct.h
[3.551s] -- Up-to-date symlink: /home/ubuntu/lapin_ws/src/install/lapin_msgs/include/lapin_msgs/msg/detail/cmd_bip__type_support.h
[3.560s] -- Up-to-date symlink: /home/ubuntu/lapin_ws/src/install/lapin_msgs/include/lapin_msgs/msg/detail/feet__functions.h
[3.563s] -- Up-to-date symlink: /home/ubuntu/lapin_ws/src/install/lapin_msgs/include/lapin_msgs/msg/detail/feet__struct.h
[3.566s] -- Up-to-date symlink: /home/ubuntu/lapin_ws/src/install/lapin_msgs/include/lapin_msgs/msg/detail/feet__type_support.h
[3.567s] -- Up-to-date symlink: /home/ubuntu/lapin_ws/src/install/lapin_msgs/include/lapin_msgs/msg/feet.h
[3.569s] -- Up-to-date symlink: /home/ubuntu/lapin_ws/src/install/lapin_msgs/include/lapin_msgs/msg/rosidl_generator_c__visibility_control.h
[3.570s] -- Up-to-date symlink: /home/ubuntu/lapin_ws/src/install/lapin_msgs/share/lapin_msgs/environment/library_path.sh
[3.572s] -- Up-to-date symlink: /home/ubuntu/lapin_ws/src/install/lapin_msgs/share/lapin_msgs/environment/library_path.dsv
[3.575s] -- Up-to-date symlink: /home/ubuntu/lapin_ws/src/install/lapin_msgs/include/lapin_msgs/msg/detail/cmd_bip__rosidl_typesupport_fastrtps_c.h
[3.588s] -- Up-to-date symlink: /home/ubuntu/lapin_ws/src/install/lapin_msgs/include/lapin_msgs/msg/detail/feet__rosidl_typesupport_fastrtps_c.h
[3.594s] -- Up-to-date symlink: /home/ubuntu/lapin_ws/src/install/lapin_msgs/include/lapin_msgs/msg/rosidl_typesupport_fastrtps_c__visibility_control.h
[3.595s] -- Up-to-date symlink: /home/ubuntu/lapin_ws/src/install/lapin_msgs/lib/liblapin_msgs__rosidl_typesupport_fastrtps_c.so
[3.610s] -- Up-to-date symlink: /home/ubuntu/lapin_ws/src/install/lapin_msgs/include/lapin_msgs/msg/detail/cmd_bip__rosidl_typesupport_fastrtps_cpp.hpp
[3.612s] -- Up-to-date symlink: /home/ubuntu/lapin_ws/src/install/lapin_msgs/include/lapin_msgs/msg/detail/feet__rosidl_typesupport_fastrtps_cpp.hpp
[3.613s] -- Up-to-date symlink: /home/ubuntu/lapin_ws/src/install/lapin_msgs/include/lapin_msgs/msg/rosidl_typesupport_fastrtps_cpp__visibility_control.h
[3.615s] -- Up-to-date symlink: /home/ubuntu/lapin_ws/src/install/lapin_msgs/lib/liblapin_msgs__rosidl_typesupport_fastrtps_cpp.so
[3.617s] -- Up-to-date symlink: /home/ubuntu/lapin_ws/src/install/lapin_msgs/include/lapin_msgs/msg/detail/cmd_bip__rosidl_typesupport_introspection_c.h
[3.623s] -- Up-to-date symlink: /home/ubuntu/lapin_ws/src/install/lapin_msgs/include/lapin_msgs/msg/detail/feet__rosidl_typesupport_introspection_c.h
[3.624s] -- Up-to-date symlink: /home/ubuntu/lapin_ws/src/install/lapin_msgs/include/lapin_msgs/msg/rosidl_typesupport_introspection_c__visibility_control.h
[3.630s] -- Up-to-date symlink: /home/ubuntu/lapin_ws/src/install/lapin_msgs/include/lapin_msgs/msg/cmd_bip.hpp
[3.633s] -- Up-to-date symlink: /home/ubuntu/lapin_ws/src/install/lapin_msgs/include/lapin_msgs/msg/detail/cmd_bip__builder.hpp
[3.635s] -- Up-to-date symlink: /home/ubuntu/lapin_ws/src/install/lapin_msgs/include/lapin_msgs/msg/detail/cmd_bip__struct.hpp
[3.638s] -- Up-to-date symlink: /home/ubuntu/lapin_ws/src/install/lapin_msgs/include/lapin_msgs/msg/detail/cmd_bip__traits.hpp
[3.641s] -- Up-to-date symlink: /home/ubuntu/lapin_ws/src/install/lapin_msgs/include/lapin_msgs/msg/detail/feet__builder.hpp
[3.643s] -- Up-to-date symlink: /home/ubuntu/lapin_ws/src/install/lapin_msgs/include/lapin_msgs/msg/detail/feet__struct.hpp
[3.647s] -- Up-to-date symlink: /home/ubuntu/lapin_ws/src/install/lapin_msgs/include/lapin_msgs/msg/detail/feet__traits.hpp
[3.650s] -- Up-to-date symlink: /home/ubuntu/lapin_ws/src/install/lapin_msgs/include/lapin_msgs/msg/feet.hpp
[3.657s] -- Up-to-date symlink: /home/ubuntu/lapin_ws/src/install/lapin_msgs/include/lapin_msgs/msg/detail/cmd_bip__rosidl_typesupport_introspection_cpp.hpp
[3.660s] -- Up-to-date symlink: /home/ubuntu/lapin_ws/src/install/lapin_msgs/include/lapin_msgs/msg/detail/feet__rosidl_typesupport_introspection_cpp.hpp
[3.672s] -- Up-to-date symlink: /home/ubuntu/lapin_ws/src/install/lapin_msgs/share/lapin_msgs/environment/pythonpath.sh
[3.674s] -- Up-to-date symlink: /home/ubuntu/lapin_ws/src/install/lapin_msgs/share/lapin_msgs/environment/pythonpath.dsv
[3.676s] -- Up-to-date symlink: /home/ubuntu/lapin_ws/src/install/lapin_msgs/lib/python3.8/site-packages/lapin_msgs/__init__.py
[3.684s] -- Up-to-date symlink: /home/ubuntu/lapin_ws/src/install/lapin_msgs/lib/python3.8/site-packages/lapin_msgs/msg/__init__.py
[3.688s] -- Up-to-date symlink: /home/ubuntu/lapin_ws/src/install/lapin_msgs/lib/python3.8/site-packages/lapin_msgs/msg/_cmd_bip.py
[3.690s] -- Up-to-date symlink: /home/ubuntu/lapin_ws/src/install/lapin_msgs/lib/python3.8/site-packages/lapin_msgs/msg/_feet.py
[3.693s] -- Up-to-date symlink: /home/ubuntu/lapin_ws/src/install/lapin_msgs/lib/python3.8/site-packages/lapin_msgs/lapin_msgs_s__rosidl_typesupport_fastrtps_c.cpython-38-aarch64-linux-gnu.so
[3.695s] -- Up-to-date symlink: /home/ubuntu/lapin_ws/src/install/lapin_msgs/lib/python3.8/site-packages/lapin_msgs/lapin_msgs_s__rosidl_typesupport_introspection_c.cpython-38-aarch64-linux-gnu.so
[3.703s] -- Up-to-date symlink: /home/ubuntu/lapin_ws/src/install/lapin_msgs/lib/python3.8/site-packages/lapin_msgs/lapin_msgs_s__rosidl_typesupport_c.cpython-38-aarch64-linux-gnu.so
[3.707s] -- Up-to-date symlink: /home/ubuntu/lapin_ws/src/install/lapin_msgs/lib/liblapin_msgs__python.so
[3.710s] -- Up-to-date symlink: /home/ubuntu/lapin_ws/src/install/lapin_msgs/share/lapin_msgs/msg/Feet.idl
[3.715s] -- Up-to-date symlink: /home/ubuntu/lapin_ws/src/install/lapin_msgs/share/lapin_msgs/msg/CmdBip.idl
[3.718s] -- Up-to-date symlink: /home/ubuntu/lapin_ws/src/install/lapin_msgs/share/lapin_msgs/msg/Feet.msg
[3.724s] -- Up-to-date symlink: /home/ubuntu/lapin_ws/src/install/lapin_msgs/share/lapin_msgs/msg/CmdBip.msg
[3.733s] -- Up-to-date symlink: /home/ubuntu/lapin_ws/src/install/lapin_msgs/share/ament_index/resource_index/package_run_dependencies/lapin_msgs
[3.736s] -- Up-to-date symlink: /home/ubuntu/lapin_ws/src/install/lapin_msgs/share/ament_index/resource_index/parent_prefix_path/lapin_msgs
[3.738s] -- Up-to-date symlink: /home/ubuntu/lapin_ws/src/install/lapin_msgs/share/lapin_msgs/environment/ament_prefix_path.sh
[3.740s] -- Up-to-date symlink: /home/ubuntu/lapin_ws/src/install/lapin_msgs/share/lapin_msgs/environment/ament_prefix_path.dsv
[3.742s] -- Up-to-date symlink: /home/ubuntu/lapin_ws/src/install/lapin_msgs/share/lapin_msgs/environment/path.sh
[3.747s] -- Up-to-date symlink: /home/ubuntu/lapin_ws/src/install/lapin_msgs/share/lapin_msgs/environment/path.dsv
[3.750s] -- Up-to-date symlink: /home/ubuntu/lapin_ws/src/install/lapin_msgs/share/lapin_msgs/local_setup.bash
[3.759s] -- Up-to-date symlink: /home/ubuntu/lapin_ws/src/install/lapin_msgs/share/lapin_msgs/local_setup.sh
[3.761s] -- Up-to-date symlink: /home/ubuntu/lapin_ws/src/install/lapin_msgs/share/lapin_msgs/local_setup.zsh
[3.764s] -- Up-to-date symlink: /home/ubuntu/lapin_ws/src/install/lapin_msgs/share/lapin_msgs/local_setup.dsv
[3.769s] -- Symlinking: /home/ubuntu/lapin_ws/src/install/lapin_msgs/share/lapin_msgs/package.dsv
[3.851s] -- Up-to-date symlink: /home/ubuntu/lapin_ws/src/install/lapin_msgs/share/ament_index/resource_index/packages/lapin_msgs
[3.854s] -- Up-to-date symlink: /home/ubuntu/lapin_ws/src/install/lapin_msgs/share/lapin_msgs/cmake/rosidl_cmake-extras.cmake
[3.858s] -- Up-to-date symlink: /home/ubuntu/lapin_ws/src/install/lapin_msgs/share/lapin_msgs/cmake/ament_cmake_export_dependencies-extras.cmake
[3.862s] -- Up-to-date symlink: /home/ubuntu/lapin_ws/src/install/lapin_msgs/share/lapin_msgs/cmake/ament_cmake_export_libraries-extras.cmake
[3.869s] -- Up-to-date symlink: /home/ubuntu/lapin_ws/src/install/lapin_msgs/share/lapin_msgs/cmake/ament_cmake_export_targets-extras.cmake
[3.875s] -- Up-to-date symlink: /home/ubuntu/lapin_ws/src/install/lapin_msgs/share/lapin_msgs/cmake/ament_cmake_export_include_directories-extras.cmake
[3.878s] -- Up-to-date symlink: /home/ubuntu/lapin_ws/src/install/lapin_msgs/share/lapin_msgs/cmake/rosidl_cmake_export_typesupport_libraries-extras.cmake
[3.879s] -- Up-to-date symlink: /home/ubuntu/lapin_ws/src/install/lapin_msgs/share/lapin_msgs/cmake/rosidl_cmake_export_typesupport_targets-extras.cmake
[3.882s] -- Up-to-date symlink: /home/ubuntu/lapin_ws/src/install/lapin_msgs/share/lapin_msgs/cmake/lapin_msgsConfig.cmake
[3.885s] -- Up-to-date symlink: /home/ubuntu/lapin_ws/src/install/lapin_msgs/share/lapin_msgs/cmake/lapin_msgsConfig-version.cmake
[3.894s] -- Up-to-date symlink: /home/ubuntu/lapin_ws/src/install/lapin_msgs/share/lapin_msgs/package.xml
[3.901s] -- Up-to-date: /home/ubuntu/lapin_ws/src/install/lapin_msgs/lib/liblapin_msgs__rosidl_generator_c.so
[3.902s] -- Up-to-date: /home/ubuntu/lapin_ws/src/install/lapin_msgs/lib/liblapin_msgs__rosidl_typesupport_introspection_c.so
[3.905s] -- Up-to-date: /home/ubuntu/lapin_ws/src/install/lapin_msgs/lib/liblapin_msgs__rosidl_typesupport_c.so
[3.913s] -- Up-to-date: /home/ubuntu/lapin_ws/src/install/lapin_msgs/lib/liblapin_msgs__rosidl_typesupport_introspection_cpp.so
[3.917s] -- Up-to-date: /home/ubuntu/lapin_ws/src/install/lapin_msgs/lib/liblapin_msgs__rosidl_typesupport_cpp.so
[4.278s] -- Up-to-date: /home/ubuntu/lapin_ws/src/install/lapin_msgs/share/lapin_msgs/cmake/lapin_msgs__rosidl_generator_cExport.cmake
[4.280s] -- Up-to-date: /home/ubuntu/lapin_ws/src/install/lapin_msgs/share/lapin_msgs/cmake/lapin_msgs__rosidl_generator_cExport-noconfig.cmake
[4.281s] -- Up-to-date: /home/ubuntu/lapin_ws/src/install/lapin_msgs/share/lapin_msgs/cmake/lapin_msgs__rosidl_typesupport_introspection_cExport.cmake
[4.286s] -- Up-to-date: /home/ubuntu/lapin_ws/src/install/lapin_msgs/share/lapin_msgs/cmake/lapin_msgs__rosidl_typesupport_introspection_cExport-noconfig.cmake
[4.289s] -- Up-to-date: /home/ubuntu/lapin_ws/src/install/lapin_msgs/share/lapin_msgs/cmake/lapin_msgs__rosidl_typesupport_cExport.cmake
[4.294s] -- Up-to-date: /home/ubuntu/lapin_ws/src/install/lapin_msgs/share/lapin_msgs/cmake/lapin_msgs__rosidl_typesupport_cExport-noconfig.cmake
[4.298s] -- Up-to-date: /home/ubuntu/lapin_ws/src/install/lapin_msgs/share/lapin_msgs/cmake/lapin_msgs__rosidl_generator_cppExport.cmake
[4.301s] -- Up-to-date: /home/ubuntu/lapin_ws/src/install/lapin_msgs/share/lapin_msgs/cmake/lapin_msgs__rosidl_typesupport_introspection_cppExport.cmake
[4.306s] -- Up-to-date: /home/ubuntu/lapin_ws/src/install/lapin_msgs/share/lapin_msgs/cmake/lapin_msgs__rosidl_typesupport_introspection_cppExport-noconfig.cmake
[4.308s] -- Up-to-date: /home/ubuntu/lapin_ws/src/install/lapin_msgs/share/lapin_msgs/cmake/lapin_msgs__rosidl_typesupport_cppExport.cmake
[4.309s] -- Up-to-date: /home/ubuntu/lapin_ws/src/install/lapin_msgs/share/lapin_msgs/cmake/lapin_msgs__rosidl_typesupport_cppExport-noconfig.cmake
[4.341s] Invoked command in '/home/ubuntu/lapin_ws/src/build/lapin_msgs' returned '0': CMAKE_PREFIX_PATH=${CMAKE_PREFIX_PATH}:/home/ubuntu/lapin_ws/install/lapin_driver:/opt/ros/foxy /usr/bin/cmake --install /home/ubuntu/lapin_ws/src/build/lapin_msgs
