[1.371s] DEBUG:colcon:Command line arguments: ['/usr/bin/colcon', 'build']
[1.372s] DEBUG:colcon:Parsed command line arguments: Namespace(ament_cmake_args=None, base_paths=['.'], build_base='build', catkin_cmake_args=None, catkin_skip_building_tests=False, cmake_args=None, cmake_clean_cache=False, cmake_clean_first=False, cmake_force_configure=False, cmake_target=None, cmake_target_skip_unavailable=False, continue_on_error=False, event_handlers=None, executor='parallel', ignore_user_meta=False, install_base='install', log_base=None, log_level=None, main=<bound method BuildVerb.main of <colcon_core.verb.build.BuildVerb object at 0xffff95d1baf0>>, merge_install=False, metas=['./colcon.meta'], packages_above=None, packages_above_and_dependencies=None, packages_above_depth=None, packages_end=None, packages_ignore=None, packages_ignore_regex=None, packages_select=None, packages_select_build_failed=False, packages_select_by_dep=None, packages_select_regex=None, packages_select_test_failures=False, packages_skip=None, packages_skip_build_finished=False, packages_skip_by_dep=None, packages_skip_regex=None, packages_skip_test_passed=False, packages_skip_up_to=None, packages_start=None, packages_up_to=None, packages_up_to_regex=None, parallel_workers=4, paths=None, symlink_install=False, test_result_base=None, verb_extension=<colcon_core.verb.build.BuildVerb object at 0xffff95d1baf0>, verb_name='build', verb_parser=<colcon_defaults.argument_parser.defaults.DefaultArgumentsDecorator object at 0xffff95d270a0>)
[1.537s] Level 1:colcon.colcon_core.package_discovery:discover_packages(colcon_meta) check parameters
[1.538s] Level 1:colcon.colcon_core.package_discovery:discover_packages(recursive) check parameters
[1.539s] Level 1:colcon.colcon_core.package_discovery:discover_packages(ignore) check parameters
[1.539s] Level 1:colcon.colcon_core.package_discovery:discover_packages(path) check parameters
[1.540s] Level 1:colcon.colcon_core.package_discovery:discover_packages(colcon_meta) discover
[1.541s] Level 1:colcon.colcon_core.package_discovery:discover_packages(recursive) discover
[1.542s] INFO:colcon.colcon_core.package_discovery:Crawling recursively for packages in '/home/ubuntu/lapin_ws/src'
[1.543s] Level 1:colcon.colcon_core.package_identification:_identify(.) by extensions ['ignore', 'ignore_ament_install']
[1.544s] Level 1:colcon.colcon_core.package_identification:_identify(.) by extension 'ignore'
[1.545s] Level 1:colcon.colcon_core.package_identification:_identify(.) by extension 'ignore_ament_install'
[1.546s] Level 1:colcon.colcon_core.package_identification:_identify(.) by extensions ['colcon_pkg']
[1.547s] Level 1:colcon.colcon_core.package_identification:_identify(.) by extension 'colcon_pkg'
[1.548s] Level 1:colcon.colcon_core.package_identification:_identify(.) by extensions ['colcon_meta']
[1.548s] Level 1:colcon.colcon_core.package_identification:_identify(.) by extension 'colcon_meta'
[1.549s] Level 1:colcon.colcon_core.package_identification:_identify(.) by extensions ['ros']
[1.550s] Level 1:colcon.colcon_core.package_identification:_identify(.) by extension 'ros'
[1.649s] Level 1:colcon.colcon_core.package_identification:_identify(.) by extensions ['cmake', 'python']
[1.649s] Level 1:colcon.colcon_core.package_identification:_identify(.) by extension 'cmake'
[1.650s] Level 1:colcon.colcon_core.package_identification:_identify(.) by extension 'python'
[1.651s] Level 1:colcon.colcon_core.package_identification:_identify(.) by extensions ['python_setup_py']
[1.651s] Level 1:colcon.colcon_core.package_identification:_identify(.) by extension 'python_setup_py'
[1.653s] Level 1:colcon.colcon_core.package_identification:_identify(build) by extensions ['ignore', 'ignore_ament_install']
[1.654s] Level 1:colcon.colcon_core.package_identification:_identify(build) by extension 'ignore'
[1.655s] Level 1:colcon.colcon_core.package_identification:_identify(build) ignored
[1.657s] Level 1:colcon.colcon_core.package_identification:_identify(install) by extensions ['ignore', 'ignore_ament_install']
[1.658s] Level 1:colcon.colcon_core.package_identification:_identify(install) by extension 'ignore'
[1.659s] Level 1:colcon.colcon_core.package_identification:_identify(install) ignored
[1.661s] Level 1:colcon.colcon_core.package_identification:_identify(lapin_bringup) by extensions ['ignore', 'ignore_ament_install']
[1.662s] Level 1:colcon.colcon_core.package_identification:_identify(lapin_bringup) by extension 'ignore'
[1.663s] Level 1:colcon.colcon_core.package_identification:_identify(lapin_bringup) by extension 'ignore_ament_install'
[1.664s] Level 1:colcon.colcon_core.package_identification:_identify(lapin_bringup) by extensions ['colcon_pkg']
[1.664s] Level 1:colcon.colcon_core.package_identification:_identify(lapin_bringup) by extension 'colcon_pkg'
[1.665s] Level 1:colcon.colcon_core.package_identification:_identify(lapin_bringup) by extensions ['colcon_meta']
[1.666s] Level 1:colcon.colcon_core.package_identification:_identify(lapin_bringup) by extension 'colcon_meta'
[1.667s] Level 1:colcon.colcon_core.package_identification:_identify(lapin_bringup) by extensions ['ros']
[1.667s] Level 1:colcon.colcon_core.package_identification:_identify(lapin_bringup) by extension 'ros'
[1.686s] DEBUG:colcon.colcon_core.package_identification:Package 'lapin_bringup' with type 'ros.ament_python' and name 'lapin_bringup'
[1.687s] Level 1:colcon.colcon_core.package_identification:_identify(lapin_driver) by extensions ['ignore', 'ignore_ament_install']
[1.688s] Level 1:colcon.colcon_core.package_identification:_identify(lapin_driver) by extension 'ignore'
[1.689s] Level 1:colcon.colcon_core.package_identification:_identify(lapin_driver) by extension 'ignore_ament_install'
[1.690s] Level 1:colcon.colcon_core.package_identification:_identify(lapin_driver) by extensions ['colcon_pkg']
[1.691s] Level 1:colcon.colcon_core.package_identification:_identify(lapin_driver) by extension 'colcon_pkg'
[1.692s] Level 1:colcon.colcon_core.package_identification:_identify(lapin_driver) by extensions ['colcon_meta']
[1.692s] Level 1:colcon.colcon_core.package_identification:_identify(lapin_driver) by extension 'colcon_meta'
[1.693s] Level 1:colcon.colcon_core.package_identification:_identify(lapin_driver) by extensions ['ros']
[1.694s] Level 1:colcon.colcon_core.package_identification:_identify(lapin_driver) by extension 'ros'
[1.702s] DEBUG:colcon.colcon_core.package_identification:Package 'lapin_driver' with type 'ros.ament_python' and name 'lapin_driver'
[1.704s] Level 1:colcon.colcon_core.package_identification:_identify(lapin_msgs) by extensions ['ignore', 'ignore_ament_install']
[1.705s] Level 1:colcon.colcon_core.package_identification:_identify(lapin_msgs) by extension 'ignore'
[1.706s] Level 1:colcon.colcon_core.package_identification:_identify(lapin_msgs) by extension 'ignore_ament_install'
[1.707s] Level 1:colcon.colcon_core.package_identification:_identify(lapin_msgs) by extensions ['colcon_pkg']
[1.707s] Level 1:colcon.colcon_core.package_identification:_identify(lapin_msgs) by extension 'colcon_pkg'
[1.708s] Level 1:colcon.colcon_core.package_identification:_identify(lapin_msgs) by extensions ['colcon_meta']
[1.709s] Level 1:colcon.colcon_core.package_identification:_identify(lapin_msgs) by extension 'colcon_meta'
[1.710s] Level 1:colcon.colcon_core.package_identification:_identify(lapin_msgs) by extensions ['ros']
[1.711s] Level 1:colcon.colcon_core.package_identification:_identify(lapin_msgs) by extension 'ros'
[1.718s] DEBUG:colcon.colcon_core.package_identification:Package 'lapin_msgs' with type 'ros.ament_cmake' and name 'lapin_msgs'
[1.720s] Level 1:colcon.colcon_core.package_identification:_identify(log) by extensions ['ignore', 'ignore_ament_install']
[1.721s] Level 1:colcon.colcon_core.package_identification:_identify(log) by extension 'ignore'
[1.722s] Level 1:colcon.colcon_core.package_identification:_identify(log) ignored
[1.722s] Level 1:colcon.colcon_core.package_discovery:discover_packages(recursive) using defaults
[1.723s] Level 1:colcon.colcon_core.package_discovery:discover_packages(ignore) discover
[1.724s] Level 1:colcon.colcon_core.package_discovery:discover_packages(ignore) using defaults
[1.724s] Level 1:colcon.colcon_core.package_discovery:discover_packages(path) discover
[1.725s] Level 1:colcon.colcon_core.package_discovery:discover_packages(path) using defaults
[1.771s] Level 5:colcon.colcon_core.verb:set package 'lapin_bringup' build argument 'cmake_args' from command line to 'None'
[1.771s] Level 5:colcon.colcon_core.verb:set package 'lapin_bringup' build argument 'cmake_target' from command line to 'None'
[1.772s] Level 5:colcon.colcon_core.verb:set package 'lapin_bringup' build argument 'cmake_target_skip_unavailable' from command line to 'False'
[1.772s] Level 5:colcon.colcon_core.verb:set package 'lapin_bringup' build argument 'cmake_clean_cache' from command line to 'False'
[1.773s] Level 5:colcon.colcon_core.verb:set package 'lapin_bringup' build argument 'cmake_clean_first' from command line to 'False'
[1.773s] Level 5:colcon.colcon_core.verb:set package 'lapin_bringup' build argument 'cmake_force_configure' from command line to 'False'
[1.774s] Level 5:colcon.colcon_core.verb:set package 'lapin_bringup' build argument 'ament_cmake_args' from command line to 'None'
[1.774s] Level 5:colcon.colcon_core.verb:set package 'lapin_bringup' build argument 'catkin_cmake_args' from command line to 'None'
[1.775s] Level 5:colcon.colcon_core.verb:set package 'lapin_bringup' build argument 'catkin_skip_building_tests' from command line to 'False'
[1.776s] DEBUG:colcon.colcon_core.verb:Building package 'lapin_bringup' with the following arguments: {'ament_cmake_args': None, 'build_base': '/home/ubuntu/lapin_ws/src/build/lapin_bringup', 'catkin_cmake_args': None, 'catkin_skip_building_tests': False, 'cmake_args': None, 'cmake_clean_cache': False, 'cmake_clean_first': False, 'cmake_force_configure': False, 'cmake_target': None, 'cmake_target_skip_unavailable': False, 'install_base': '/home/ubuntu/lapin_ws/src/install/lapin_bringup', 'merge_install': False, 'path': '/home/ubuntu/lapin_ws/src/lapin_bringup', 'symlink_install': False, 'test_result_base': None}
[1.799s] Level 5:colcon.colcon_core.verb:set package 'lapin_msgs' build argument 'cmake_args' from command line to 'None'
[1.800s] Level 5:colcon.colcon_core.verb:set package 'lapin_msgs' build argument 'cmake_target' from command line to 'None'
[1.800s] Level 5:colcon.colcon_core.verb:set package 'lapin_msgs' build argument 'cmake_target_skip_unavailable' from command line to 'False'
[1.801s] Level 5:colcon.colcon_core.verb:set package 'lapin_msgs' build argument 'cmake_clean_cache' from command line to 'False'
[1.801s] Level 5:colcon.colcon_core.verb:set package 'lapin_msgs' build argument 'cmake_clean_first' from command line to 'False'
[1.802s] Level 5:colcon.colcon_core.verb:set package 'lapin_msgs' build argument 'cmake_force_configure' from command line to 'False'
[1.802s] Level 5:colcon.colcon_core.verb:set package 'lapin_msgs' build argument 'ament_cmake_args' from command line to 'None'
[1.803s] Level 5:colcon.colcon_core.verb:set package 'lapin_msgs' build argument 'catkin_cmake_args' from command line to 'None'
[1.803s] Level 5:colcon.colcon_core.verb:set package 'lapin_msgs' build argument 'catkin_skip_building_tests' from command line to 'False'
[1.804s] DEBUG:colcon.colcon_core.verb:Building package 'lapin_msgs' with the following arguments: {'ament_cmake_args': None, 'build_base': '/home/ubuntu/lapin_ws/src/build/lapin_msgs', 'catkin_cmake_args': None, 'catkin_skip_building_tests': False, 'cmake_args': None, 'cmake_clean_cache': False, 'cmake_clean_first': False, 'cmake_force_configure': False, 'cmake_target': None, 'cmake_target_skip_unavailable': False, 'install_base': '/home/ubuntu/lapin_ws/src/install/lapin_msgs', 'merge_install': False, 'path': '/home/ubuntu/lapin_ws/src/lapin_msgs', 'symlink_install': False, 'test_result_base': None}
[1.829s] Level 5:colcon.colcon_core.verb:set package 'lapin_driver' build argument 'cmake_args' from command line to 'None'
[1.830s] Level 5:colcon.colcon_core.verb:set package 'lapin_driver' build argument 'cmake_target' from command line to 'None'
[1.830s] Level 5:colcon.colcon_core.verb:set package 'lapin_driver' build argument 'cmake_target_skip_unavailable' from command line to 'False'
[1.831s] Level 5:colcon.colcon_core.verb:set package 'lapin_driver' build argument 'cmake_clean_cache' from command line to 'False'
[1.832s] Level 5:colcon.colcon_core.verb:set package 'lapin_driver' build argument 'cmake_clean_first' from command line to 'False'
[1.832s] Level 5:colcon.colcon_core.verb:set package 'lapin_driver' build argument 'cmake_force_configure' from command line to 'False'
[1.833s] Level 5:colcon.colcon_core.verb:set package 'lapin_driver' build argument 'ament_cmake_args' from command line to 'None'
[1.833s] Level 5:colcon.colcon_core.verb:set package 'lapin_driver' build argument 'catkin_cmake_args' from command line to 'None'
[1.834s] Level 5:colcon.colcon_core.verb:set package 'lapin_driver' build argument 'catkin_skip_building_tests' from command line to 'False'
[1.834s] DEBUG:colcon.colcon_core.verb:Building package 'lapin_driver' with the following arguments: {'ament_cmake_args': None, 'build_base': '/home/ubuntu/lapin_ws/src/build/lapin_driver', 'catkin_cmake_args': None, 'catkin_skip_building_tests': False, 'cmake_args': None, 'cmake_clean_cache': False, 'cmake_clean_first': False, 'cmake_force_configure': False, 'cmake_target': None, 'cmake_target_skip_unavailable': False, 'install_base': '/home/ubuntu/lapin_ws/src/install/lapin_driver', 'merge_install': False, 'path': '/home/ubuntu/lapin_ws/src/lapin_driver', 'symlink_install': False, 'test_result_base': None}
[1.838s] INFO:colcon.colcon_core.executor:Executing jobs using 'parallel' executor
[1.854s] DEBUG:colcon.colcon_parallel_executor.executor.parallel:run_until_complete
[1.857s] INFO:colcon.colcon_ros.task.ament_cmake.build:Building ROS package in '/home/ubuntu/lapin_ws/src/lapin_msgs' with build type 'ament_cmake'
[1.891s] INFO:colcon.colcon_core.plugin_system:Skipping extension 'colcon_core.shell.bat': Not used on non-Windows systems
[1.893s] INFO:colcon.colcon_cmake.task.cmake.build:Building CMake package in '/home/ubuntu/lapin_ws/src/lapin_msgs'
[1.898s] INFO:colcon.colcon_core.shell:Skip shell extension 'powershell' for command environment: Not usable outside of PowerShell
[1.899s] DEBUG:colcon.colcon_core.shell:Skip shell extension 'dsv' for command environment
[1.922s] DEBUG:colcon.colcon_core.shell:Ignoring prefix path '/opt/ros/foxy'
[1.944s] INFO:colcon.colcon_ros.task.ament_python.build:Building ROS package in '/home/ubuntu/lapin_ws/src/lapin_bringup' with build type 'ament_python'
[1.946s] Level 1:colcon.colcon_core.shell:create_environment_hook('lapin_bringup', 'ament_prefix_path')
[1.957s] INFO:colcon.colcon_core.shell:Creating environment hook '/home/ubuntu/lapin_ws/src/install/lapin_bringup/share/lapin_bringup/hook/ament_prefix_path.ps1'
[1.964s] INFO:colcon.colcon_core.shell:Creating environment descriptor '/home/ubuntu/lapin_ws/src/install/lapin_bringup/share/lapin_bringup/hook/ament_prefix_path.dsv'
[1.969s] INFO:colcon.colcon_core.shell:Creating environment hook '/home/ubuntu/lapin_ws/src/install/lapin_bringup/share/lapin_bringup/hook/ament_prefix_path.sh'
[1.981s] INFO:colcon.colcon_core.shell:Skip shell extension 'powershell' for command environment: Not usable outside of PowerShell
[1.982s] DEBUG:colcon.colcon_core.shell:Skip shell extension 'dsv' for command environment
[1.998s] DEBUG:colcon.colcon_core.shell:Ignoring prefix path '/opt/ros/foxy'
[2.048s] DEBUG:colcon.colcon_core.event_handler.log_command:Invoking command in '/home/ubuntu/lapin_ws/src/build/lapin_msgs': CMAKE_PREFIX_PATH=${CMAKE_PREFIX_PATH}:/home/ubuntu/lapin_ws/install/lapin_driver:/opt/ros/foxy /usr/bin/cmake /home/ubuntu/lapin_ws/src/lapin_msgs -DCMAKE_INSTALL_PREFIX=/home/ubuntu/lapin_ws/src/install/lapin_msgs
[4.292s] INFO:colcon.colcon_core.task.python.build:Building Python package in '/home/ubuntu/lapin_ws/src/lapin_bringup'
[4.300s] INFO:colcon.colcon_core.shell:Skip shell extension 'powershell' for command environment: Not usable outside of PowerShell
[4.302s] DEBUG:colcon.colcon_core.shell:Skip shell extension 'dsv' for command environment
[4.332s] DEBUG:colcon.colcon_core.shell:Ignoring prefix path '/opt/ros/foxy'
[4.394s] DEBUG:colcon.colcon_core.event_handler.log_command:Invoking command in '/home/ubuntu/lapin_ws/src/build/lapin_bringup': PYTHONPATH=/home/ubuntu/lapin_ws/src/install/lapin_bringup/lib/python3.8/site-packages:${PYTHONPATH} /usr/bin/python3 setup.py develop --prefix /home/ubuntu/lapin_ws/src/install/lapin_bringup --uninstall --editable --build-directory /home/ubuntu/lapin_ws/src/build/lapin_bringup/build
[8.239s] DEBUG:colcon.colcon_core.event_handler.log_command:Invoked command in '/home/ubuntu/lapin_ws/src/build/lapin_bringup' returned '0': PYTHONPATH=/home/ubuntu/lapin_ws/src/install/lapin_bringup/lib/python3.8/site-packages:${PYTHONPATH} /usr/bin/python3 setup.py develop --prefix /home/ubuntu/lapin_ws/src/install/lapin_bringup --uninstall --editable --build-directory /home/ubuntu/lapin_ws/src/build/lapin_bringup/build
[8.246s] DEBUG:colcon.colcon_core.event_handler.log_command:Invoking command in '/home/ubuntu/lapin_ws/src/lapin_bringup': PYTHONPATH=/home/ubuntu/lapin_ws/src/install/lapin_bringup/lib/python3.8/site-packages:${PYTHONPATH} /usr/bin/python3 setup.py egg_info --egg-base /home/ubuntu/lapin_ws/src/build/lapin_bringup build --build-base /home/ubuntu/lapin_ws/src/build/lapin_bringup/build install --prefix /home/ubuntu/lapin_ws/src/install/lapin_bringup --record /home/ubuntu/lapin_ws/src/build/lapin_bringup/install.log --single-version-externally-managed
[11.263s] DEBUG:colcon.colcon_core.event_handler.log_command:Invoked command in '/home/ubuntu/lapin_ws/src/lapin_bringup' returned '0': PYTHONPATH=/home/ubuntu/lapin_ws/src/install/lapin_bringup/lib/python3.8/site-packages:${PYTHONPATH} /usr/bin/python3 setup.py egg_info --egg-base /home/ubuntu/lapin_ws/src/build/lapin_bringup build --build-base /home/ubuntu/lapin_ws/src/build/lapin_bringup/build install --prefix /home/ubuntu/lapin_ws/src/install/lapin_bringup --record /home/ubuntu/lapin_ws/src/build/lapin_bringup/install.log --single-version-externally-managed
[11.303s] Level 1:colcon.colcon_core.environment:checking '/home/ubuntu/lapin_ws/src/install/lapin_bringup' for CMake module files
[11.309s] Level 1:colcon.colcon_core.environment:checking '/home/ubuntu/lapin_ws/src/install/lapin_bringup' for CMake config files
[11.318s] Level 1:colcon.colcon_core.environment:checking '/home/ubuntu/lapin_ws/src/install/lapin_bringup/lib'
[11.321s] Level 1:colcon.colcon_core.environment:checking '/home/ubuntu/lapin_ws/src/install/lapin_bringup/bin'
[11.322s] Level 1:colcon.colcon_core.environment:checking '/home/ubuntu/lapin_ws/src/install/lapin_bringup/lib/pkgconfig/lapin_bringup.pc'
[11.323s] Level 1:colcon.colcon_core.environment:checking '/home/ubuntu/lapin_ws/src/install/lapin_bringup/lib/python3.8/site-packages'
[11.324s] Level 1:colcon.colcon_core.shell:create_environment_hook('lapin_bringup', 'pythonpath')
[11.331s] INFO:colcon.colcon_core.shell:Creating environment hook '/home/ubuntu/lapin_ws/src/install/lapin_bringup/share/lapin_bringup/hook/pythonpath.ps1'
[11.336s] INFO:colcon.colcon_core.shell:Creating environment descriptor '/home/ubuntu/lapin_ws/src/install/lapin_bringup/share/lapin_bringup/hook/pythonpath.dsv'
[11.341s] INFO:colcon.colcon_core.shell:Creating environment hook '/home/ubuntu/lapin_ws/src/install/lapin_bringup/share/lapin_bringup/hook/pythonpath.sh'
[11.347s] Level 1:colcon.colcon_core.environment:create_environment_scripts_only(lapin_bringup)
[11.356s] INFO:colcon.colcon_core.shell:Creating package script '/home/ubuntu/lapin_ws/src/install/lapin_bringup/share/lapin_bringup/package.ps1'
[11.366s] INFO:colcon.colcon_core.shell:Creating package descriptor '/home/ubuntu/lapin_ws/src/install/lapin_bringup/share/lapin_bringup/package.dsv'
[11.374s] INFO:colcon.colcon_core.shell:Creating package script '/home/ubuntu/lapin_ws/src/install/lapin_bringup/share/lapin_bringup/package.sh'
[11.384s] INFO:colcon.colcon_core.shell:Creating package script '/home/ubuntu/lapin_ws/src/install/lapin_bringup/share/lapin_bringup/package.bash'
[11.402s] INFO:colcon.colcon_core.shell:Creating package script '/home/ubuntu/lapin_ws/src/install/lapin_bringup/share/lapin_bringup/package.zsh'
[11.411s] Level 1:colcon.colcon_core.environment:create_file_with_runtime_dependencies(/home/ubuntu/lapin_ws/src/install/lapin_bringup/share/colcon-core/packages/lapin_bringup)
[12.770s] DEBUG:colcon.colcon_core.event_handler.log_command:Invoked command in '/home/ubuntu/lapin_ws/src/build/lapin_msgs' returned '0': CMAKE_PREFIX_PATH=${CMAKE_PREFIX_PATH}:/home/ubuntu/lapin_ws/install/lapin_driver:/opt/ros/foxy /usr/bin/cmake /home/ubuntu/lapin_ws/src/lapin_msgs -DCMAKE_INSTALL_PREFIX=/home/ubuntu/lapin_ws/src/install/lapin_msgs
[12.794s] DEBUG:colcon.colcon_core.event_handler.log_command:Invoking command in '/home/ubuntu/lapin_ws/src/build/lapin_msgs': CMAKE_PREFIX_PATH=${CMAKE_PREFIX_PATH}:/home/ubuntu/lapin_ws/install/lapin_driver:/opt/ros/foxy /usr/bin/cmake --build /home/ubuntu/lapin_ws/src/build/lapin_msgs -- -j4 -l4
[14.607s] DEBUG:colcon.colcon_core.event_handler.log_command:Invoked command in '/home/ubuntu/lapin_ws/src/build/lapin_msgs' returned '0': CMAKE_PREFIX_PATH=${CMAKE_PREFIX_PATH}:/home/ubuntu/lapin_ws/install/lapin_driver:/opt/ros/foxy /usr/bin/cmake --build /home/ubuntu/lapin_ws/src/build/lapin_msgs -- -j4 -l4
[15.310s] DEBUG:colcon.colcon_core.event_handler.log_command:Invoking command in '/home/ubuntu/lapin_ws/src/build/lapin_msgs': CMAKE_PREFIX_PATH=${CMAKE_PREFIX_PATH}:/home/ubuntu/lapin_ws/install/lapin_driver:/opt/ros/foxy /usr/bin/cmake --install /home/ubuntu/lapin_ws/src/build/lapin_msgs
[16.082s] Level 1:colcon.colcon_core.environment:create_environment_scripts_only(lapin_msgs)
[16.092s] Level 1:colcon.colcon_core.environment:checking '/home/ubuntu/lapin_ws/src/install/lapin_msgs' for CMake module files
[16.096s] DEBUG:colcon.colcon_core.event_handler.log_command:Invoked command in '/home/ubuntu/lapin_ws/src/build/lapin_msgs' returned '0': CMAKE_PREFIX_PATH=${CMAKE_PREFIX_PATH}:/home/ubuntu/lapin_ws/install/lapin_driver:/opt/ros/foxy /usr/bin/cmake --install /home/ubuntu/lapin_ws/src/build/lapin_msgs
[16.103s] Level 1:colcon.colcon_core.environment:checking '/home/ubuntu/lapin_ws/src/install/lapin_msgs' for CMake config files
[16.112s] Level 1:colcon.colcon_core.shell:create_environment_hook('lapin_msgs', 'cmake_prefix_path')
[16.117s] INFO:colcon.colcon_core.shell:Creating environment hook '/home/ubuntu/lapin_ws/src/install/lapin_msgs/share/lapin_msgs/hook/cmake_prefix_path.ps1'
[16.123s] INFO:colcon.colcon_core.shell:Creating environment descriptor '/home/ubuntu/lapin_ws/src/install/lapin_msgs/share/lapin_msgs/hook/cmake_prefix_path.dsv'
[16.128s] INFO:colcon.colcon_core.shell:Creating environment hook '/home/ubuntu/lapin_ws/src/install/lapin_msgs/share/lapin_msgs/hook/cmake_prefix_path.sh'
[16.134s] Level 1:colcon.colcon_core.environment:checking '/home/ubuntu/lapin_ws/src/install/lapin_msgs/lib'
[16.135s] Level 1:colcon.colcon_core.shell:create_environment_hook('lapin_msgs', 'ld_library_path_lib')
[16.142s] INFO:colcon.colcon_core.shell:Creating environment hook '/home/ubuntu/lapin_ws/src/install/lapin_msgs/share/lapin_msgs/hook/ld_library_path_lib.ps1'
[16.146s] INFO:colcon.colcon_core.shell:Creating environment descriptor '/home/ubuntu/lapin_ws/src/install/lapin_msgs/share/lapin_msgs/hook/ld_library_path_lib.dsv'
[16.150s] INFO:colcon.colcon_core.shell:Creating environment hook '/home/ubuntu/lapin_ws/src/install/lapin_msgs/share/lapin_msgs/hook/ld_library_path_lib.sh'
[16.154s] Level 1:colcon.colcon_core.environment:checking '/home/ubuntu/lapin_ws/src/install/lapin_msgs/bin'
[16.155s] Level 1:colcon.colcon_core.environment:checking '/home/ubuntu/lapin_ws/src/install/lapin_msgs/lib/pkgconfig/lapin_msgs.pc'
[16.156s] Level 1:colcon.colcon_core.environment:checking '/home/ubuntu/lapin_ws/src/install/lapin_msgs/lib/python3.8/site-packages'
[16.157s] Level 1:colcon.colcon_core.shell:create_environment_hook('lapin_msgs', 'pythonpath')
[16.163s] INFO:colcon.colcon_core.shell:Creating environment hook '/home/ubuntu/lapin_ws/src/install/lapin_msgs/share/lapin_msgs/hook/pythonpath.ps1'
[16.167s] INFO:colcon.colcon_core.shell:Creating environment descriptor '/home/ubuntu/lapin_ws/src/install/lapin_msgs/share/lapin_msgs/hook/pythonpath.dsv'
[16.171s] INFO:colcon.colcon_core.shell:Creating environment hook '/home/ubuntu/lapin_ws/src/install/lapin_msgs/share/lapin_msgs/hook/pythonpath.sh'
[16.182s] INFO:colcon.colcon_core.shell:Creating package script '/home/ubuntu/lapin_ws/src/install/lapin_msgs/share/lapin_msgs/package.ps1'
[16.188s] INFO:colcon.colcon_core.shell:Creating package descriptor '/home/ubuntu/lapin_ws/src/install/lapin_msgs/share/lapin_msgs/package.dsv'
[16.195s] INFO:colcon.colcon_core.shell:Creating package script '/home/ubuntu/lapin_ws/src/install/lapin_msgs/share/lapin_msgs/package.sh'
[16.200s] INFO:colcon.colcon_core.shell:Creating package script '/home/ubuntu/lapin_ws/src/install/lapin_msgs/share/lapin_msgs/package.bash'
[16.205s] INFO:colcon.colcon_core.shell:Creating package script '/home/ubuntu/lapin_ws/src/install/lapin_msgs/share/lapin_msgs/package.zsh'
[16.210s] Level 1:colcon.colcon_core.environment:create_file_with_runtime_dependencies(/home/ubuntu/lapin_ws/src/install/lapin_msgs/share/colcon-core/packages/lapin_msgs)
[16.214s] INFO:colcon.colcon_ros.task.ament_python.build:Building ROS package in '/home/ubuntu/lapin_ws/src/lapin_driver' with build type 'ament_python'
[16.216s] Level 1:colcon.colcon_core.shell:create_environment_hook('lapin_driver', 'ament_prefix_path')
[16.222s] INFO:colcon.colcon_core.shell:Creating environment hook '/home/ubuntu/lapin_ws/src/install/lapin_driver/share/lapin_driver/hook/ament_prefix_path.ps1'
[16.229s] INFO:colcon.colcon_core.shell:Creating environment descriptor '/home/ubuntu/lapin_ws/src/install/lapin_driver/share/lapin_driver/hook/ament_prefix_path.dsv'
[16.236s] INFO:colcon.colcon_core.shell:Creating environment hook '/home/ubuntu/lapin_ws/src/install/lapin_driver/share/lapin_driver/hook/ament_prefix_path.sh'
[16.245s] INFO:colcon.colcon_core.shell:Skip shell extension 'powershell' for command environment: Not usable outside of PowerShell
[16.245s] DEBUG:colcon.colcon_core.shell:Skip shell extension 'dsv' for command environment
[16.264s] DEBUG:colcon.colcon_core.shell:Ignoring prefix path '/opt/ros/foxy'
[18.243s] INFO:colcon.colcon_core.task.python.build:Building Python package in '/home/ubuntu/lapin_ws/src/lapin_driver'
[18.252s] INFO:colcon.colcon_core.shell:Skip shell extension 'powershell' for command environment: Not usable outside of PowerShell
[18.252s] DEBUG:colcon.colcon_core.shell:Skip shell extension 'dsv' for command environment
[18.273s] DEBUG:colcon.colcon_core.shell:Ignoring prefix path '/opt/ros/foxy'
[18.349s] DEBUG:colcon.colcon_core.event_handler.log_command:Invoking command in '/home/ubuntu/lapin_ws/src/build/lapin_driver': AMENT_PREFIX_PATH=/home/ubuntu/lapin_ws/src/install/lapin_msgs:${AMENT_PREFIX_PATH} CMAKE_PREFIX_PATH=/home/ubuntu/lapin_ws/src/install/lapin_msgs:${CMAKE_PREFIX_PATH} LD_LIBRARY_PATH=/home/ubuntu/lapin_ws/src/install/lapin_msgs/lib:${LD_LIBRARY_PATH} PYTHONPATH=/home/ubuntu/lapin_ws/src/install/lapin_driver/lib/python3.8/site-packages:/home/ubuntu/lapin_ws/src/install/lapin_msgs/lib/python3.8/site-packages:${PYTHONPATH} /usr/bin/python3 setup.py develop --prefix /home/ubuntu/lapin_ws/src/install/lapin_driver --uninstall --editable --build-directory /home/ubuntu/lapin_ws/src/build/lapin_driver/build
[21.667s] DEBUG:colcon.colcon_core.event_handler.log_command:Invoked command in '/home/ubuntu/lapin_ws/src/build/lapin_driver' returned '0': AMENT_PREFIX_PATH=/home/ubuntu/lapin_ws/src/install/lapin_msgs:${AMENT_PREFIX_PATH} CMAKE_PREFIX_PATH=/home/ubuntu/lapin_ws/src/install/lapin_msgs:${CMAKE_PREFIX_PATH} LD_LIBRARY_PATH=/home/ubuntu/lapin_ws/src/install/lapin_msgs/lib:${LD_LIBRARY_PATH} PYTHONPATH=/home/ubuntu/lapin_ws/src/install/lapin_driver/lib/python3.8/site-packages:/home/ubuntu/lapin_ws/src/install/lapin_msgs/lib/python3.8/site-packages:${PYTHONPATH} /usr/bin/python3 setup.py develop --prefix /home/ubuntu/lapin_ws/src/install/lapin_driver --uninstall --editable --build-directory /home/ubuntu/lapin_ws/src/build/lapin_driver/build
[21.673s] DEBUG:colcon.colcon_core.event_handler.log_command:Invoking command in '/home/ubuntu/lapin_ws/src/lapin_driver': AMENT_PREFIX_PATH=/home/ubuntu/lapin_ws/src/install/lapin_msgs:${AMENT_PREFIX_PATH} CMAKE_PREFIX_PATH=/home/ubuntu/lapin_ws/src/install/lapin_msgs:${CMAKE_PREFIX_PATH} LD_LIBRARY_PATH=/home/ubuntu/lapin_ws/src/install/lapin_msgs/lib:${LD_LIBRARY_PATH} PYTHONPATH=/home/ubuntu/lapin_ws/src/install/lapin_driver/lib/python3.8/site-packages:/home/ubuntu/lapin_ws/src/install/lapin_msgs/lib/python3.8/site-packages:${PYTHONPATH} /usr/bin/python3 setup.py egg_info --egg-base /home/ubuntu/lapin_ws/src/build/lapin_driver build --build-base /home/ubuntu/lapin_ws/src/build/lapin_driver/build install --prefix /home/ubuntu/lapin_ws/src/install/lapin_driver --record /home/ubuntu/lapin_ws/src/build/lapin_driver/install.log --single-version-externally-managed
[24.301s] Level 1:colcon.colcon_core.environment:checking '/home/ubuntu/lapin_ws/src/install/lapin_driver' for CMake module files
[24.307s] DEBUG:colcon.colcon_core.event_handler.log_command:Invoked command in '/home/ubuntu/lapin_ws/src/lapin_driver' returned '0': AMENT_PREFIX_PATH=/home/ubuntu/lapin_ws/src/install/lapin_msgs:${AMENT_PREFIX_PATH} CMAKE_PREFIX_PATH=/home/ubuntu/lapin_ws/src/install/lapin_msgs:${CMAKE_PREFIX_PATH} LD_LIBRARY_PATH=/home/ubuntu/lapin_ws/src/install/lapin_msgs/lib:${LD_LIBRARY_PATH} PYTHONPATH=/home/ubuntu/lapin_ws/src/install/lapin_driver/lib/python3.8/site-packages:/home/ubuntu/lapin_ws/src/install/lapin_msgs/lib/python3.8/site-packages:${PYTHONPATH} /usr/bin/python3 setup.py egg_info --egg-base /home/ubuntu/lapin_ws/src/build/lapin_driver build --build-base /home/ubuntu/lapin_ws/src/build/lapin_driver/build install --prefix /home/ubuntu/lapin_ws/src/install/lapin_driver --record /home/ubuntu/lapin_ws/src/build/lapin_driver/install.log --single-version-externally-managed
[24.311s] Level 1:colcon.colcon_core.environment:checking '/home/ubuntu/lapin_ws/src/install/lapin_driver' for CMake config files
[24.318s] Level 1:colcon.colcon_core.environment:checking '/home/ubuntu/lapin_ws/src/install/lapin_driver/lib'
[24.319s] Level 1:colcon.colcon_core.environment:checking '/home/ubuntu/lapin_ws/src/install/lapin_driver/bin'
[24.320s] Level 1:colcon.colcon_core.environment:checking '/home/ubuntu/lapin_ws/src/install/lapin_driver/lib/pkgconfig/lapin_driver.pc'
[24.321s] Level 1:colcon.colcon_core.environment:checking '/home/ubuntu/lapin_ws/src/install/lapin_driver/lib/python3.8/site-packages'
[24.322s] Level 1:colcon.colcon_core.shell:create_environment_hook('lapin_driver', 'pythonpath')
[24.327s] INFO:colcon.colcon_core.shell:Creating environment hook '/home/ubuntu/lapin_ws/src/install/lapin_driver/share/lapin_driver/hook/pythonpath.ps1'
[24.332s] INFO:colcon.colcon_core.shell:Creating environment descriptor '/home/ubuntu/lapin_ws/src/install/lapin_driver/share/lapin_driver/hook/pythonpath.dsv'
[24.336s] INFO:colcon.colcon_core.shell:Creating environment hook '/home/ubuntu/lapin_ws/src/install/lapin_driver/share/lapin_driver/hook/pythonpath.sh'
[24.341s] Level 1:colcon.colcon_core.environment:create_environment_scripts_only(lapin_driver)
[24.348s] INFO:colcon.colcon_core.shell:Creating package script '/home/ubuntu/lapin_ws/src/install/lapin_driver/share/lapin_driver/package.ps1'
[24.353s] INFO:colcon.colcon_core.shell:Creating package descriptor '/home/ubuntu/lapin_ws/src/install/lapin_driver/share/lapin_driver/package.dsv'
[24.360s] INFO:colcon.colcon_core.shell:Creating package script '/home/ubuntu/lapin_ws/src/install/lapin_driver/share/lapin_driver/package.sh'
[24.365s] INFO:colcon.colcon_core.shell:Creating package script '/home/ubuntu/lapin_ws/src/install/lapin_driver/share/lapin_driver/package.bash'
[24.370s] INFO:colcon.colcon_core.shell:Creating package script '/home/ubuntu/lapin_ws/src/install/lapin_driver/share/lapin_driver/package.zsh'
[24.374s] Level 1:colcon.colcon_core.environment:create_file_with_runtime_dependencies(/home/ubuntu/lapin_ws/src/install/lapin_driver/share/colcon-core/packages/lapin_driver)
[24.378s] DEBUG:colcon.colcon_parallel_executor.executor.parallel:closing loop
[24.381s] DEBUG:colcon.colcon_parallel_executor.executor.parallel:loop closed
[24.382s] DEBUG:colcon.colcon_parallel_executor.executor.parallel:run_until_complete finished with '0'
[24.385s] DEBUG:colcon.colcon_core.event_reactor:joining thread
[24.435s] INFO:colcon.colcon_core.plugin_system:Skipping extension 'colcon_notification.desktop_notification.notify_send': Could not find 'notify-send'
[24.436s] INFO:colcon.colcon_core.plugin_system:Skipping extension 'colcon_notification.desktop_notification.terminal_notifier': Not used on non-Darwin systems
[24.437s] INFO:colcon.colcon_core.plugin_system:Skipping extension 'colcon_notification.desktop_notification.win32': Not used on non-Windows systems
[24.438s] INFO:colcon.colcon_notification.desktop_notification:Sending desktop notification using 'notify2'
[24.443s] DEBUG:colcon.colcon_notification.desktop_notification.notify2:Failed to initialize notify2: org.freedesktop.DBus.Error.ServiceUnknown: The name org.freedesktop.Notifications was not provided by any .service files
[24.444s] DEBUG:colcon.colcon_core.event_reactor:joined thread
[24.450s] INFO:colcon.colcon_core.shell:Creating prefix script '/home/ubuntu/lapin_ws/src/install/local_setup.ps1'
[24.458s] INFO:colcon.colcon_core.shell:Creating prefix util module '/home/ubuntu/lapin_ws/src/install/_local_setup_util_ps1.py'
[24.471s] INFO:colcon.colcon_core.shell:Creating prefix chain script '/home/ubuntu/lapin_ws/src/install/setup.ps1'
[24.492s] INFO:colcon.colcon_core.shell:Creating prefix script '/home/ubuntu/lapin_ws/src/install/local_setup.sh'
[24.506s] INFO:colcon.colcon_core.shell:Creating prefix util module '/home/ubuntu/lapin_ws/src/install/_local_setup_util_sh.py'
[24.511s] INFO:colcon.colcon_core.shell:Creating prefix chain script '/home/ubuntu/lapin_ws/src/install/setup.sh'
[24.532s] INFO:colcon.colcon_core.shell:Creating prefix script '/home/ubuntu/lapin_ws/src/install/local_setup.bash'
[24.538s] INFO:colcon.colcon_core.shell:Creating prefix chain script '/home/ubuntu/lapin_ws/src/install/setup.bash'
[24.559s] INFO:colcon.colcon_core.shell:Creating prefix script '/home/ubuntu/lapin_ws/src/install/local_setup.zsh'
[24.564s] INFO:colcon.colcon_core.shell:Creating prefix chain script '/home/ubuntu/lapin_ws/src/install/setup.zsh'
