[2.161s] Invoking command in '/home/ubuntu/lapin_ws/src/build/lapin_bringup': AMENT_PREFIX_PATH=/home/ubuntu/lapin_ws/src/install/lapin_driver:/home/ubuntu/lapin_ws/src/install/lapin_msgs:${AMENT_PREFIX_PATH} CMAKE_PREFIX_PATH=/home/ubuntu/lapin_ws/src/install/lapin_msgs:${CMAKE_PREFIX_PATH} LD_LIBRARY_PATH=/home/ubuntu/lapin_ws/src/install/lapin_msgs/lib:${LD_LIBRARY_PATH} PYTHONPATH=/home/ubuntu/lapin_ws/src/install/lapin_bringup/lib/python3.8/site-packages:/home/ubuntu/lapin_ws/src/install/lapin_driver/lib/python3.8/site-packages:/home/ubuntu/lapin_ws/src/install/lapin_msgs/lib/python3.8/site-packages:${PYTHONPATH} /usr/bin/python3 setup.py develop --prefix /home/ubuntu/lapin_ws/src/install/lapin_bringup --uninstall --editable --build-directory /home/ubuntu/lapin_ws/src/build/lapin_bringup/build
[4.199s] running develop
[5.357s] Removing /home/ubuntu/lapin_ws/src/install/lapin_bringup/lib/python3.8/site-packages/lapin-bringup.egg-link (link to .)
[5.559s] Invoked command in '/home/ubuntu/lapin_ws/src/build/lapin_bringup' returned '0': AMENT_PREFIX_PATH=/home/ubuntu/lapin_ws/src/install/lapin_driver:/home/ubuntu/lapin_ws/src/install/lapin_msgs:${AMENT_PREFIX_PATH} CMAKE_PREFIX_PATH=/home/ubuntu/lapin_ws/src/install/lapin_msgs:${CMAKE_PREFIX_PATH} LD_LIBRARY_PATH=/home/ubuntu/lapin_ws/src/install/lapin_msgs/lib:${LD_LIBRARY_PATH} PYTHONPATH=/home/ubuntu/lapin_ws/src/install/lapin_bringup/lib/python3.8/site-packages:/home/ubuntu/lapin_ws/src/install/lapin_driver/lib/python3.8/site-packages:/home/ubuntu/lapin_ws/src/install/lapin_msgs/lib/python3.8/site-packages:${PYTHONPATH} /usr/bin/python3 setup.py develop --prefix /home/ubuntu/lapin_ws/src/install/lapin_bringup --uninstall --editable --build-directory /home/ubuntu/lapin_ws/src/build/lapin_bringup/build
[5.567s] Invoking command in '/home/ubuntu/lapin_ws/src/lapin_bringup': AMENT_PREFIX_PATH=/home/ubuntu/lapin_ws/src/install/lapin_driver:/home/ubuntu/lapin_ws/src/install/lapin_msgs:${AMENT_PREFIX_PATH} CMAKE_PREFIX_PATH=/home/ubuntu/lapin_ws/src/install/lapin_msgs:${CMAKE_PREFIX_PATH} LD_LIBRARY_PATH=/home/ubuntu/lapin_ws/src/install/lapin_msgs/lib:${LD_LIBRARY_PATH} PYTHONPATH=/home/ubuntu/lapin_ws/src/install/lapin_bringup/lib/python3.8/site-packages:/home/ubuntu/lapin_ws/src/install/lapin_driver/lib/python3.8/site-packages:/home/ubuntu/lapin_ws/src/install/lapin_msgs/lib/python3.8/site-packages:${PYTHONPATH} /usr/bin/python3 setup.py egg_info --egg-base /home/ubuntu/lapin_ws/src/build/lapin_bringup build --build-base /home/ubuntu/lapin_ws/src/build/lapin_bringup/build install --prefix /home/ubuntu/lapin_ws/src/install/lapin_bringup --record /home/ubuntu/lapin_ws/src/build/lapin_bringup/install.log --single-version-externally-managed
[8.145s] running egg_info
[8.151s] writing /home/ubuntu/lapin_ws/src/build/lapin_bringup/lapin_bringup.egg-info/PKG-INFO
[8.154s] writing dependency_links to /home/ubuntu/lapin_ws/src/build/lapin_bringup/lapin_bringup.egg-info/dependency_links.txt
[8.156s] writing entry points to /home/ubuntu/lapin_ws/src/build/lapin_bringup/lapin_bringup.egg-info/entry_points.txt
[8.158s] writing requirements to /home/ubuntu/lapin_ws/src/build/lapin_bringup/lapin_bringup.egg-info/requires.txt
[8.160s] writing top-level names to /home/ubuntu/lapin_ws/src/build/lapin_bringup/lapin_bringup.egg-info/top_level.txt
[8.450s] reading manifest file '/home/ubuntu/lapin_ws/src/build/lapin_bringup/lapin_bringup.egg-info/SOURCES.txt'
[8.463s] writing manifest file '/home/ubuntu/lapin_ws/src/build/lapin_bringup/lapin_bringup.egg-info/SOURCES.txt'
[8.464s] running build
[8.467s] running build_py
[8.468s] running install
[8.474s] running install_lib
[8.484s] creating /home/ubuntu/lapin_ws/src/install/lapin_bringup/lib/python3.8/site-packages/lapin_bringup
[8.485s] copying /home/ubuntu/lapin_ws/src/build/lapin_bringup/build/lib/lapin_bringup/__init__.py -> /home/ubuntu/lapin_ws/src/install/lapin_bringup/lib/python3.8/site-packages/lapin_bringup
[8.490s] byte-compiling /home/ubuntu/lapin_ws/src/install/lapin_bringup/lib/python3.8/site-packages/lapin_bringup/__init__.py to __init__.cpython-38.pyc
[8.501s] running install_data
[8.506s] running install_egg_info
[8.523s] Copying /home/ubuntu/lapin_ws/src/build/lapin_bringup/lapin_bringup.egg-info to /home/ubuntu/lapin_ws/src/install/lapin_bringup/lib/python3.8/site-packages/lapin_bringup-0.0.0-py3.8.egg-info
[8.540s] running install_scripts
[8.687s] writing list of installed files to '/home/ubuntu/lapin_ws/src/build/lapin_bringup/install.log'
[8.893s] Invoked command in '/home/ubuntu/lapin_ws/src/lapin_bringup' returned '0': AMENT_PREFIX_PATH=/home/ubuntu/lapin_ws/src/install/lapin_driver:/home/ubuntu/lapin_ws/src/install/lapin_msgs:${AMENT_PREFIX_PATH} CMAKE_PREFIX_PATH=/home/ubuntu/lapin_ws/src/install/lapin_msgs:${CMAKE_PREFIX_PATH} LD_LIBRARY_PATH=/home/ubuntu/lapin_ws/src/install/lapin_msgs/lib:${LD_LIBRARY_PATH} PYTHONPATH=/home/ubuntu/lapin_ws/src/install/lapin_bringup/lib/python3.8/site-packages:/home/ubuntu/lapin_ws/src/install/lapin_driver/lib/python3.8/site-packages:/home/ubuntu/lapin_ws/src/install/lapin_msgs/lib/python3.8/site-packages:${PYTHONPATH} /usr/bin/python3 setup.py egg_info --egg-base /home/ubuntu/lapin_ws/src/build/lapin_bringup build --build-base /home/ubuntu/lapin_ws/src/build/lapin_bringup/build install --prefix /home/ubuntu/lapin_ws/src/install/lapin_bringup --record /home/ubuntu/lapin_ws/src/build/lapin_bringup/install.log --single-version-externally-managed
