[0.126s] Invoking command in '/home/ubuntu/lapin_ws/src/build/lapin_msgs': CMAKE_PREFIX_PATH=${CMAKE_PREFIX_PATH}:/home/ubuntu/lapin_ws/install/lapin_driver:/opt/ros/foxy /usr/bin/cmake --build /home/ubuntu/lapin_ws/src/build/lapin_msgs -- -j4 -l4
[0.551s] [  2%] Built target lapin_msgs__cpp
[0.582s] [ 12%] Built target lapin_msgs__rosidl_generator_c
[0.783s] [ 33%] Built target lapin_msgs__rosidl_typesupport_c
[0.788s] [ 33%] Built target lapin_msgs__rosidl_typesupport_introspection_cpp
[0.800s] [ 43%] Built target lapin_msgs__rosidl_typesupport_cpp
[0.828s] [ 53%] Built target lapin_msgs__rosidl_typesupport_fastrtps_cpp
[1.008s] [ 64%] Built target lapin_msgs__rosidl_typesupport_introspection_c
[1.060s] [ 74%] Built target lapin_msgs__rosidl_typesupport_fastrtps_c
[1.218s] [ 74%] Built target lapin_msgs
[1.381s] [ 76%] Built target lapin_msgs__py
[1.591s] [ 84%] Built target lapin_msgs__python
[1.819s] [ 94%] Built target lapin_msgs__rosidl_typesupport_c__pyext
[1.822s] [ 94%] Built target lapin_msgs__rosidl_typesupport_introspection_c__pyext
[1.829s] [100%] Built target lapin_msgs__rosidl_typesupport_fastrtps_c__pyext
[1.916s] Invoked command in '/home/ubuntu/lapin_ws/src/build/lapin_msgs' returned '0': CMAKE_PREFIX_PATH=${CMAKE_PREFIX_PATH}:/home/ubuntu/lapin_ws/install/lapin_driver:/opt/ros/foxy /usr/bin/cmake --build /home/ubuntu/lapin_ws/src/build/lapin_msgs -- -j4 -l4
[2.632s] Invoking command in '/home/ubuntu/lapin_ws/src/build/lapin_msgs': CMAKE_PREFIX_PATH=${CMAKE_PREFIX_PATH}:/home/ubuntu/lapin_ws/install/lapin_driver:/opt/ros/foxy /usr/bin/cmake --install /home/ubuntu/lapin_ws/src/build/lapin_msgs
[2.695s] -- Install configuration: ""
[2.700s] -- Execute custom install script
[2.705s] -- Up-to-date symlink: /home/ubuntu/lapin_ws/src/install/lapin_msgs/share/ament_index/resource_index/rosidl_interfaces/lapin_msgs
[2.710s] -- Up-to-date symlink: /home/ubuntu/lapin_ws/src/install/lapin_msgs/include/lapin_msgs/msg/cmd_bip.h
[2.713s] -- Up-to-date symlink: /home/ubuntu/lapin_ws/src/install/lapin_msgs/include/lapin_msgs/msg/detail/cmd_bip__functions.h
[2.715s] -- Up-to-date symlink: /home/ubuntu/lapin_ws/src/install/lapin_msgs/include/lapin_msgs/msg/detail/cmd_bip__struct.h
[2.718s] -- Up-to-date symlink: /home/ubuntu/lapin_ws/src/install/lapin_msgs/include/lapin_msgs/msg/detail/cmd_bip__type_support.h
[2.721s] -- Up-to-date symlink: /home/ubuntu/lapin_ws/src/install/lapin_msgs/include/lapin_msgs/msg/detail/feet__functions.h
[2.723s] -- Up-to-date symlink: /home/ubuntu/lapin_ws/src/install/lapin_msgs/include/lapin_msgs/msg/detail/feet__struct.h
[2.726s] -- Up-to-date symlink: /home/ubuntu/lapin_ws/src/install/lapin_msgs/include/lapin_msgs/msg/detail/feet__type_support.h
[2.729s] -- Up-to-date symlink: /home/ubuntu/lapin_ws/src/install/lapin_msgs/include/lapin_msgs/msg/feet.h
[2.731s] -- Up-to-date symlink: /home/ubuntu/lapin_ws/src/install/lapin_msgs/include/lapin_msgs/msg/rosidl_generator_c__visibility_control.h
[2.735s] -- Up-to-date symlink: /home/ubuntu/lapin_ws/src/install/lapin_msgs/share/lapin_msgs/environment/library_path.sh
[2.738s] -- Up-to-date symlink: /home/ubuntu/lapin_ws/src/install/lapin_msgs/share/lapin_msgs/environment/library_path.dsv
[2.746s] -- Up-to-date symlink: /home/ubuntu/lapin_ws/src/install/lapin_msgs/include/lapin_msgs/msg/detail/cmd_bip__rosidl_typesupport_fastrtps_c.h
[2.749s] -- Up-to-date symlink: /home/ubuntu/lapin_ws/src/install/lapin_msgs/include/lapin_msgs/msg/detail/feet__rosidl_typesupport_fastrtps_c.h
[2.752s] -- Up-to-date symlink: /home/ubuntu/lapin_ws/src/install/lapin_msgs/include/lapin_msgs/msg/rosidl_typesupport_fastrtps_c__visibility_control.h
[2.757s] -- Up-to-date symlink: /home/ubuntu/lapin_ws/src/install/lapin_msgs/lib/liblapin_msgs__rosidl_typesupport_fastrtps_c.so
[2.765s] -- Up-to-date symlink: /home/ubuntu/lapin_ws/src/install/lapin_msgs/include/lapin_msgs/msg/detail/cmd_bip__rosidl_typesupport_fastrtps_cpp.hpp
[2.768s] -- Up-to-date symlink: /home/ubuntu/lapin_ws/src/install/lapin_msgs/include/lapin_msgs/msg/detail/feet__rosidl_typesupport_fastrtps_cpp.hpp
[2.772s] -- Up-to-date symlink: /home/ubuntu/lapin_ws/src/install/lapin_msgs/include/lapin_msgs/msg/rosidl_typesupport_fastrtps_cpp__visibility_control.h
[2.776s] -- Up-to-date symlink: /home/ubuntu/lapin_ws/src/install/lapin_msgs/lib/liblapin_msgs__rosidl_typesupport_fastrtps_cpp.so
[2.782s] -- Up-to-date symlink: /home/ubuntu/lapin_ws/src/install/lapin_msgs/include/lapin_msgs/msg/detail/cmd_bip__rosidl_typesupport_introspection_c.h
[2.785s] -- Up-to-date symlink: /home/ubuntu/lapin_ws/src/install/lapin_msgs/include/lapin_msgs/msg/detail/feet__rosidl_typesupport_introspection_c.h
[2.787s] -- Up-to-date symlink: /home/ubuntu/lapin_ws/src/install/lapin_msgs/include/lapin_msgs/msg/rosidl_typesupport_introspection_c__visibility_control.h
[2.793s] -- Up-to-date symlink: /home/ubuntu/lapin_ws/src/install/lapin_msgs/include/lapin_msgs/msg/cmd_bip.hpp
[2.796s] -- Up-to-date symlink: /home/ubuntu/lapin_ws/src/install/lapin_msgs/include/lapin_msgs/msg/detail/cmd_bip__builder.hpp
[2.798s] -- Up-to-date symlink: /home/ubuntu/lapin_ws/src/install/lapin_msgs/include/lapin_msgs/msg/detail/cmd_bip__struct.hpp
[2.802s] -- Up-to-date symlink: /home/ubuntu/lapin_ws/src/install/lapin_msgs/include/lapin_msgs/msg/detail/cmd_bip__traits.hpp
[2.804s] -- Up-to-date symlink: /home/ubuntu/lapin_ws/src/install/lapin_msgs/include/lapin_msgs/msg/detail/feet__builder.hpp
[2.806s] -- Up-to-date symlink: /home/ubuntu/lapin_ws/src/install/lapin_msgs/include/lapin_msgs/msg/detail/feet__struct.hpp
[2.809s] -- Up-to-date symlink: /home/ubuntu/lapin_ws/src/install/lapin_msgs/include/lapin_msgs/msg/detail/feet__traits.hpp
[2.811s] -- Up-to-date symlink: /home/ubuntu/lapin_ws/src/install/lapin_msgs/include/lapin_msgs/msg/feet.hpp
[2.818s] -- Up-to-date symlink: /home/ubuntu/lapin_ws/src/install/lapin_msgs/include/lapin_msgs/msg/detail/cmd_bip__rosidl_typesupport_introspection_cpp.hpp
[2.820s] -- Up-to-date symlink: /home/ubuntu/lapin_ws/src/install/lapin_msgs/include/lapin_msgs/msg/detail/feet__rosidl_typesupport_introspection_cpp.hpp
[2.825s] -- Up-to-date symlink: /home/ubuntu/lapin_ws/src/install/lapin_msgs/share/lapin_msgs/environment/pythonpath.sh
[2.828s] -- Up-to-date symlink: /home/ubuntu/lapin_ws/src/install/lapin_msgs/share/lapin_msgs/environment/pythonpath.dsv
[2.831s] -- Up-to-date symlink: /home/ubuntu/lapin_ws/src/install/lapin_msgs/lib/python3.8/site-packages/lapin_msgs/__init__.py
[2.836s] -- Up-to-date symlink: /home/ubuntu/lapin_ws/src/install/lapin_msgs/lib/python3.8/site-packages/lapin_msgs/msg/__init__.py
[2.839s] -- Up-to-date symlink: /home/ubuntu/lapin_ws/src/install/lapin_msgs/lib/python3.8/site-packages/lapin_msgs/msg/_cmd_bip.py
[2.844s] -- Up-to-date symlink: /home/ubuntu/lapin_ws/src/install/lapin_msgs/lib/python3.8/site-packages/lapin_msgs/msg/_feet.py
[2.848s] -- Up-to-date symlink: /home/ubuntu/lapin_ws/src/install/lapin_msgs/lib/python3.8/site-packages/lapin_msgs/lapin_msgs_s__rosidl_typesupport_fastrtps_c.cpython-38-aarch64-linux-gnu.so
[2.852s] -- Up-to-date symlink: /home/ubuntu/lapin_ws/src/install/lapin_msgs/lib/python3.8/site-packages/lapin_msgs/lapin_msgs_s__rosidl_typesupport_introspection_c.cpython-38-aarch64-linux-gnu.so
[2.858s] -- Up-to-date symlink: /home/ubuntu/lapin_ws/src/install/lapin_msgs/lib/python3.8/site-packages/lapin_msgs/lapin_msgs_s__rosidl_typesupport_c.cpython-38-aarch64-linux-gnu.so
[2.862s] -- Up-to-date symlink: /home/ubuntu/lapin_ws/src/install/lapin_msgs/lib/liblapin_msgs__python.so
[2.866s] -- Up-to-date symlink: /home/ubuntu/lapin_ws/src/install/lapin_msgs/share/lapin_msgs/msg/Feet.idl
[2.869s] -- Up-to-date symlink: /home/ubuntu/lapin_ws/src/install/lapin_msgs/share/lapin_msgs/msg/CmdBip.idl
[2.872s] -- Up-to-date symlink: /home/ubuntu/lapin_ws/src/install/lapin_msgs/share/lapin_msgs/msg/Feet.msg
[2.875s] -- Up-to-date symlink: /home/ubuntu/lapin_ws/src/install/lapin_msgs/share/lapin_msgs/msg/CmdBip.msg
[2.878s] -- Up-to-date symlink: /home/ubuntu/lapin_ws/src/install/lapin_msgs/share/ament_index/resource_index/package_run_dependencies/lapin_msgs
[2.882s] -- Up-to-date symlink: /home/ubuntu/lapin_ws/src/install/lapin_msgs/share/ament_index/resource_index/parent_prefix_path/lapin_msgs
[2.885s] -- Up-to-date symlink: /home/ubuntu/lapin_ws/src/install/lapin_msgs/share/lapin_msgs/environment/ament_prefix_path.sh
[2.888s] -- Up-to-date symlink: /home/ubuntu/lapin_ws/src/install/lapin_msgs/share/lapin_msgs/environment/ament_prefix_path.dsv
[2.892s] -- Up-to-date symlink: /home/ubuntu/lapin_ws/src/install/lapin_msgs/share/lapin_msgs/environment/path.sh
[2.895s] -- Up-to-date symlink: /home/ubuntu/lapin_ws/src/install/lapin_msgs/share/lapin_msgs/environment/path.dsv
[2.898s] -- Up-to-date symlink: /home/ubuntu/lapin_ws/src/install/lapin_msgs/share/lapin_msgs/local_setup.bash
[2.901s] -- Up-to-date symlink: /home/ubuntu/lapin_ws/src/install/lapin_msgs/share/lapin_msgs/local_setup.sh
[2.904s] -- Up-to-date symlink: /home/ubuntu/lapin_ws/src/install/lapin_msgs/share/lapin_msgs/local_setup.zsh
[2.907s] -- Up-to-date symlink: /home/ubuntu/lapin_ws/src/install/lapin_msgs/share/lapin_msgs/local_setup.dsv
[2.910s] -- Symlinking: /home/ubuntu/lapin_ws/src/install/lapin_msgs/share/lapin_msgs/package.dsv
[2.981s] -- Up-to-date symlink: /home/ubuntu/lapin_ws/src/install/lapin_msgs/share/ament_index/resource_index/packages/lapin_msgs
[2.984s] -- Up-to-date symlink: /home/ubuntu/lapin_ws/src/install/lapin_msgs/share/lapin_msgs/cmake/rosidl_cmake-extras.cmake
[2.988s] -- Up-to-date symlink: /home/ubuntu/lapin_ws/src/install/lapin_msgs/share/lapin_msgs/cmake/ament_cmake_export_dependencies-extras.cmake
[2.991s] -- Up-to-date symlink: /home/ubuntu/lapin_ws/src/install/lapin_msgs/share/lapin_msgs/cmake/ament_cmake_export_libraries-extras.cmake
[2.994s] -- Up-to-date symlink: /home/ubuntu/lapin_ws/src/install/lapin_msgs/share/lapin_msgs/cmake/ament_cmake_export_targets-extras.cmake
[2.997s] -- Up-to-date symlink: /home/ubuntu/lapin_ws/src/install/lapin_msgs/share/lapin_msgs/cmake/ament_cmake_export_include_directories-extras.cmake
[3.000s] -- Up-to-date symlink: /home/ubuntu/lapin_ws/src/install/lapin_msgs/share/lapin_msgs/cmake/rosidl_cmake_export_typesupport_libraries-extras.cmake
[3.004s] -- Up-to-date symlink: /home/ubuntu/lapin_ws/src/install/lapin_msgs/share/lapin_msgs/cmake/rosidl_cmake_export_typesupport_targets-extras.cmake
[3.007s] -- Up-to-date symlink: /home/ubuntu/lapin_ws/src/install/lapin_msgs/share/lapin_msgs/cmake/lapin_msgsConfig.cmake
[3.009s] -- Up-to-date symlink: /home/ubuntu/lapin_ws/src/install/lapin_msgs/share/lapin_msgs/cmake/lapin_msgsConfig-version.cmake
[3.012s] -- Up-to-date symlink: /home/ubuntu/lapin_ws/src/install/lapin_msgs/share/lapin_msgs/package.xml
[3.015s] -- Up-to-date: /home/ubuntu/lapin_ws/src/install/lapin_msgs/lib/liblapin_msgs__rosidl_generator_c.so
[3.025s] -- Up-to-date: /home/ubuntu/lapin_ws/src/install/lapin_msgs/lib/liblapin_msgs__rosidl_typesupport_introspection_c.so
[3.026s] -- Up-to-date: /home/ubuntu/lapin_ws/src/install/lapin_msgs/lib/liblapin_msgs__rosidl_typesupport_c.so
[3.029s] -- Up-to-date: /home/ubuntu/lapin_ws/src/install/lapin_msgs/lib/liblapin_msgs__rosidl_typesupport_introspection_cpp.so
[3.033s] -- Up-to-date: /home/ubuntu/lapin_ws/src/install/lapin_msgs/lib/liblapin_msgs__rosidl_typesupport_cpp.so
[3.357s] -- Up-to-date: /home/ubuntu/lapin_ws/src/install/lapin_msgs/share/lapin_msgs/cmake/lapin_msgs__rosidl_generator_cExport.cmake
[3.359s] -- Up-to-date: /home/ubuntu/lapin_ws/src/install/lapin_msgs/share/lapin_msgs/cmake/lapin_msgs__rosidl_generator_cExport-noconfig.cmake
[3.361s] -- Up-to-date: /home/ubuntu/lapin_ws/src/install/lapin_msgs/share/lapin_msgs/cmake/lapin_msgs__rosidl_typesupport_introspection_cExport.cmake
[3.362s] -- Up-to-date: /home/ubuntu/lapin_ws/src/install/lapin_msgs/share/lapin_msgs/cmake/lapin_msgs__rosidl_typesupport_introspection_cExport-noconfig.cmake
[3.364s] -- Up-to-date: /home/ubuntu/lapin_ws/src/install/lapin_msgs/share/lapin_msgs/cmake/lapin_msgs__rosidl_typesupport_cExport.cmake
[3.366s] -- Up-to-date: /home/ubuntu/lapin_ws/src/install/lapin_msgs/share/lapin_msgs/cmake/lapin_msgs__rosidl_typesupport_cExport-noconfig.cmake
[3.368s] -- Up-to-date: /home/ubuntu/lapin_ws/src/install/lapin_msgs/share/lapin_msgs/cmake/lapin_msgs__rosidl_generator_cppExport.cmake
[3.370s] -- Up-to-date: /home/ubuntu/lapin_ws/src/install/lapin_msgs/share/lapin_msgs/cmake/lapin_msgs__rosidl_typesupport_introspection_cppExport.cmake
[3.372s] -- Up-to-date: /home/ubuntu/lapin_ws/src/install/lapin_msgs/share/lapin_msgs/cmake/lapin_msgs__rosidl_typesupport_introspection_cppExport-noconfig.cmake
[3.374s] -- Up-to-date: /home/ubuntu/lapin_ws/src/install/lapin_msgs/share/lapin_msgs/cmake/lapin_msgs__rosidl_typesupport_cppExport.cmake
[3.375s] -- Up-to-date: /home/ubuntu/lapin_ws/src/install/lapin_msgs/share/lapin_msgs/cmake/lapin_msgs__rosidl_typesupport_cppExport-noconfig.cmake
[3.392s] Invoked command in '/home/ubuntu/lapin_ws/src/build/lapin_msgs' returned '0': CMAKE_PREFIX_PATH=${CMAKE_PREFIX_PATH}:/home/ubuntu/lapin_ws/install/lapin_driver:/opt/ros/foxy /usr/bin/cmake --install /home/ubuntu/lapin_ws/src/build/lapin_msgs
