[2.204s] Invoking command in '/home/ubuntu/lapin_ws/src/build/lapin_bringup': AMENT_PREFIX_PATH=/home/ubuntu/lapin_ws/src/install/lapin_driver:/home/ubuntu/lapin_ws/src/install/lapin_msgs:${AMENT_PREFIX_PATH} CMAKE_PREFIX_PATH=/home/ubuntu/lapin_ws/src/install/lapin_msgs:${CMAKE_PREFIX_PATH} LD_LIBRARY_PATH=/home/ubuntu/lapin_ws/src/install/lapin_msgs/lib:${LD_LIBRARY_PATH} PYTHONPATH=/home/ubuntu/lapin_ws/src/install/lapin_bringup/lib/python3.8/site-packages:/home/ubuntu/lapin_ws/src/install/lapin_driver/lib/python3.8/site-packages:/home/ubuntu/lapin_ws/src/install/lapin_msgs/lib/python3.8/site-packages:${PYTHONPATH} /usr/bin/python3 setup.py develop --prefix /home/ubuntu/lapin_ws/src/install/lapin_bringup --uninstall --editable --build-directory /home/ubuntu/lapin_ws/src/build/lapin_bringup/build
[4.247s] running develop
[5.622s] Invoked command in '/home/ubuntu/lapin_ws/src/build/lapin_bringup' returned '0': AMENT_PREFIX_PATH=/home/ubuntu/lapin_ws/src/install/lapin_driver:/home/ubuntu/lapin_ws/src/install/lapin_msgs:${AMENT_PREFIX_PATH} CMAKE_PREFIX_PATH=/home/ubuntu/lapin_ws/src/install/lapin_msgs:${CMAKE_PREFIX_PATH} LD_LIBRARY_PATH=/home/ubuntu/lapin_ws/src/install/lapin_msgs/lib:${LD_LIBRARY_PATH} PYTHONPATH=/home/ubuntu/lapin_ws/src/install/lapin_bringup/lib/python3.8/site-packages:/home/ubuntu/lapin_ws/src/install/lapin_driver/lib/python3.8/site-packages:/home/ubuntu/lapin_ws/src/install/lapin_msgs/lib/python3.8/site-packages:${PYTHONPATH} /usr/bin/python3 setup.py develop --prefix /home/ubuntu/lapin_ws/src/install/lapin_bringup --uninstall --editable --build-directory /home/ubuntu/lapin_ws/src/build/lapin_bringup/build
[5.636s] Invoking command in '/home/ubuntu/lapin_ws/src/lapin_bringup': AMENT_PREFIX_PATH=/home/ubuntu/lapin_ws/src/install/lapin_driver:/home/ubuntu/lapin_ws/src/install/lapin_msgs:${AMENT_PREFIX_PATH} CMAKE_PREFIX_PATH=/home/ubuntu/lapin_ws/src/install/lapin_msgs:${CMAKE_PREFIX_PATH} LD_LIBRARY_PATH=/home/ubuntu/lapin_ws/src/install/lapin_msgs/lib:${LD_LIBRARY_PATH} PYTHONPATH=/home/ubuntu/lapin_ws/src/install/lapin_bringup/lib/python3.8/site-packages:/home/ubuntu/lapin_ws/src/install/lapin_driver/lib/python3.8/site-packages:/home/ubuntu/lapin_ws/src/install/lapin_msgs/lib/python3.8/site-packages:${PYTHONPATH} /usr/bin/python3 setup.py egg_info --egg-base /home/ubuntu/lapin_ws/src/build/lapin_bringup build --build-base /home/ubuntu/lapin_ws/src/build/lapin_bringup/build install --prefix /home/ubuntu/lapin_ws/src/install/lapin_bringup --record /home/ubuntu/lapin_ws/src/build/lapin_bringup/install.log --single-version-externally-managed
[7.497s] running egg_info
[7.503s] writing /home/ubuntu/lapin_ws/src/build/lapin_bringup/lapin_bringup.egg-info/PKG-INFO
[7.508s] writing dependency_links to /home/ubuntu/lapin_ws/src/build/lapin_bringup/lapin_bringup.egg-info/dependency_links.txt
[7.510s] writing entry points to /home/ubuntu/lapin_ws/src/build/lapin_bringup/lapin_bringup.egg-info/entry_points.txt
[7.512s] writing requirements to /home/ubuntu/lapin_ws/src/build/lapin_bringup/lapin_bringup.egg-info/requires.txt
[7.514s] writing top-level names to /home/ubuntu/lapin_ws/src/build/lapin_bringup/lapin_bringup.egg-info/top_level.txt
[7.806s] reading manifest file '/home/ubuntu/lapin_ws/src/build/lapin_bringup/lapin_bringup.egg-info/SOURCES.txt'
[7.817s] writing manifest file '/home/ubuntu/lapin_ws/src/build/lapin_bringup/lapin_bringup.egg-info/SOURCES.txt'
[7.819s] running build
[7.821s] running build_py
[7.823s] running install
[7.828s] running install_lib
[7.841s] running install_data
[7.847s] copying launch/base.launch.py -> /home/ubuntu/lapin_ws/src/install/lapin_bringup/share/lapin_bringup
[7.849s] running install_egg_info
[7.864s] removing '/home/ubuntu/lapin_ws/src/install/lapin_bringup/lib/python3.8/site-packages/lapin_bringup-0.0.0-py3.8.egg-info' (and everything under it)
[7.869s] Copying /home/ubuntu/lapin_ws/src/build/lapin_bringup/lapin_bringup.egg-info to /home/ubuntu/lapin_ws/src/install/lapin_bringup/lib/python3.8/site-packages/lapin_bringup-0.0.0-py3.8.egg-info
[7.882s] running install_scripts
[8.025s] writing list of installed files to '/home/ubuntu/lapin_ws/src/build/lapin_bringup/install.log'
[8.225s] Invoked command in '/home/ubuntu/lapin_ws/src/lapin_bringup' returned '0': AMENT_PREFIX_PATH=/home/ubuntu/lapin_ws/src/install/lapin_driver:/home/ubuntu/lapin_ws/src/install/lapin_msgs:${AMENT_PREFIX_PATH} CMAKE_PREFIX_PATH=/home/ubuntu/lapin_ws/src/install/lapin_msgs:${CMAKE_PREFIX_PATH} LD_LIBRARY_PATH=/home/ubuntu/lapin_ws/src/install/lapin_msgs/lib:${LD_LIBRARY_PATH} PYTHONPATH=/home/ubuntu/lapin_ws/src/install/lapin_bringup/lib/python3.8/site-packages:/home/ubuntu/lapin_ws/src/install/lapin_driver/lib/python3.8/site-packages:/home/ubuntu/lapin_ws/src/install/lapin_msgs/lib/python3.8/site-packages:${PYTHONPATH} /usr/bin/python3 setup.py egg_info --egg-base /home/ubuntu/lapin_ws/src/build/lapin_bringup build --build-base /home/ubuntu/lapin_ws/src/build/lapin_bringup/build install --prefix /home/ubuntu/lapin_ws/src/install/lapin_bringup --record /home/ubuntu/lapin_ws/src/build/lapin_bringup/install.log --single-version-externally-managed
