running develop
running egg_info
writing /home/ubuntu/lapin_ws/src/build/lapin_bringup/lapin_bringup.egg-info/PKG-INFO
writing dependency_links to /home/ubuntu/lapin_ws/src/build/lapin_bringup/lapin_bringup.egg-info/dependency_links.txt
writing entry points to /home/ubuntu/lapin_ws/src/build/lapin_bringup/lapin_bringup.egg-info/entry_points.txt
writing requirements to /home/ubuntu/lapin_ws/src/build/lapin_bringup/lapin_bringup.egg-info/requires.txt
writing top-level names to /home/ubuntu/lapin_ws/src/build/lapin_bringup/lapin_bringup.egg-info/top_level.txt
reading manifest file '/home/ubuntu/lapin_ws/src/build/lapin_bringup/lapin_bringup.egg-info/SOURCES.txt'
writing manifest file '/home/ubuntu/lapin_ws/src/build/lapin_bringup/lapin_bringup.egg-info/SOURCES.txt'
running build
running build_py
running install
running install_lib
running install_data
copying package.xml -> /home/ubuntu/lapin_ws/src/install/lapin_bringup/share/lapin_bringup
running install_egg_info
removing '/home/ubuntu/lapin_ws/src/install/lapin_bringup/lib/python3.8/site-packages/lapin_bringup-0.0.0-py3.8.egg-info' (and everything under it)
Copying /home/ubuntu/lapin_ws/src/build/lapin_bringup/lapin_bringup.egg-info to /home/ubuntu/lapin_ws/src/install/lapin_bringup/lib/python3.8/site-packages/lapin_bringup-0.0.0-py3.8.egg-info
running install_scripts
writing list of installed files to '/home/ubuntu/lapin_ws/src/build/lapin_bringup/install.log'
