running develop
Removing /home/ubuntu/lapin_ws/src/install/lapin_bringup/lib/python3.8/site-packages/lapin-bringup.egg-link (link to .)
running egg_info
writing /home/ubuntu/lapin_ws/src/build/lapin_bringup/lapin_bringup.egg-info/PKG-INFO
writing dependency_links to /home/ubuntu/lapin_ws/src/build/lapin_bringup/lapin_bringup.egg-info/dependency_links.txt
writing entry points to /home/ubuntu/lapin_ws/src/build/lapin_bringup/lapin_bringup.egg-info/entry_points.txt
writing requirements to /home/ubuntu/lapin_ws/src/build/lapin_bringup/lapin_bringup.egg-info/requires.txt
writing top-level names to /home/ubuntu/lapin_ws/src/build/lapin_bringup/lapin_bringup.egg-info/top_level.txt
reading manifest file '/home/ubuntu/lapin_ws/src/build/lapin_bringup/lapin_bringup.egg-info/SOURCES.txt'
writing manifest file '/home/ubuntu/lapin_ws/src/build/lapin_bringup/lapin_bringup.egg-info/SOURCES.txt'
running build
running build_py
creating /home/ubuntu/lapin_ws/src/build/lapin_bringup/build
creating /home/ubuntu/lapin_ws/src/build/lapin_bringup/build/lib
creating /home/ubuntu/lapin_ws/src/build/lapin_bringup/build/lib/lapin_bringup
copying lapin_bringup/__init__.py -> /home/ubuntu/lapin_ws/src/build/lapin_bringup/build/lib/lapin_bringup
running install
running install_lib
creating /home/ubuntu/lapin_ws/src/install/lapin_bringup/lib/python3.8/site-packages/lapin_bringup
copying /home/ubuntu/lapin_ws/src/build/lapin_bringup/build/lib/lapin_bringup/__init__.py -> /home/ubuntu/lapin_ws/src/install/lapin_bringup/lib/python3.8/site-packages/lapin_bringup
byte-compiling /home/ubuntu/lapin_ws/src/install/lapin_bringup/lib/python3.8/site-packages/lapin_bringup/__init__.py to __init__.cpython-38.pyc
running install_data
running install_egg_info
Copying /home/ubuntu/lapin_ws/src/build/lapin_bringup/lapin_bringup.egg-info to /home/ubuntu/lapin_ws/src/install/lapin_bringup/lib/python3.8/site-packages/lapin_bringup-0.0.0-py3.8.egg-info
running install_scripts
writing list of installed files to '/home/ubuntu/lapin_ws/src/build/lapin_bringup/install.log'
