[0.197s] Invoking command in '/home/ubuntu/lapin_ws/src/build/lapin_msgs': CMAKE_PREFIX_PATH=${CMAKE_PREFIX_PATH}:/home/ubuntu/lapin_ws/install/lapin_driver:/opt/ros/foxy /usr/bin/cmake --build /home/ubuntu/lapin_ws/src/build/lapin_msgs -- -j4 -l4
[0.672s] [  2%] Built target lapin_msgs__cpp
[0.709s] [ 12%] Built target lapin_msgs__rosidl_generator_c
[0.950s] [ 23%] Built target lapin_msgs__rosidl_typesupport_introspection_cpp
[1.042s] [ 33%] Built target lapin_msgs__rosidl_typesupport_c
[1.062s] [ 43%] Built target lapin_msgs__rosidl_typesupport_fastrtps_cpp
[1.090s] [ 53%] Built target lapin_msgs__rosidl_typesupport_cpp
[1.249s] [ 64%] Built target lapin_msgs__rosidl_typesupport_introspection_c
[1.337s] [ 74%] Built target lapin_msgs__rosidl_typesupport_fastrtps_c
[1.502s] [ 74%] Built target lapin_msgs
[1.681s] [ 76%] Built target lapin_msgs__py
[1.923s] [ 84%] Built target lapin_msgs__python
[2.180s] [ 89%] Built target lapin_msgs__rosidl_typesupport_c__pyext
[2.218s] [ 94%] Built target lapin_msgs__rosidl_typesupport_introspection_c__pyext
[2.237s] [100%] Built target lapin_msgs__rosidl_typesupport_fastrtps_c__pyext
[2.781s] Invoked command in '/home/ubuntu/lapin_ws/src/build/lapin_msgs' returned '0': CMAKE_PREFIX_PATH=${CMAKE_PREFIX_PATH}:/home/ubuntu/lapin_ws/install/lapin_driver:/opt/ros/foxy /usr/bin/cmake --build /home/ubuntu/lapin_ws/src/build/lapin_msgs -- -j4 -l4
[3.522s] Invoking command in '/home/ubuntu/lapin_ws/src/build/lapin_msgs': CMAKE_PREFIX_PATH=${CMAKE_PREFIX_PATH}:/home/ubuntu/lapin_ws/install/lapin_driver:/opt/ros/foxy /usr/bin/cmake --install /home/ubuntu/lapin_ws/src/build/lapin_msgs
[3.605s] -- Install configuration: ""
[3.609s] -- Execute custom install script
[3.616s] -- Up-to-date symlink: /home/ubuntu/lapin_ws/src/install/lapin_msgs/share/ament_index/resource_index/rosidl_interfaces/lapin_msgs
[3.626s] -- Up-to-date symlink: /home/ubuntu/lapin_ws/src/install/lapin_msgs/include/lapin_msgs/msg/cmd_bip.h
[3.628s] -- Up-to-date symlink: /home/ubuntu/lapin_ws/src/install/lapin_msgs/include/lapin_msgs/msg/detail/cmd_bip__functions.h
[3.638s] -- Up-to-date symlink: /home/ubuntu/lapin_ws/src/install/lapin_msgs/include/lapin_msgs/msg/detail/cmd_bip__struct.h
[3.642s] -- Up-to-date symlink: /home/ubuntu/lapin_ws/src/install/lapin_msgs/include/lapin_msgs/msg/detail/cmd_bip__type_support.h
[3.645s] -- Up-to-date symlink: /home/ubuntu/lapin_ws/src/install/lapin_msgs/include/lapin_msgs/msg/detail/feet__functions.h
[3.647s] -- Up-to-date symlink: /home/ubuntu/lapin_ws/src/install/lapin_msgs/include/lapin_msgs/msg/detail/feet__struct.h
[3.649s] -- Up-to-date symlink: /home/ubuntu/lapin_ws/src/install/lapin_msgs/include/lapin_msgs/msg/detail/feet__type_support.h
[3.652s] -- Up-to-date symlink: /home/ubuntu/lapin_ws/src/install/lapin_msgs/include/lapin_msgs/msg/feet.h
[3.653s] -- Up-to-date symlink: /home/ubuntu/lapin_ws/src/install/lapin_msgs/include/lapin_msgs/msg/rosidl_generator_c__visibility_control.h
[3.666s] -- Up-to-date symlink: /home/ubuntu/lapin_ws/src/install/lapin_msgs/share/lapin_msgs/environment/library_path.sh
[3.668s] -- Up-to-date symlink: /home/ubuntu/lapin_ws/src/install/lapin_msgs/share/lapin_msgs/environment/library_path.dsv
[3.671s] -- Up-to-date symlink: /home/ubuntu/lapin_ws/src/install/lapin_msgs/include/lapin_msgs/msg/detail/cmd_bip__rosidl_typesupport_fastrtps_c.h
[3.674s] -- Up-to-date symlink: /home/ubuntu/lapin_ws/src/install/lapin_msgs/include/lapin_msgs/msg/detail/feet__rosidl_typesupport_fastrtps_c.h
[3.678s] -- Up-to-date symlink: /home/ubuntu/lapin_ws/src/install/lapin_msgs/include/lapin_msgs/msg/rosidl_typesupport_fastrtps_c__visibility_control.h
[3.690s] -- Up-to-date symlink: /home/ubuntu/lapin_ws/src/install/lapin_msgs/lib/liblapin_msgs__rosidl_typesupport_fastrtps_c.so
[3.694s] -- Up-to-date symlink: /home/ubuntu/lapin_ws/src/install/lapin_msgs/include/lapin_msgs/msg/detail/cmd_bip__rosidl_typesupport_fastrtps_cpp.hpp
[3.702s] -- Up-to-date symlink: /home/ubuntu/lapin_ws/src/install/lapin_msgs/include/lapin_msgs/msg/detail/feet__rosidl_typesupport_fastrtps_cpp.hpp
[3.706s] -- Up-to-date symlink: /home/ubuntu/lapin_ws/src/install/lapin_msgs/include/lapin_msgs/msg/rosidl_typesupport_fastrtps_cpp__visibility_control.h
[3.708s] -- Up-to-date symlink: /home/ubuntu/lapin_ws/src/install/lapin_msgs/lib/liblapin_msgs__rosidl_typesupport_fastrtps_cpp.so
[3.714s] -- Up-to-date symlink: /home/ubuntu/lapin_ws/src/install/lapin_msgs/include/lapin_msgs/msg/detail/cmd_bip__rosidl_typesupport_introspection_c.h
[3.720s] -- Up-to-date symlink: /home/ubuntu/lapin_ws/src/install/lapin_msgs/include/lapin_msgs/msg/detail/feet__rosidl_typesupport_introspection_c.h
[3.722s] -- Up-to-date symlink: /home/ubuntu/lapin_ws/src/install/lapin_msgs/include/lapin_msgs/msg/rosidl_typesupport_introspection_c__visibility_control.h
[3.725s] -- Up-to-date symlink: /home/ubuntu/lapin_ws/src/install/lapin_msgs/include/lapin_msgs/msg/cmd_bip.hpp
[3.729s] -- Up-to-date symlink: /home/ubuntu/lapin_ws/src/install/lapin_msgs/include/lapin_msgs/msg/detail/cmd_bip__builder.hpp
[3.732s] -- Up-to-date symlink: /home/ubuntu/lapin_ws/src/install/lapin_msgs/include/lapin_msgs/msg/detail/cmd_bip__struct.hpp
[3.739s] -- Up-to-date symlink: /home/ubuntu/lapin_ws/src/install/lapin_msgs/include/lapin_msgs/msg/detail/cmd_bip__traits.hpp
[3.740s] -- Up-to-date symlink: /home/ubuntu/lapin_ws/src/install/lapin_msgs/include/lapin_msgs/msg/detail/feet__builder.hpp
[3.747s] -- Up-to-date symlink: /home/ubuntu/lapin_ws/src/install/lapin_msgs/include/lapin_msgs/msg/detail/feet__struct.hpp
[3.749s] -- Up-to-date symlink: /home/ubuntu/lapin_ws/src/install/lapin_msgs/include/lapin_msgs/msg/detail/feet__traits.hpp
[3.751s] -- Up-to-date symlink: /home/ubuntu/lapin_ws/src/install/lapin_msgs/include/lapin_msgs/msg/feet.hpp
[3.762s] -- Up-to-date symlink: /home/ubuntu/lapin_ws/src/install/lapin_msgs/include/lapin_msgs/msg/detail/cmd_bip__rosidl_typesupport_introspection_cpp.hpp
[3.765s] -- Up-to-date symlink: /home/ubuntu/lapin_ws/src/install/lapin_msgs/include/lapin_msgs/msg/detail/feet__rosidl_typesupport_introspection_cpp.hpp
[3.767s] -- Up-to-date symlink: /home/ubuntu/lapin_ws/src/install/lapin_msgs/share/lapin_msgs/environment/pythonpath.sh
[3.770s] -- Up-to-date symlink: /home/ubuntu/lapin_ws/src/install/lapin_msgs/share/lapin_msgs/environment/pythonpath.dsv
[3.775s] -- Up-to-date symlink: /home/ubuntu/lapin_ws/src/install/lapin_msgs/lib/python3.8/site-packages/lapin_msgs/__init__.py
[3.794s] -- Up-to-date symlink: /home/ubuntu/lapin_ws/src/install/lapin_msgs/lib/python3.8/site-packages/lapin_msgs/msg/__init__.py
[3.796s] -- Up-to-date symlink: /home/ubuntu/lapin_ws/src/install/lapin_msgs/lib/python3.8/site-packages/lapin_msgs/msg/_cmd_bip.py
[3.798s] -- Up-to-date symlink: /home/ubuntu/lapin_ws/src/install/lapin_msgs/lib/python3.8/site-packages/lapin_msgs/msg/_feet.py
[3.801s] -- Up-to-date symlink: /home/ubuntu/lapin_ws/src/install/lapin_msgs/lib/python3.8/site-packages/lapin_msgs/lapin_msgs_s__rosidl_typesupport_fastrtps_c.cpython-38-aarch64-linux-gnu.so
[3.807s] -- Up-to-date symlink: /home/ubuntu/lapin_ws/src/install/lapin_msgs/lib/python3.8/site-packages/lapin_msgs/lapin_msgs_s__rosidl_typesupport_introspection_c.cpython-38-aarch64-linux-gnu.so
[3.819s] -- Up-to-date symlink: /home/ubuntu/lapin_ws/src/install/lapin_msgs/lib/python3.8/site-packages/lapin_msgs/lapin_msgs_s__rosidl_typesupport_c.cpython-38-aarch64-linux-gnu.so
[3.821s] -- Up-to-date symlink: /home/ubuntu/lapin_ws/src/install/lapin_msgs/lib/liblapin_msgs__python.so
[3.824s] -- Up-to-date symlink: /home/ubuntu/lapin_ws/src/install/lapin_msgs/share/lapin_msgs/msg/Feet.idl
[3.833s] -- Up-to-date symlink: /home/ubuntu/lapin_ws/src/install/lapin_msgs/share/lapin_msgs/msg/CmdBip.idl
[3.835s] -- Up-to-date symlink: /home/ubuntu/lapin_ws/src/install/lapin_msgs/share/lapin_msgs/msg/Feet.msg
[3.837s] -- Up-to-date symlink: /home/ubuntu/lapin_ws/src/install/lapin_msgs/share/lapin_msgs/msg/CmdBip.msg
[3.839s] -- Up-to-date symlink: /home/ubuntu/lapin_ws/src/install/lapin_msgs/share/ament_index/resource_index/package_run_dependencies/lapin_msgs
[3.843s] -- Up-to-date symlink: /home/ubuntu/lapin_ws/src/install/lapin_msgs/share/ament_index/resource_index/parent_prefix_path/lapin_msgs
[3.853s] -- Up-to-date symlink: /home/ubuntu/lapin_ws/src/install/lapin_msgs/share/lapin_msgs/environment/ament_prefix_path.sh
[3.856s] -- Up-to-date symlink: /home/ubuntu/lapin_ws/src/install/lapin_msgs/share/lapin_msgs/environment/ament_prefix_path.dsv
[3.858s] -- Up-to-date symlink: /home/ubuntu/lapin_ws/src/install/lapin_msgs/share/lapin_msgs/environment/path.sh
[3.859s] -- Up-to-date symlink: /home/ubuntu/lapin_ws/src/install/lapin_msgs/share/lapin_msgs/environment/path.dsv
[3.862s] -- Up-to-date symlink: /home/ubuntu/lapin_ws/src/install/lapin_msgs/share/lapin_msgs/local_setup.bash
[3.867s] -- Up-to-date symlink: /home/ubuntu/lapin_ws/src/install/lapin_msgs/share/lapin_msgs/local_setup.sh
[3.871s] -- Up-to-date symlink: /home/ubuntu/lapin_ws/src/install/lapin_msgs/share/lapin_msgs/local_setup.zsh
[3.878s] -- Up-to-date symlink: /home/ubuntu/lapin_ws/src/install/lapin_msgs/share/lapin_msgs/local_setup.dsv
[3.879s] -- Symlinking: /home/ubuntu/lapin_ws/src/install/lapin_msgs/share/lapin_msgs/package.dsv
[3.965s] -- Up-to-date symlink: /home/ubuntu/lapin_ws/src/install/lapin_msgs/share/ament_index/resource_index/packages/lapin_msgs
[3.968s] -- Up-to-date symlink: /home/ubuntu/lapin_ws/src/install/lapin_msgs/share/lapin_msgs/cmake/rosidl_cmake-extras.cmake
[3.978s] -- Up-to-date symlink: /home/ubuntu/lapin_ws/src/install/lapin_msgs/share/lapin_msgs/cmake/ament_cmake_export_dependencies-extras.cmake
[3.980s] -- Up-to-date symlink: /home/ubuntu/lapin_ws/src/install/lapin_msgs/share/lapin_msgs/cmake/ament_cmake_export_libraries-extras.cmake
[3.990s] -- Up-to-date symlink: /home/ubuntu/lapin_ws/src/install/lapin_msgs/share/lapin_msgs/cmake/ament_cmake_export_targets-extras.cmake
[3.995s] -- Up-to-date symlink: /home/ubuntu/lapin_ws/src/install/lapin_msgs/share/lapin_msgs/cmake/ament_cmake_export_include_directories-extras.cmake
[4.004s] -- Up-to-date symlink: /home/ubuntu/lapin_ws/src/install/lapin_msgs/share/lapin_msgs/cmake/rosidl_cmake_export_typesupport_libraries-extras.cmake
[4.010s] -- Up-to-date symlink: /home/ubuntu/lapin_ws/src/install/lapin_msgs/share/lapin_msgs/cmake/rosidl_cmake_export_typesupport_targets-extras.cmake
[4.017s] -- Up-to-date symlink: /home/ubuntu/lapin_ws/src/install/lapin_msgs/share/lapin_msgs/cmake/lapin_msgsConfig.cmake
[4.024s] -- Up-to-date symlink: /home/ubuntu/lapin_ws/src/install/lapin_msgs/share/lapin_msgs/cmake/lapin_msgsConfig-version.cmake
[4.030s] -- Up-to-date symlink: /home/ubuntu/lapin_ws/src/install/lapin_msgs/share/lapin_msgs/package.xml
[4.038s] -- Up-to-date: /home/ubuntu/lapin_ws/src/install/lapin_msgs/lib/liblapin_msgs__rosidl_generator_c.so
[4.045s] -- Up-to-date: /home/ubuntu/lapin_ws/src/install/lapin_msgs/lib/liblapin_msgs__rosidl_typesupport_introspection_c.so
[4.051s] -- Up-to-date: /home/ubuntu/lapin_ws/src/install/lapin_msgs/lib/liblapin_msgs__rosidl_typesupport_c.so
[4.058s] -- Up-to-date: /home/ubuntu/lapin_ws/src/install/lapin_msgs/lib/liblapin_msgs__rosidl_typesupport_introspection_cpp.so
[4.063s] -- Up-to-date: /home/ubuntu/lapin_ws/src/install/lapin_msgs/lib/liblapin_msgs__rosidl_typesupport_cpp.so
[4.430s] -- Up-to-date: /home/ubuntu/lapin_ws/src/install/lapin_msgs/share/lapin_msgs/cmake/lapin_msgs__rosidl_generator_cExport.cmake
[4.433s] -- Up-to-date: /home/ubuntu/lapin_ws/src/install/lapin_msgs/share/lapin_msgs/cmake/lapin_msgs__rosidl_generator_cExport-noconfig.cmake
[4.434s] -- Up-to-date: /home/ubuntu/lapin_ws/src/install/lapin_msgs/share/lapin_msgs/cmake/lapin_msgs__rosidl_typesupport_introspection_cExport.cmake
[4.438s] -- Up-to-date: /home/ubuntu/lapin_ws/src/install/lapin_msgs/share/lapin_msgs/cmake/lapin_msgs__rosidl_typesupport_introspection_cExport-noconfig.cmake
[4.441s] -- Up-to-date: /home/ubuntu/lapin_ws/src/install/lapin_msgs/share/lapin_msgs/cmake/lapin_msgs__rosidl_typesupport_cExport.cmake
[4.444s] -- Up-to-date: /home/ubuntu/lapin_ws/src/install/lapin_msgs/share/lapin_msgs/cmake/lapin_msgs__rosidl_typesupport_cExport-noconfig.cmake
[4.448s] -- Up-to-date: /home/ubuntu/lapin_ws/src/install/lapin_msgs/share/lapin_msgs/cmake/lapin_msgs__rosidl_generator_cppExport.cmake
[4.453s] -- Up-to-date: /home/ubuntu/lapin_ws/src/install/lapin_msgs/share/lapin_msgs/cmake/lapin_msgs__rosidl_typesupport_introspection_cppExport.cmake
[4.455s] -- Up-to-date: /home/ubuntu/lapin_ws/src/install/lapin_msgs/share/lapin_msgs/cmake/lapin_msgs__rosidl_typesupport_introspection_cppExport-noconfig.cmake
[4.457s] -- Up-to-date: /home/ubuntu/lapin_ws/src/install/lapin_msgs/share/lapin_msgs/cmake/lapin_msgs__rosidl_typesupport_cppExport.cmake
[4.458s] -- Up-to-date: /home/ubuntu/lapin_ws/src/install/lapin_msgs/share/lapin_msgs/cmake/lapin_msgs__rosidl_typesupport_cppExport-noconfig.cmake
[4.492s] Invoked command in '/home/ubuntu/lapin_ws/src/build/lapin_msgs' returned '0': CMAKE_PREFIX_PATH=${CMAKE_PREFIX_PATH}:/home/ubuntu/lapin_ws/install/lapin_driver:/opt/ros/foxy /usr/bin/cmake --install /home/ubuntu/lapin_ws/src/build/lapin_msgs
