[0.203s] Invoking command in '/home/ubuntu/lapin_ws/src/build/lapin_msgs': CMAKE_PREFIX_PATH=${CMAKE_PREFIX_PATH}:/home/ubuntu/lapin_ws/install/lapin_driver:/opt/ros/foxy /usr/bin/cmake /home/ubuntu/lapin_ws/src/lapin_msgs -DAMENT_CMAKE_SYMLINK_INSTALL=1 -DCMAKE_INSTALL_PREFIX=/home/ubuntu/lapin_ws/src/install/lapin_msgs
[0.809s] -- The C compiler identification is GNU 9.3.0
[1.369s] -- The CXX compiler identification is GNU 9.3.0
[1.430s] -- Check for working C compiler: /usr/bin/cc
[2.093s] -- Check for working C compiler: /usr/bin/cc -- works
[2.101s] -- Detecting C compiler ABI info
[2.756s] -- Detecting C compiler ABI info - done
[2.870s] -- Detecting C compile features
[2.874s] -- Detecting C compile features - done
[2.902s] -- Check for working CXX compiler: /usr/bin/c++
[3.642s] -- Check for working CXX compiler: /usr/bin/c++ -- works
[3.654s] -- Detecting CXX compiler ABI info
[4.372s] -- Detecting CXX compiler ABI info - done
[4.487s] -- Detecting CXX compile features
[4.490s] -- Detecting CXX compile features - done
[4.532s] -- Found ament_cmake: 0.9.6 (/opt/ros/foxy/share/ament_cmake/cmake)
[4.830s] -- Found PythonInterp: /usr/bin/python3 (found suitable version "3.8.2", minimum required is "3") 
[4.832s] -- Using PYTHON_EXECUTABLE: /usr/bin/python3
[6.481s] -- Override CMake install command with custom implementation using symlinks instead of copying resources
[6.817s] -- Found ament_lint_auto: 0.9.5 (/opt/ros/foxy/share/ament_lint_auto/cmake)
[7.591s] -- Found rosidl_default_generators: 1.0.0 (/opt/ros/foxy/share/rosidl_default_generators/cmake)
[7.638s] -- Using all available rosidl_typesupport_c: rosidl_typesupport_fastrtps_c;rosidl_typesupport_introspection_c
[7.728s] -- Found rosidl_adapter: 1.0.1 (/opt/ros/foxy/share/rosidl_adapter/cmake)
[8.518s] -- Found OpenSSL: /usr/lib/aarch64-linux-gnu/libcrypto.so (found version "1.1.1f")  
[8.767s] -- Found FastRTPS: /opt/ros/foxy/include  
[9.601s] -- Using all available rosidl_typesupport_cpp: rosidl_typesupport_fastrtps_cpp;rosidl_typesupport_introspection_cpp
[9.881s] -- Found std_msgs: 2.0.3 (/opt/ros/foxy/share/std_msgs/cmake)
[10.452s] -- Found PythonInterp: /usr/bin/python3 (found version "3.8.2") 
[11.461s] -- Found ament_cmake_ros: 0.9.0 (/opt/ros/foxy/share/ament_cmake_ros/cmake)
[13.246s] -- Using all available rosidl_typesupport_c: rosidl_typesupport_fastrtps_c;rosidl_typesupport_introspection_c
[13.874s] -- Using all available rosidl_typesupport_cpp: rosidl_typesupport_fastrtps_cpp;rosidl_typesupport_introspection_cpp
[14.148s] -- Found PythonInterp: /usr/bin/python3 (found suitable version "3.8.2", minimum required is "3.5") 
[14.170s] -- Found python_cmake_module: 0.8.0 (/opt/ros/foxy/share/python_cmake_module/cmake)
[14.448s] -- Found PythonLibs: /usr/lib/aarch64-linux-gnu/libpython3.8.so (found suitable version "3.8.2", minimum required is "3.5") 
[14.449s] -- Using PYTHON_EXECUTABLE: /usr/bin/python3
[14.450s] -- Using PYTHON_INCLUDE_DIRS: /usr/include/python3.8
[14.451s] -- Using PYTHON_LIBRARIES: /usr/lib/aarch64-linux-gnu/libpython3.8.so
[14.712s] -- Found PythonExtra: .so  
[15.419s] -- Added test 'copyright' to check source files copyright and LICENSE
[15.484s] -- Added test 'flake8' to check Python code syntax and style conventions
[15.496s] -- Added test 'lint_cmake' to check CMake code style
[15.504s] -- Added test 'pep257' to check Python code against some of the style conventions in PEP 257
[15.539s] -- Added test 'xmllint' to check XML markup files
[15.668s] -- Configuring done
[16.171s] -- Generating done
[16.203s] -- Build files have been written to: /home/ubuntu/lapin_ws/src/build/lapin_msgs
