[1.370s] DEBUG:colcon:Command line arguments: ['/usr/bin/colcon', 'build']
[1.371s] DEBUG:colcon:Parsed command line arguments: Namespace(ament_cmake_args=None, base_paths=['.'], build_base='build', catkin_cmake_args=None, catkin_skip_building_tests=False, cmake_args=None, cmake_clean_cache=False, cmake_clean_first=False, cmake_force_configure=False, cmake_target=None, cmake_target_skip_unavailable=False, continue_on_error=False, event_handlers=None, executor='parallel', ignore_user_meta=False, install_base='install', log_base=None, log_level=None, main=<bound method BuildVerb.main of <colcon_core.verb.build.BuildVerb object at 0xffff85e2cb20>>, merge_install=False, metas=['./colcon.meta'], packages_above=None, packages_above_and_dependencies=None, packages_above_depth=None, packages_end=None, packages_ignore=None, packages_ignore_regex=None, packages_select=None, packages_select_build_failed=False, packages_select_by_dep=None, packages_select_regex=None, packages_select_test_failures=False, packages_skip=None, packages_skip_build_finished=False, packages_skip_by_dep=None, packages_skip_regex=None, packages_skip_test_passed=False, packages_skip_up_to=None, packages_start=None, packages_up_to=None, packages_up_to_regex=None, parallel_workers=4, paths=None, symlink_install=False, test_result_base=None, verb_extension=<colcon_core.verb.build.BuildVerb object at 0xffff85e2cb20>, verb_name='build', verb_parser=<colcon_defaults.argument_parser.defaults.DefaultArgumentsDecorator object at 0xffff85e380d0>)
[1.534s] Level 1:colcon.colcon_core.package_discovery:discover_packages(colcon_meta) check parameters
[1.535s] Level 1:colcon.colcon_core.package_discovery:discover_packages(recursive) check parameters
[1.536s] Level 1:colcon.colcon_core.package_discovery:discover_packages(ignore) check parameters
[1.536s] Level 1:colcon.colcon_core.package_discovery:discover_packages(path) check parameters
[1.537s] Level 1:colcon.colcon_core.package_discovery:discover_packages(colcon_meta) discover
[1.538s] Level 1:colcon.colcon_core.package_discovery:discover_packages(recursive) discover
[1.539s] INFO:colcon.colcon_core.package_discovery:Crawling recursively for packages in '/home/ubuntu/lapin_ws/src'
[1.540s] Level 1:colcon.colcon_core.package_identification:_identify(.) by extensions ['ignore', 'ignore_ament_install']
[1.541s] Level 1:colcon.colcon_core.package_identification:_identify(.) by extension 'ignore'
[1.542s] Level 1:colcon.colcon_core.package_identification:_identify(.) by extension 'ignore_ament_install'
[1.543s] Level 1:colcon.colcon_core.package_identification:_identify(.) by extensions ['colcon_pkg']
[1.544s] Level 1:colcon.colcon_core.package_identification:_identify(.) by extension 'colcon_pkg'
[1.544s] Level 1:colcon.colcon_core.package_identification:_identify(.) by extensions ['colcon_meta']
[1.545s] Level 1:colcon.colcon_core.package_identification:_identify(.) by extension 'colcon_meta'
[1.546s] Level 1:colcon.colcon_core.package_identification:_identify(.) by extensions ['ros']
[1.546s] Level 1:colcon.colcon_core.package_identification:_identify(.) by extension 'ros'
[1.646s] Level 1:colcon.colcon_core.package_identification:_identify(.) by extensions ['cmake', 'python']
[1.647s] Level 1:colcon.colcon_core.package_identification:_identify(.) by extension 'cmake'
[1.647s] Level 1:colcon.colcon_core.package_identification:_identify(.) by extension 'python'
[1.648s] Level 1:colcon.colcon_core.package_identification:_identify(.) by extensions ['python_setup_py']
[1.649s] Level 1:colcon.colcon_core.package_identification:_identify(.) by extension 'python_setup_py'
[1.650s] Level 1:colcon.colcon_core.package_identification:_identify(build) by extensions ['ignore', 'ignore_ament_install']
[1.652s] Level 1:colcon.colcon_core.package_identification:_identify(build) by extension 'ignore'
[1.652s] Level 1:colcon.colcon_core.package_identification:_identify(build) ignored
[1.654s] Level 1:colcon.colcon_core.package_identification:_identify(install) by extensions ['ignore', 'ignore_ament_install']
[1.655s] Level 1:colcon.colcon_core.package_identification:_identify(install) by extension 'ignore'
[1.656s] Level 1:colcon.colcon_core.package_identification:_identify(install) ignored
[1.658s] Level 1:colcon.colcon_core.package_identification:_identify(lapin_bringup) by extensions ['ignore', 'ignore_ament_install']
[1.659s] Level 1:colcon.colcon_core.package_identification:_identify(lapin_bringup) by extension 'ignore'
[1.660s] Level 1:colcon.colcon_core.package_identification:_identify(lapin_bringup) by extension 'ignore_ament_install'
[1.661s] Level 1:colcon.colcon_core.package_identification:_identify(lapin_bringup) by extensions ['colcon_pkg']
[1.662s] Level 1:colcon.colcon_core.package_identification:_identify(lapin_bringup) by extension 'colcon_pkg'
[1.662s] Level 1:colcon.colcon_core.package_identification:_identify(lapin_bringup) by extensions ['colcon_meta']
[1.663s] Level 1:colcon.colcon_core.package_identification:_identify(lapin_bringup) by extension 'colcon_meta'
[1.664s] Level 1:colcon.colcon_core.package_identification:_identify(lapin_bringup) by extensions ['ros']
[1.664s] Level 1:colcon.colcon_core.package_identification:_identify(lapin_bringup) by extension 'ros'
[1.684s] DEBUG:colcon.colcon_core.package_identification:Package 'lapin_bringup' with type 'ros.ament_python' and name 'lapin_bringup'
[1.685s] Level 1:colcon.colcon_core.package_identification:_identify(lapin_driver) by extensions ['ignore', 'ignore_ament_install']
[1.687s] Level 1:colcon.colcon_core.package_identification:_identify(lapin_driver) by extension 'ignore'
[1.688s] Level 1:colcon.colcon_core.package_identification:_identify(lapin_driver) by extension 'ignore_ament_install'
[1.688s] Level 1:colcon.colcon_core.package_identification:_identify(lapin_driver) by extensions ['colcon_pkg']
[1.689s] Level 1:colcon.colcon_core.package_identification:_identify(lapin_driver) by extension 'colcon_pkg'
[1.690s] Level 1:colcon.colcon_core.package_identification:_identify(lapin_driver) by extensions ['colcon_meta']
[1.691s] Level 1:colcon.colcon_core.package_identification:_identify(lapin_driver) by extension 'colcon_meta'
[1.691s] Level 1:colcon.colcon_core.package_identification:_identify(lapin_driver) by extensions ['ros']
[1.692s] Level 1:colcon.colcon_core.package_identification:_identify(lapin_driver) by extension 'ros'
[1.701s] DEBUG:colcon.colcon_core.package_identification:Package 'lapin_driver' with type 'ros.ament_python' and name 'lapin_driver'
[1.702s] Level 1:colcon.colcon_core.package_identification:_identify(lapin_msgs) by extensions ['ignore', 'ignore_ament_install']
[1.703s] Level 1:colcon.colcon_core.package_identification:_identify(lapin_msgs) by extension 'ignore'
[1.704s] Level 1:colcon.colcon_core.package_identification:_identify(lapin_msgs) by extension 'ignore_ament_install'
[1.706s] Level 1:colcon.colcon_core.package_identification:_identify(lapin_msgs) by extensions ['colcon_pkg']
[1.707s] Level 1:colcon.colcon_core.package_identification:_identify(lapin_msgs) by extension 'colcon_pkg'
[1.707s] Level 1:colcon.colcon_core.package_identification:_identify(lapin_msgs) by extensions ['colcon_meta']
[1.708s] Level 1:colcon.colcon_core.package_identification:_identify(lapin_msgs) by extension 'colcon_meta'
[1.709s] Level 1:colcon.colcon_core.package_identification:_identify(lapin_msgs) by extensions ['ros']
[1.710s] Level 1:colcon.colcon_core.package_identification:_identify(lapin_msgs) by extension 'ros'
[1.715s] DEBUG:colcon.colcon_core.package_identification:Package 'lapin_msgs' with type 'ros.ament_cmake' and name 'lapin_msgs'
[1.717s] Level 1:colcon.colcon_core.package_identification:_identify(log) by extensions ['ignore', 'ignore_ament_install']
[1.718s] Level 1:colcon.colcon_core.package_identification:_identify(log) by extension 'ignore'
[1.719s] Level 1:colcon.colcon_core.package_identification:_identify(log) ignored
[1.720s] Level 1:colcon.colcon_core.package_discovery:discover_packages(recursive) using defaults
[1.720s] Level 1:colcon.colcon_core.package_discovery:discover_packages(ignore) discover
[1.721s] Level 1:colcon.colcon_core.package_discovery:discover_packages(ignore) using defaults
[1.721s] Level 1:colcon.colcon_core.package_discovery:discover_packages(path) discover
[1.722s] Level 1:colcon.colcon_core.package_discovery:discover_packages(path) using defaults
[1.768s] Level 5:colcon.colcon_core.verb:set package 'lapin_msgs' build argument 'cmake_args' from command line to 'None'
[1.769s] Level 5:colcon.colcon_core.verb:set package 'lapin_msgs' build argument 'cmake_target' from command line to 'None'
[1.769s] Level 5:colcon.colcon_core.verb:set package 'lapin_msgs' build argument 'cmake_target_skip_unavailable' from command line to 'False'
[1.770s] Level 5:colcon.colcon_core.verb:set package 'lapin_msgs' build argument 'cmake_clean_cache' from command line to 'False'
[1.771s] Level 5:colcon.colcon_core.verb:set package 'lapin_msgs' build argument 'cmake_clean_first' from command line to 'False'
[1.771s] Level 5:colcon.colcon_core.verb:set package 'lapin_msgs' build argument 'cmake_force_configure' from command line to 'False'
[1.772s] Level 5:colcon.colcon_core.verb:set package 'lapin_msgs' build argument 'ament_cmake_args' from command line to 'None'
[1.772s] Level 5:colcon.colcon_core.verb:set package 'lapin_msgs' build argument 'catkin_cmake_args' from command line to 'None'
[1.773s] Level 5:colcon.colcon_core.verb:set package 'lapin_msgs' build argument 'catkin_skip_building_tests' from command line to 'False'
[1.773s] DEBUG:colcon.colcon_core.verb:Building package 'lapin_msgs' with the following arguments: {'ament_cmake_args': None, 'build_base': '/home/ubuntu/lapin_ws/src/build/lapin_msgs', 'catkin_cmake_args': None, 'catkin_skip_building_tests': False, 'cmake_args': None, 'cmake_clean_cache': False, 'cmake_clean_first': False, 'cmake_force_configure': False, 'cmake_target': None, 'cmake_target_skip_unavailable': False, 'install_base': '/home/ubuntu/lapin_ws/src/install/lapin_msgs', 'merge_install': False, 'path': '/home/ubuntu/lapin_ws/src/lapin_msgs', 'symlink_install': False, 'test_result_base': None}
[1.797s] Level 5:colcon.colcon_core.verb:set package 'lapin_driver' build argument 'cmake_args' from command line to 'None'
[1.797s] Level 5:colcon.colcon_core.verb:set package 'lapin_driver' build argument 'cmake_target' from command line to 'None'
[1.798s] Level 5:colcon.colcon_core.verb:set package 'lapin_driver' build argument 'cmake_target_skip_unavailable' from command line to 'False'
[1.798s] Level 5:colcon.colcon_core.verb:set package 'lapin_driver' build argument 'cmake_clean_cache' from command line to 'False'
[1.799s] Level 5:colcon.colcon_core.verb:set package 'lapin_driver' build argument 'cmake_clean_first' from command line to 'False'
[1.799s] Level 5:colcon.colcon_core.verb:set package 'lapin_driver' build argument 'cmake_force_configure' from command line to 'False'
[1.800s] Level 5:colcon.colcon_core.verb:set package 'lapin_driver' build argument 'ament_cmake_args' from command line to 'None'
[1.800s] Level 5:colcon.colcon_core.verb:set package 'lapin_driver' build argument 'catkin_cmake_args' from command line to 'None'
[1.801s] Level 5:colcon.colcon_core.verb:set package 'lapin_driver' build argument 'catkin_skip_building_tests' from command line to 'False'
[1.802s] DEBUG:colcon.colcon_core.verb:Building package 'lapin_driver' with the following arguments: {'ament_cmake_args': None, 'build_base': '/home/ubuntu/lapin_ws/src/build/lapin_driver', 'catkin_cmake_args': None, 'catkin_skip_building_tests': False, 'cmake_args': None, 'cmake_clean_cache': False, 'cmake_clean_first': False, 'cmake_force_configure': False, 'cmake_target': None, 'cmake_target_skip_unavailable': False, 'install_base': '/home/ubuntu/lapin_ws/src/install/lapin_driver', 'merge_install': False, 'path': '/home/ubuntu/lapin_ws/src/lapin_driver', 'symlink_install': False, 'test_result_base': None}
[1.827s] Level 5:colcon.colcon_core.verb:set package 'lapin_bringup' build argument 'cmake_args' from command line to 'None'
[1.827s] Level 5:colcon.colcon_core.verb:set package 'lapin_bringup' build argument 'cmake_target' from command line to 'None'
[1.828s] Level 5:colcon.colcon_core.verb:set package 'lapin_bringup' build argument 'cmake_target_skip_unavailable' from command line to 'False'
[1.829s] Level 5:colcon.colcon_core.verb:set package 'lapin_bringup' build argument 'cmake_clean_cache' from command line to 'False'
[1.830s] Level 5:colcon.colcon_core.verb:set package 'lapin_bringup' build argument 'cmake_clean_first' from command line to 'False'
[1.830s] Level 5:colcon.colcon_core.verb:set package 'lapin_bringup' build argument 'cmake_force_configure' from command line to 'False'
[1.831s] Level 5:colcon.colcon_core.verb:set package 'lapin_bringup' build argument 'ament_cmake_args' from command line to 'None'
[1.831s] Level 5:colcon.colcon_core.verb:set package 'lapin_bringup' build argument 'catkin_cmake_args' from command line to 'None'
[1.832s] Level 5:colcon.colcon_core.verb:set package 'lapin_bringup' build argument 'catkin_skip_building_tests' from command line to 'False'
[1.832s] DEBUG:colcon.colcon_core.verb:Building package 'lapin_bringup' with the following arguments: {'ament_cmake_args': None, 'build_base': '/home/ubuntu/lapin_ws/src/build/lapin_bringup', 'catkin_cmake_args': None, 'catkin_skip_building_tests': False, 'cmake_args': None, 'cmake_clean_cache': False, 'cmake_clean_first': False, 'cmake_force_configure': False, 'cmake_target': None, 'cmake_target_skip_unavailable': False, 'install_base': '/home/ubuntu/lapin_ws/src/install/lapin_bringup', 'merge_install': False, 'path': '/home/ubuntu/lapin_ws/src/lapin_bringup', 'symlink_install': False, 'test_result_base': None}
[1.836s] INFO:colcon.colcon_core.executor:Executing jobs using 'parallel' executor
[1.851s] DEBUG:colcon.colcon_parallel_executor.executor.parallel:run_until_complete
[1.854s] INFO:colcon.colcon_ros.task.ament_cmake.build:Building ROS package in '/home/ubuntu/lapin_ws/src/lapin_msgs' with build type 'ament_cmake'
[1.889s] INFO:colcon.colcon_core.plugin_system:Skipping extension 'colcon_core.shell.bat': Not used on non-Windows systems
[1.891s] INFO:colcon.colcon_cmake.task.cmake.build:Building CMake package in '/home/ubuntu/lapin_ws/src/lapin_msgs'
[1.896s] INFO:colcon.colcon_core.shell:Skip shell extension 'powershell' for command environment: Not usable outside of PowerShell
[1.896s] DEBUG:colcon.colcon_core.shell:Skip shell extension 'dsv' for command environment
[1.919s] DEBUG:colcon.colcon_core.shell:Ignoring prefix path '/opt/ros/foxy'
[1.987s] DEBUG:colcon.colcon_core.event_handler.log_command:Invoking command in '/home/ubuntu/lapin_ws/src/build/lapin_msgs': CMAKE_PREFIX_PATH=${CMAKE_PREFIX_PATH}:/home/ubuntu/lapin_ws/install/lapin_driver:/opt/ros/foxy /usr/bin/cmake --build /home/ubuntu/lapin_ws/src/build/lapin_msgs -- -j4 -l4
[3.777s] DEBUG:colcon.colcon_core.event_handler.log_command:Invoked command in '/home/ubuntu/lapin_ws/src/build/lapin_msgs' returned '0': CMAKE_PREFIX_PATH=${CMAKE_PREFIX_PATH}:/home/ubuntu/lapin_ws/install/lapin_driver:/opt/ros/foxy /usr/bin/cmake --build /home/ubuntu/lapin_ws/src/build/lapin_msgs -- -j4 -l4
[4.495s] DEBUG:colcon.colcon_core.event_handler.log_command:Invoking command in '/home/ubuntu/lapin_ws/src/build/lapin_msgs': CMAKE_PREFIX_PATH=${CMAKE_PREFIX_PATH}:/home/ubuntu/lapin_ws/install/lapin_driver:/opt/ros/foxy /usr/bin/cmake --install /home/ubuntu/lapin_ws/src/build/lapin_msgs
[5.246s] Level 1:colcon.colcon_core.environment:create_environment_scripts_only(lapin_msgs)
[5.253s] DEBUG:colcon.colcon_core.event_handler.log_command:Invoked command in '/home/ubuntu/lapin_ws/src/build/lapin_msgs' returned '0': CMAKE_PREFIX_PATH=${CMAKE_PREFIX_PATH}:/home/ubuntu/lapin_ws/install/lapin_driver:/opt/ros/foxy /usr/bin/cmake --install /home/ubuntu/lapin_ws/src/build/lapin_msgs
[5.283s] Level 1:colcon.colcon_core.environment:checking '/home/ubuntu/lapin_ws/src/install/lapin_msgs' for CMake module files
[5.291s] Level 1:colcon.colcon_core.environment:checking '/home/ubuntu/lapin_ws/src/install/lapin_msgs' for CMake config files
[5.300s] Level 1:colcon.colcon_core.shell:create_environment_hook('lapin_msgs', 'cmake_prefix_path')
[5.305s] INFO:colcon.colcon_core.shell:Creating environment hook '/home/ubuntu/lapin_ws/src/install/lapin_msgs/share/lapin_msgs/hook/cmake_prefix_path.ps1'
[5.314s] INFO:colcon.colcon_core.shell:Creating environment descriptor '/home/ubuntu/lapin_ws/src/install/lapin_msgs/share/lapin_msgs/hook/cmake_prefix_path.dsv'
[5.319s] INFO:colcon.colcon_core.shell:Creating environment hook '/home/ubuntu/lapin_ws/src/install/lapin_msgs/share/lapin_msgs/hook/cmake_prefix_path.sh'
[5.328s] Level 1:colcon.colcon_core.environment:checking '/home/ubuntu/lapin_ws/src/install/lapin_msgs/lib'
[5.330s] Level 1:colcon.colcon_core.shell:create_environment_hook('lapin_msgs', 'ld_library_path_lib')
[5.336s] INFO:colcon.colcon_core.shell:Creating environment hook '/home/ubuntu/lapin_ws/src/install/lapin_msgs/share/lapin_msgs/hook/ld_library_path_lib.ps1'
[5.340s] INFO:colcon.colcon_core.shell:Creating environment descriptor '/home/ubuntu/lapin_ws/src/install/lapin_msgs/share/lapin_msgs/hook/ld_library_path_lib.dsv'
[5.344s] INFO:colcon.colcon_core.shell:Creating environment hook '/home/ubuntu/lapin_ws/src/install/lapin_msgs/share/lapin_msgs/hook/ld_library_path_lib.sh'
[5.349s] Level 1:colcon.colcon_core.environment:checking '/home/ubuntu/lapin_ws/src/install/lapin_msgs/bin'
[5.350s] Level 1:colcon.colcon_core.environment:checking '/home/ubuntu/lapin_ws/src/install/lapin_msgs/lib/pkgconfig/lapin_msgs.pc'
[5.351s] Level 1:colcon.colcon_core.environment:checking '/home/ubuntu/lapin_ws/src/install/lapin_msgs/lib/python3.8/site-packages'
[5.352s] Level 1:colcon.colcon_core.shell:create_environment_hook('lapin_msgs', 'pythonpath')
[5.357s] INFO:colcon.colcon_core.shell:Creating environment hook '/home/ubuntu/lapin_ws/src/install/lapin_msgs/share/lapin_msgs/hook/pythonpath.ps1'
[5.361s] INFO:colcon.colcon_core.shell:Creating environment descriptor '/home/ubuntu/lapin_ws/src/install/lapin_msgs/share/lapin_msgs/hook/pythonpath.dsv'
[5.365s] INFO:colcon.colcon_core.shell:Creating environment hook '/home/ubuntu/lapin_ws/src/install/lapin_msgs/share/lapin_msgs/hook/pythonpath.sh'
[5.376s] INFO:colcon.colcon_core.shell:Creating package script '/home/ubuntu/lapin_ws/src/install/lapin_msgs/share/lapin_msgs/package.ps1'
[5.385s] INFO:colcon.colcon_core.shell:Creating package descriptor '/home/ubuntu/lapin_ws/src/install/lapin_msgs/share/lapin_msgs/package.dsv'
[5.392s] INFO:colcon.colcon_core.shell:Creating package script '/home/ubuntu/lapin_ws/src/install/lapin_msgs/share/lapin_msgs/package.sh'
[5.401s] INFO:colcon.colcon_core.shell:Creating package script '/home/ubuntu/lapin_ws/src/install/lapin_msgs/share/lapin_msgs/package.bash'
[5.411s] INFO:colcon.colcon_core.shell:Creating package script '/home/ubuntu/lapin_ws/src/install/lapin_msgs/share/lapin_msgs/package.zsh'
[5.419s] Level 1:colcon.colcon_core.environment:create_file_with_runtime_dependencies(/home/ubuntu/lapin_ws/src/install/lapin_msgs/share/colcon-core/packages/lapin_msgs)
[5.423s] INFO:colcon.colcon_ros.task.ament_python.build:Building ROS package in '/home/ubuntu/lapin_ws/src/lapin_driver' with build type 'ament_python'
[5.425s] Level 1:colcon.colcon_core.shell:create_environment_hook('lapin_driver', 'ament_prefix_path')
[5.432s] INFO:colcon.colcon_core.shell:Creating environment hook '/home/ubuntu/lapin_ws/src/install/lapin_driver/share/lapin_driver/hook/ament_prefix_path.ps1'
[5.438s] INFO:colcon.colcon_core.shell:Creating environment descriptor '/home/ubuntu/lapin_ws/src/install/lapin_driver/share/lapin_driver/hook/ament_prefix_path.dsv'
[5.444s] INFO:colcon.colcon_core.shell:Creating environment hook '/home/ubuntu/lapin_ws/src/install/lapin_driver/share/lapin_driver/hook/ament_prefix_path.sh'
[5.453s] INFO:colcon.colcon_core.shell:Skip shell extension 'powershell' for command environment: Not usable outside of PowerShell
[5.454s] DEBUG:colcon.colcon_core.shell:Skip shell extension 'dsv' for command environment
[5.473s] DEBUG:colcon.colcon_core.shell:Ignoring prefix path '/opt/ros/foxy'
[7.451s] INFO:colcon.colcon_core.task.python.build:Building Python package in '/home/ubuntu/lapin_ws/src/lapin_driver'
[7.458s] INFO:colcon.colcon_core.shell:Skip shell extension 'powershell' for command environment: Not usable outside of PowerShell
[7.459s] DEBUG:colcon.colcon_core.shell:Skip shell extension 'dsv' for command environment
[7.476s] DEBUG:colcon.colcon_core.shell:Ignoring prefix path '/opt/ros/foxy'
[7.551s] DEBUG:colcon.colcon_core.event_handler.log_command:Invoking command in '/home/ubuntu/lapin_ws/src/build/lapin_driver': AMENT_PREFIX_PATH=/home/ubuntu/lapin_ws/src/install/lapin_msgs:${AMENT_PREFIX_PATH} CMAKE_PREFIX_PATH=/home/ubuntu/lapin_ws/src/install/lapin_msgs:${CMAKE_PREFIX_PATH} LD_LIBRARY_PATH=/home/ubuntu/lapin_ws/src/install/lapin_msgs/lib:${LD_LIBRARY_PATH} PYTHONPATH=/home/ubuntu/lapin_ws/src/install/lapin_driver/lib/python3.8/site-packages:/home/ubuntu/lapin_ws/src/install/lapin_msgs/lib/python3.8/site-packages:${PYTHONPATH} /usr/bin/python3 setup.py develop --prefix /home/ubuntu/lapin_ws/src/install/lapin_driver --uninstall --editable --build-directory /home/ubuntu/lapin_ws/src/build/lapin_driver/build
[10.873s] DEBUG:colcon.colcon_core.event_handler.log_command:Invoked command in '/home/ubuntu/lapin_ws/src/build/lapin_driver' returned '0': AMENT_PREFIX_PATH=/home/ubuntu/lapin_ws/src/install/lapin_msgs:${AMENT_PREFIX_PATH} CMAKE_PREFIX_PATH=/home/ubuntu/lapin_ws/src/install/lapin_msgs:${CMAKE_PREFIX_PATH} LD_LIBRARY_PATH=/home/ubuntu/lapin_ws/src/install/lapin_msgs/lib:${LD_LIBRARY_PATH} PYTHONPATH=/home/ubuntu/lapin_ws/src/install/lapin_driver/lib/python3.8/site-packages:/home/ubuntu/lapin_ws/src/install/lapin_msgs/lib/python3.8/site-packages:${PYTHONPATH} /usr/bin/python3 setup.py develop --prefix /home/ubuntu/lapin_ws/src/install/lapin_driver --uninstall --editable --build-directory /home/ubuntu/lapin_ws/src/build/lapin_driver/build
[10.887s] DEBUG:colcon.colcon_core.event_handler.log_command:Invoking command in '/home/ubuntu/lapin_ws/src/lapin_driver': AMENT_PREFIX_PATH=/home/ubuntu/lapin_ws/src/install/lapin_msgs:${AMENT_PREFIX_PATH} CMAKE_PREFIX_PATH=/home/ubuntu/lapin_ws/src/install/lapin_msgs:${CMAKE_PREFIX_PATH} LD_LIBRARY_PATH=/home/ubuntu/lapin_ws/src/install/lapin_msgs/lib:${LD_LIBRARY_PATH} PYTHONPATH=/home/ubuntu/lapin_ws/src/install/lapin_driver/lib/python3.8/site-packages:/home/ubuntu/lapin_ws/src/install/lapin_msgs/lib/python3.8/site-packages:${PYTHONPATH} /usr/bin/python3 setup.py egg_info --egg-base /home/ubuntu/lapin_ws/src/build/lapin_driver build --build-base /home/ubuntu/lapin_ws/src/build/lapin_driver/build install --prefix /home/ubuntu/lapin_ws/src/install/lapin_driver --record /home/ubuntu/lapin_ws/src/build/lapin_driver/install.log --single-version-externally-managed
[13.453s] Level 1:colcon.colcon_core.environment:checking '/home/ubuntu/lapin_ws/src/install/lapin_driver' for CMake module files
[13.459s] DEBUG:colcon.colcon_core.event_handler.log_command:Invoked command in '/home/ubuntu/lapin_ws/src/lapin_driver' returned '0': AMENT_PREFIX_PATH=/home/ubuntu/lapin_ws/src/install/lapin_msgs:${AMENT_PREFIX_PATH} CMAKE_PREFIX_PATH=/home/ubuntu/lapin_ws/src/install/lapin_msgs:${CMAKE_PREFIX_PATH} LD_LIBRARY_PATH=/home/ubuntu/lapin_ws/src/install/lapin_msgs/lib:${LD_LIBRARY_PATH} PYTHONPATH=/home/ubuntu/lapin_ws/src/install/lapin_driver/lib/python3.8/site-packages:/home/ubuntu/lapin_ws/src/install/lapin_msgs/lib/python3.8/site-packages:${PYTHONPATH} /usr/bin/python3 setup.py egg_info --egg-base /home/ubuntu/lapin_ws/src/build/lapin_driver build --build-base /home/ubuntu/lapin_ws/src/build/lapin_driver/build install --prefix /home/ubuntu/lapin_ws/src/install/lapin_driver --record /home/ubuntu/lapin_ws/src/build/lapin_driver/install.log --single-version-externally-managed
[13.464s] Level 1:colcon.colcon_core.environment:checking '/home/ubuntu/lapin_ws/src/install/lapin_driver' for CMake config files
[13.472s] Level 1:colcon.colcon_core.environment:checking '/home/ubuntu/lapin_ws/src/install/lapin_driver/lib'
[13.473s] Level 1:colcon.colcon_core.environment:checking '/home/ubuntu/lapin_ws/src/install/lapin_driver/bin'
[13.475s] Level 1:colcon.colcon_core.environment:checking '/home/ubuntu/lapin_ws/src/install/lapin_driver/lib/pkgconfig/lapin_driver.pc'
[13.476s] Level 1:colcon.colcon_core.environment:checking '/home/ubuntu/lapin_ws/src/install/lapin_driver/lib/python3.8/site-packages'
[13.477s] Level 1:colcon.colcon_core.shell:create_environment_hook('lapin_driver', 'pythonpath')
[13.482s] INFO:colcon.colcon_core.shell:Creating environment hook '/home/ubuntu/lapin_ws/src/install/lapin_driver/share/lapin_driver/hook/pythonpath.ps1'
[13.487s] INFO:colcon.colcon_core.shell:Creating environment descriptor '/home/ubuntu/lapin_ws/src/install/lapin_driver/share/lapin_driver/hook/pythonpath.dsv'
[13.491s] INFO:colcon.colcon_core.shell:Creating environment hook '/home/ubuntu/lapin_ws/src/install/lapin_driver/share/lapin_driver/hook/pythonpath.sh'
[13.495s] Level 1:colcon.colcon_core.environment:create_environment_scripts_only(lapin_driver)
[13.502s] INFO:colcon.colcon_core.shell:Creating package script '/home/ubuntu/lapin_ws/src/install/lapin_driver/share/lapin_driver/package.ps1'
[13.508s] INFO:colcon.colcon_core.shell:Creating package descriptor '/home/ubuntu/lapin_ws/src/install/lapin_driver/share/lapin_driver/package.dsv'
[13.512s] INFO:colcon.colcon_core.shell:Creating package script '/home/ubuntu/lapin_ws/src/install/lapin_driver/share/lapin_driver/package.sh'
[13.518s] INFO:colcon.colcon_core.shell:Creating package script '/home/ubuntu/lapin_ws/src/install/lapin_driver/share/lapin_driver/package.bash'
[13.522s] INFO:colcon.colcon_core.shell:Creating package script '/home/ubuntu/lapin_ws/src/install/lapin_driver/share/lapin_driver/package.zsh'
[13.526s] Level 1:colcon.colcon_core.environment:create_file_with_runtime_dependencies(/home/ubuntu/lapin_ws/src/install/lapin_driver/share/colcon-core/packages/lapin_driver)
[13.530s] INFO:colcon.colcon_ros.task.ament_python.build:Building ROS package in '/home/ubuntu/lapin_ws/src/lapin_bringup' with build type 'ament_python'
[13.532s] Level 1:colcon.colcon_core.shell:create_environment_hook('lapin_bringup', 'ament_prefix_path')
[13.538s] INFO:colcon.colcon_core.shell:Creating environment hook '/home/ubuntu/lapin_ws/src/install/lapin_bringup/share/lapin_bringup/hook/ament_prefix_path.ps1'
[13.545s] INFO:colcon.colcon_core.shell:Creating environment descriptor '/home/ubuntu/lapin_ws/src/install/lapin_bringup/share/lapin_bringup/hook/ament_prefix_path.dsv'
[13.550s] INFO:colcon.colcon_core.shell:Creating environment hook '/home/ubuntu/lapin_ws/src/install/lapin_bringup/share/lapin_bringup/hook/ament_prefix_path.sh'
[13.560s] INFO:colcon.colcon_core.shell:Skip shell extension 'powershell' for command environment: Not usable outside of PowerShell
[13.561s] DEBUG:colcon.colcon_core.shell:Skip shell extension 'dsv' for command environment
[13.580s] DEBUG:colcon.colcon_core.shell:Ignoring prefix path '/opt/ros/foxy'
[15.577s] INFO:colcon.colcon_core.task.python.build:Building Python package in '/home/ubuntu/lapin_ws/src/lapin_bringup'
[15.584s] INFO:colcon.colcon_core.shell:Skip shell extension 'powershell' for command environment: Not usable outside of PowerShell
[15.584s] DEBUG:colcon.colcon_core.shell:Skip shell extension 'dsv' for command environment
[15.603s] DEBUG:colcon.colcon_core.shell:Ignoring prefix path '/opt/ros/foxy'
[15.684s] DEBUG:colcon.colcon_core.event_handler.log_command:Invoking command in '/home/ubuntu/lapin_ws/src/build/lapin_bringup': AMENT_PREFIX_PATH=/home/ubuntu/lapin_ws/src/install/lapin_driver:/home/ubuntu/lapin_ws/src/install/lapin_msgs:${AMENT_PREFIX_PATH} CMAKE_PREFIX_PATH=/home/ubuntu/lapin_ws/src/install/lapin_msgs:${CMAKE_PREFIX_PATH} LD_LIBRARY_PATH=/home/ubuntu/lapin_ws/src/install/lapin_msgs/lib:${LD_LIBRARY_PATH} PYTHONPATH=/home/ubuntu/lapin_ws/src/install/lapin_bringup/lib/python3.8/site-packages:/home/ubuntu/lapin_ws/src/install/lapin_driver/lib/python3.8/site-packages:/home/ubuntu/lapin_ws/src/install/lapin_msgs/lib/python3.8/site-packages:${PYTHONPATH} /usr/bin/python3 setup.py develop --prefix /home/ubuntu/lapin_ws/src/install/lapin_bringup --uninstall --editable --build-directory /home/ubuntu/lapin_ws/src/build/lapin_bringup/build
[18.996s] DEBUG:colcon.colcon_core.event_handler.log_command:Invoked command in '/home/ubuntu/lapin_ws/src/build/lapin_bringup' returned '0': AMENT_PREFIX_PATH=/home/ubuntu/lapin_ws/src/install/lapin_driver:/home/ubuntu/lapin_ws/src/install/lapin_msgs:${AMENT_PREFIX_PATH} CMAKE_PREFIX_PATH=/home/ubuntu/lapin_ws/src/install/lapin_msgs:${CMAKE_PREFIX_PATH} LD_LIBRARY_PATH=/home/ubuntu/lapin_ws/src/install/lapin_msgs/lib:${LD_LIBRARY_PATH} PYTHONPATH=/home/ubuntu/lapin_ws/src/install/lapin_bringup/lib/python3.8/site-packages:/home/ubuntu/lapin_ws/src/install/lapin_driver/lib/python3.8/site-packages:/home/ubuntu/lapin_ws/src/install/lapin_msgs/lib/python3.8/site-packages:${PYTHONPATH} /usr/bin/python3 setup.py develop --prefix /home/ubuntu/lapin_ws/src/install/lapin_bringup --uninstall --editable --build-directory /home/ubuntu/lapin_ws/src/build/lapin_bringup/build
[19.003s] DEBUG:colcon.colcon_core.event_handler.log_command:Invoking command in '/home/ubuntu/lapin_ws/src/lapin_bringup': AMENT_PREFIX_PATH=/home/ubuntu/lapin_ws/src/install/lapin_driver:/home/ubuntu/lapin_ws/src/install/lapin_msgs:${AMENT_PREFIX_PATH} CMAKE_PREFIX_PATH=/home/ubuntu/lapin_ws/src/install/lapin_msgs:${CMAKE_PREFIX_PATH} LD_LIBRARY_PATH=/home/ubuntu/lapin_ws/src/install/lapin_msgs/lib:${LD_LIBRARY_PATH} PYTHONPATH=/home/ubuntu/lapin_ws/src/install/lapin_bringup/lib/python3.8/site-packages:/home/ubuntu/lapin_ws/src/install/lapin_driver/lib/python3.8/site-packages:/home/ubuntu/lapin_ws/src/install/lapin_msgs/lib/python3.8/site-packages:${PYTHONPATH} /usr/bin/python3 setup.py egg_info --egg-base /home/ubuntu/lapin_ws/src/build/lapin_bringup build --build-base /home/ubuntu/lapin_ws/src/build/lapin_bringup/build install --prefix /home/ubuntu/lapin_ws/src/install/lapin_bringup --record /home/ubuntu/lapin_ws/src/build/lapin_bringup/install.log --single-version-externally-managed
[21.573s] Level 1:colcon.colcon_core.environment:checking '/home/ubuntu/lapin_ws/src/install/lapin_bringup' for CMake module files
[21.578s] DEBUG:colcon.colcon_core.event_handler.log_command:Invoked command in '/home/ubuntu/lapin_ws/src/lapin_bringup' returned '0': AMENT_PREFIX_PATH=/home/ubuntu/lapin_ws/src/install/lapin_driver:/home/ubuntu/lapin_ws/src/install/lapin_msgs:${AMENT_PREFIX_PATH} CMAKE_PREFIX_PATH=/home/ubuntu/lapin_ws/src/install/lapin_msgs:${CMAKE_PREFIX_PATH} LD_LIBRARY_PATH=/home/ubuntu/lapin_ws/src/install/lapin_msgs/lib:${LD_LIBRARY_PATH} PYTHONPATH=/home/ubuntu/lapin_ws/src/install/lapin_bringup/lib/python3.8/site-packages:/home/ubuntu/lapin_ws/src/install/lapin_driver/lib/python3.8/site-packages:/home/ubuntu/lapin_ws/src/install/lapin_msgs/lib/python3.8/site-packages:${PYTHONPATH} /usr/bin/python3 setup.py egg_info --egg-base /home/ubuntu/lapin_ws/src/build/lapin_bringup build --build-base /home/ubuntu/lapin_ws/src/build/lapin_bringup/build install --prefix /home/ubuntu/lapin_ws/src/install/lapin_bringup --record /home/ubuntu/lapin_ws/src/build/lapin_bringup/install.log --single-version-externally-managed
[21.582s] Level 1:colcon.colcon_core.environment:checking '/home/ubuntu/lapin_ws/src/install/lapin_bringup' for CMake config files
[21.590s] Level 1:colcon.colcon_core.environment:checking '/home/ubuntu/lapin_ws/src/install/lapin_bringup/lib'
[21.591s] Level 1:colcon.colcon_core.environment:checking '/home/ubuntu/lapin_ws/src/install/lapin_bringup/bin'
[21.592s] Level 1:colcon.colcon_core.environment:checking '/home/ubuntu/lapin_ws/src/install/lapin_bringup/lib/pkgconfig/lapin_bringup.pc'
[21.592s] Level 1:colcon.colcon_core.environment:checking '/home/ubuntu/lapin_ws/src/install/lapin_bringup/lib/python3.8/site-packages'
[21.593s] Level 1:colcon.colcon_core.shell:create_environment_hook('lapin_bringup', 'pythonpath')
[21.600s] INFO:colcon.colcon_core.shell:Creating environment hook '/home/ubuntu/lapin_ws/src/install/lapin_bringup/share/lapin_bringup/hook/pythonpath.ps1'
[21.606s] INFO:colcon.colcon_core.shell:Creating environment descriptor '/home/ubuntu/lapin_ws/src/install/lapin_bringup/share/lapin_bringup/hook/pythonpath.dsv'
[21.610s] INFO:colcon.colcon_core.shell:Creating environment hook '/home/ubuntu/lapin_ws/src/install/lapin_bringup/share/lapin_bringup/hook/pythonpath.sh'
[21.615s] Level 1:colcon.colcon_core.environment:create_environment_scripts_only(lapin_bringup)
[21.621s] INFO:colcon.colcon_core.shell:Creating package script '/home/ubuntu/lapin_ws/src/install/lapin_bringup/share/lapin_bringup/package.ps1'
[21.629s] INFO:colcon.colcon_core.shell:Creating package descriptor '/home/ubuntu/lapin_ws/src/install/lapin_bringup/share/lapin_bringup/package.dsv'
[21.635s] INFO:colcon.colcon_core.shell:Creating package script '/home/ubuntu/lapin_ws/src/install/lapin_bringup/share/lapin_bringup/package.sh'
[21.640s] INFO:colcon.colcon_core.shell:Creating package script '/home/ubuntu/lapin_ws/src/install/lapin_bringup/share/lapin_bringup/package.bash'
[21.645s] INFO:colcon.colcon_core.shell:Creating package script '/home/ubuntu/lapin_ws/src/install/lapin_bringup/share/lapin_bringup/package.zsh'
[21.649s] Level 1:colcon.colcon_core.environment:create_file_with_runtime_dependencies(/home/ubuntu/lapin_ws/src/install/lapin_bringup/share/colcon-core/packages/lapin_bringup)
[21.653s] DEBUG:colcon.colcon_parallel_executor.executor.parallel:closing loop
[21.655s] DEBUG:colcon.colcon_parallel_executor.executor.parallel:loop closed
[21.657s] DEBUG:colcon.colcon_parallel_executor.executor.parallel:run_until_complete finished with '0'
[21.658s] DEBUG:colcon.colcon_core.event_reactor:joining thread
[21.708s] INFO:colcon.colcon_core.plugin_system:Skipping extension 'colcon_notification.desktop_notification.notify_send': Could not find 'notify-send'
[21.709s] INFO:colcon.colcon_core.plugin_system:Skipping extension 'colcon_notification.desktop_notification.terminal_notifier': Not used on non-Darwin systems
[21.710s] INFO:colcon.colcon_core.plugin_system:Skipping extension 'colcon_notification.desktop_notification.win32': Not used on non-Windows systems
[21.711s] INFO:colcon.colcon_notification.desktop_notification:Sending desktop notification using 'notify2'
[21.716s] DEBUG:colcon.colcon_notification.desktop_notification.notify2:Failed to initialize notify2: org.freedesktop.DBus.Error.ServiceUnknown: The name org.freedesktop.Notifications was not provided by any .service files
[21.717s] DEBUG:colcon.colcon_core.event_reactor:joined thread
[21.723s] INFO:colcon.colcon_core.shell:Creating prefix script '/home/ubuntu/lapin_ws/src/install/local_setup.ps1'
[21.731s] INFO:colcon.colcon_core.shell:Creating prefix util module '/home/ubuntu/lapin_ws/src/install/_local_setup_util_ps1.py'
[21.744s] INFO:colcon.colcon_core.shell:Creating prefix chain script '/home/ubuntu/lapin_ws/src/install/setup.ps1'
[21.773s] INFO:colcon.colcon_core.shell:Creating prefix script '/home/ubuntu/lapin_ws/src/install/local_setup.sh'
[21.779s] INFO:colcon.colcon_core.shell:Creating prefix util module '/home/ubuntu/lapin_ws/src/install/_local_setup_util_sh.py'
[21.784s] INFO:colcon.colcon_core.shell:Creating prefix chain script '/home/ubuntu/lapin_ws/src/install/setup.sh'
[21.805s] INFO:colcon.colcon_core.shell:Creating prefix script '/home/ubuntu/lapin_ws/src/install/local_setup.bash'
[21.811s] INFO:colcon.colcon_core.shell:Creating prefix chain script '/home/ubuntu/lapin_ws/src/install/setup.bash'
[21.832s] INFO:colcon.colcon_core.shell:Creating prefix script '/home/ubuntu/lapin_ws/src/install/local_setup.zsh'
[21.837s] INFO:colcon.colcon_core.shell:Creating prefix chain script '/home/ubuntu/lapin_ws/src/install/setup.zsh'
