[1.375s] DEBUG:colcon:Command line arguments: ['/usr/bin/colcon', 'build', '--symlink-install']
[1.376s] DEBUG:colcon:Parsed command line arguments: Namespace(ament_cmake_args=None, base_paths=['.'], build_base='build', catkin_cmake_args=None, catkin_skip_building_tests=False, cmake_args=None, cmake_clean_cache=False, cmake_clean_first=False, cmake_force_configure=False, cmake_target=None, cmake_target_skip_unavailable=False, continue_on_error=False, event_handlers=None, executor='parallel', ignore_user_meta=False, install_base='install', log_base=None, log_level=None, main=<bound method BuildVerb.main of <colcon_core.verb.build.BuildVerb object at 0xffffb486eb20>>, merge_install=False, metas=['./colcon.meta'], packages_above=None, packages_above_and_dependencies=None, packages_above_depth=None, packages_end=None, packages_ignore=None, packages_ignore_regex=None, packages_select=None, packages_select_build_failed=False, packages_select_by_dep=None, packages_select_regex=None, packages_select_test_failures=False, packages_skip=None, packages_skip_build_finished=False, packages_skip_by_dep=None, packages_skip_regex=None, packages_skip_test_passed=False, packages_skip_up_to=None, packages_start=None, packages_up_to=None, packages_up_to_regex=None, parallel_workers=4, paths=None, symlink_install=True, test_result_base=None, verb_extension=<colcon_core.verb.build.BuildVerb object at 0xffffb486eb20>, verb_name='build', verb_parser=<colcon_defaults.argument_parser.defaults.DefaultArgumentsDecorator object at 0xffffb487a0d0>)
[1.543s] Level 1:colcon.colcon_core.package_discovery:discover_packages(colcon_meta) check parameters
[1.544s] Level 1:colcon.colcon_core.package_discovery:discover_packages(recursive) check parameters
[1.545s] Level 1:colcon.colcon_core.package_discovery:discover_packages(ignore) check parameters
[1.546s] Level 1:colcon.colcon_core.package_discovery:discover_packages(path) check parameters
[1.546s] Level 1:colcon.colcon_core.package_discovery:discover_packages(colcon_meta) discover
[1.547s] Level 1:colcon.colcon_core.package_discovery:discover_packages(recursive) discover
[1.548s] INFO:colcon.colcon_core.package_discovery:Crawling recursively for packages in '/home/ubuntu/lapin_ws/src'
[1.549s] Level 1:colcon.colcon_core.package_identification:_identify(.) by extensions ['ignore', 'ignore_ament_install']
[1.550s] Level 1:colcon.colcon_core.package_identification:_identify(.) by extension 'ignore'
[1.551s] Level 1:colcon.colcon_core.package_identification:_identify(.) by extension 'ignore_ament_install'
[1.552s] Level 1:colcon.colcon_core.package_identification:_identify(.) by extensions ['colcon_pkg']
[1.553s] Level 1:colcon.colcon_core.package_identification:_identify(.) by extension 'colcon_pkg'
[1.554s] Level 1:colcon.colcon_core.package_identification:_identify(.) by extensions ['colcon_meta']
[1.554s] Level 1:colcon.colcon_core.package_identification:_identify(.) by extension 'colcon_meta'
[1.555s] Level 1:colcon.colcon_core.package_identification:_identify(.) by extensions ['ros']
[1.556s] Level 1:colcon.colcon_core.package_identification:_identify(.) by extension 'ros'
[1.656s] Level 1:colcon.colcon_core.package_identification:_identify(.) by extensions ['cmake', 'python']
[1.656s] Level 1:colcon.colcon_core.package_identification:_identify(.) by extension 'cmake'
[1.657s] Level 1:colcon.colcon_core.package_identification:_identify(.) by extension 'python'
[1.658s] Level 1:colcon.colcon_core.package_identification:_identify(.) by extensions ['python_setup_py']
[1.658s] Level 1:colcon.colcon_core.package_identification:_identify(.) by extension 'python_setup_py'
[1.660s] Level 1:colcon.colcon_core.package_identification:_identify(build) by extensions ['ignore', 'ignore_ament_install']
[1.661s] Level 1:colcon.colcon_core.package_identification:_identify(build) by extension 'ignore'
[1.662s] Level 1:colcon.colcon_core.package_identification:_identify(build) ignored
[1.664s] Level 1:colcon.colcon_core.package_identification:_identify(install) by extensions ['ignore', 'ignore_ament_install']
[1.665s] Level 1:colcon.colcon_core.package_identification:_identify(install) by extension 'ignore'
[1.666s] Level 1:colcon.colcon_core.package_identification:_identify(install) ignored
[1.667s] Level 1:colcon.colcon_core.package_identification:_identify(lapin_bringup) by extensions ['ignore', 'ignore_ament_install']
[1.668s] Level 1:colcon.colcon_core.package_identification:_identify(lapin_bringup) by extension 'ignore'
[1.669s] Level 1:colcon.colcon_core.package_identification:_identify(lapin_bringup) by extension 'ignore_ament_install'
[1.670s] Level 1:colcon.colcon_core.package_identification:_identify(lapin_bringup) by extensions ['colcon_pkg']
[1.671s] Level 1:colcon.colcon_core.package_identification:_identify(lapin_bringup) by extension 'colcon_pkg'
[1.672s] Level 1:colcon.colcon_core.package_identification:_identify(lapin_bringup) by extensions ['colcon_meta']
[1.672s] Level 1:colcon.colcon_core.package_identification:_identify(lapin_bringup) by extension 'colcon_meta'
[1.673s] Level 1:colcon.colcon_core.package_identification:_identify(lapin_bringup) by extensions ['ros']
[1.674s] Level 1:colcon.colcon_core.package_identification:_identify(lapin_bringup) by extension 'ros'
[1.696s] DEBUG:colcon.colcon_core.package_identification:Package 'lapin_bringup' with type 'ros.ament_python' and name 'lapin_bringup'
[1.697s] Level 1:colcon.colcon_core.package_identification:_identify(lapin_driver) by extensions ['ignore', 'ignore_ament_install']
[1.699s] Level 1:colcon.colcon_core.package_identification:_identify(lapin_driver) by extension 'ignore'
[1.700s] Level 1:colcon.colcon_core.package_identification:_identify(lapin_driver) by extension 'ignore_ament_install'
[1.701s] Level 1:colcon.colcon_core.package_identification:_identify(lapin_driver) by extensions ['colcon_pkg']
[1.702s] Level 1:colcon.colcon_core.package_identification:_identify(lapin_driver) by extension 'colcon_pkg'
[1.703s] Level 1:colcon.colcon_core.package_identification:_identify(lapin_driver) by extensions ['colcon_meta']
[1.704s] Level 1:colcon.colcon_core.package_identification:_identify(lapin_driver) by extension 'colcon_meta'
[1.705s] Level 1:colcon.colcon_core.package_identification:_identify(lapin_driver) by extensions ['ros']
[1.706s] Level 1:colcon.colcon_core.package_identification:_identify(lapin_driver) by extension 'ros'
[1.716s] DEBUG:colcon.colcon_core.package_identification:Package 'lapin_driver' with type 'ros.ament_python' and name 'lapin_driver'
[1.718s] Level 1:colcon.colcon_core.package_identification:_identify(lapin_msgs) by extensions ['ignore', 'ignore_ament_install']
[1.720s] Level 1:colcon.colcon_core.package_identification:_identify(lapin_msgs) by extension 'ignore'
[1.721s] Level 1:colcon.colcon_core.package_identification:_identify(lapin_msgs) by extension 'ignore_ament_install'
[1.722s] Level 1:colcon.colcon_core.package_identification:_identify(lapin_msgs) by extensions ['colcon_pkg']
[1.723s] Level 1:colcon.colcon_core.package_identification:_identify(lapin_msgs) by extension 'colcon_pkg'
[1.724s] Level 1:colcon.colcon_core.package_identification:_identify(lapin_msgs) by extensions ['colcon_meta']
[1.725s] Level 1:colcon.colcon_core.package_identification:_identify(lapin_msgs) by extension 'colcon_meta'
[1.726s] Level 1:colcon.colcon_core.package_identification:_identify(lapin_msgs) by extensions ['ros']
[1.727s] Level 1:colcon.colcon_core.package_identification:_identify(lapin_msgs) by extension 'ros'
[1.733s] DEBUG:colcon.colcon_core.package_identification:Package 'lapin_msgs' with type 'ros.ament_cmake' and name 'lapin_msgs'
[1.735s] Level 1:colcon.colcon_core.package_identification:_identify(log) by extensions ['ignore', 'ignore_ament_install']
[1.736s] Level 1:colcon.colcon_core.package_identification:_identify(log) by extension 'ignore'
[1.737s] Level 1:colcon.colcon_core.package_identification:_identify(log) ignored
[1.738s] Level 1:colcon.colcon_core.package_discovery:discover_packages(recursive) using defaults
[1.739s] Level 1:colcon.colcon_core.package_discovery:discover_packages(ignore) discover
[1.739s] Level 1:colcon.colcon_core.package_discovery:discover_packages(ignore) using defaults
[1.740s] Level 1:colcon.colcon_core.package_discovery:discover_packages(path) discover
[1.740s] Level 1:colcon.colcon_core.package_discovery:discover_packages(path) using defaults
[1.787s] Level 5:colcon.colcon_core.verb:set package 'lapin_bringup' build argument 'cmake_args' from command line to 'None'
[1.788s] Level 5:colcon.colcon_core.verb:set package 'lapin_bringup' build argument 'cmake_target' from command line to 'None'
[1.788s] Level 5:colcon.colcon_core.verb:set package 'lapin_bringup' build argument 'cmake_target_skip_unavailable' from command line to 'False'
[1.789s] Level 5:colcon.colcon_core.verb:set package 'lapin_bringup' build argument 'cmake_clean_cache' from command line to 'False'
[1.790s] Level 5:colcon.colcon_core.verb:set package 'lapin_bringup' build argument 'cmake_clean_first' from command line to 'False'
[1.790s] Level 5:colcon.colcon_core.verb:set package 'lapin_bringup' build argument 'cmake_force_configure' from command line to 'False'
[1.791s] Level 5:colcon.colcon_core.verb:set package 'lapin_bringup' build argument 'ament_cmake_args' from command line to 'None'
[1.791s] Level 5:colcon.colcon_core.verb:set package 'lapin_bringup' build argument 'catkin_cmake_args' from command line to 'None'
[1.792s] Level 5:colcon.colcon_core.verb:set package 'lapin_bringup' build argument 'catkin_skip_building_tests' from command line to 'False'
[1.792s] DEBUG:colcon.colcon_core.verb:Building package 'lapin_bringup' with the following arguments: {'ament_cmake_args': None, 'build_base': '/home/ubuntu/lapin_ws/src/build/lapin_bringup', 'catkin_cmake_args': None, 'catkin_skip_building_tests': False, 'cmake_args': None, 'cmake_clean_cache': False, 'cmake_clean_first': False, 'cmake_force_configure': False, 'cmake_target': None, 'cmake_target_skip_unavailable': False, 'install_base': '/home/ubuntu/lapin_ws/src/install/lapin_bringup', 'merge_install': False, 'path': '/home/ubuntu/lapin_ws/src/lapin_bringup', 'symlink_install': True, 'test_result_base': None}
[1.816s] Level 5:colcon.colcon_core.verb:set package 'lapin_msgs' build argument 'cmake_args' from command line to 'None'
[1.817s] Level 5:colcon.colcon_core.verb:set package 'lapin_msgs' build argument 'cmake_target' from command line to 'None'
[1.817s] Level 5:colcon.colcon_core.verb:set package 'lapin_msgs' build argument 'cmake_target_skip_unavailable' from command line to 'False'
[1.818s] Level 5:colcon.colcon_core.verb:set package 'lapin_msgs' build argument 'cmake_clean_cache' from command line to 'False'
[1.818s] Level 5:colcon.colcon_core.verb:set package 'lapin_msgs' build argument 'cmake_clean_first' from command line to 'False'
[1.819s] Level 5:colcon.colcon_core.verb:set package 'lapin_msgs' build argument 'cmake_force_configure' from command line to 'False'
[1.819s] Level 5:colcon.colcon_core.verb:set package 'lapin_msgs' build argument 'ament_cmake_args' from command line to 'None'
[1.820s] Level 5:colcon.colcon_core.verb:set package 'lapin_msgs' build argument 'catkin_cmake_args' from command line to 'None'
[1.820s] Level 5:colcon.colcon_core.verb:set package 'lapin_msgs' build argument 'catkin_skip_building_tests' from command line to 'False'
[1.821s] DEBUG:colcon.colcon_core.verb:Building package 'lapin_msgs' with the following arguments: {'ament_cmake_args': None, 'build_base': '/home/ubuntu/lapin_ws/src/build/lapin_msgs', 'catkin_cmake_args': None, 'catkin_skip_building_tests': False, 'cmake_args': None, 'cmake_clean_cache': False, 'cmake_clean_first': False, 'cmake_force_configure': False, 'cmake_target': None, 'cmake_target_skip_unavailable': False, 'install_base': '/home/ubuntu/lapin_ws/src/install/lapin_msgs', 'merge_install': False, 'path': '/home/ubuntu/lapin_ws/src/lapin_msgs', 'symlink_install': True, 'test_result_base': None}
[1.846s] Level 5:colcon.colcon_core.verb:set package 'lapin_driver' build argument 'cmake_args' from command line to 'None'
[1.847s] Level 5:colcon.colcon_core.verb:set package 'lapin_driver' build argument 'cmake_target' from command line to 'None'
[1.848s] Level 5:colcon.colcon_core.verb:set package 'lapin_driver' build argument 'cmake_target_skip_unavailable' from command line to 'False'
[1.848s] Level 5:colcon.colcon_core.verb:set package 'lapin_driver' build argument 'cmake_clean_cache' from command line to 'False'
[1.849s] Level 5:colcon.colcon_core.verb:set package 'lapin_driver' build argument 'cmake_clean_first' from command line to 'False'
[1.850s] Level 5:colcon.colcon_core.verb:set package 'lapin_driver' build argument 'cmake_force_configure' from command line to 'False'
[1.850s] Level 5:colcon.colcon_core.verb:set package 'lapin_driver' build argument 'ament_cmake_args' from command line to 'None'
[1.851s] Level 5:colcon.colcon_core.verb:set package 'lapin_driver' build argument 'catkin_cmake_args' from command line to 'None'
[1.851s] Level 5:colcon.colcon_core.verb:set package 'lapin_driver' build argument 'catkin_skip_building_tests' from command line to 'False'
[1.852s] DEBUG:colcon.colcon_core.verb:Building package 'lapin_driver' with the following arguments: {'ament_cmake_args': None, 'build_base': '/home/ubuntu/lapin_ws/src/build/lapin_driver', 'catkin_cmake_args': None, 'catkin_skip_building_tests': False, 'cmake_args': None, 'cmake_clean_cache': False, 'cmake_clean_first': False, 'cmake_force_configure': False, 'cmake_target': None, 'cmake_target_skip_unavailable': False, 'install_base': '/home/ubuntu/lapin_ws/src/install/lapin_driver', 'merge_install': False, 'path': '/home/ubuntu/lapin_ws/src/lapin_driver', 'symlink_install': True, 'test_result_base': None}
[1.855s] INFO:colcon.colcon_core.executor:Executing jobs using 'parallel' executor
[1.871s] DEBUG:colcon.colcon_parallel_executor.executor.parallel:run_until_complete
[1.875s] INFO:colcon.colcon_ros.task.ament_cmake.build:Building ROS package in '/home/ubuntu/lapin_ws/src/lapin_msgs' with build type 'ament_cmake'
[1.908s] INFO:colcon.colcon_core.plugin_system:Skipping extension 'colcon_core.shell.bat': Not used on non-Windows systems
[1.909s] INFO:colcon.colcon_cmake.task.cmake.build:Building CMake package in '/home/ubuntu/lapin_ws/src/lapin_msgs'
[1.915s] INFO:colcon.colcon_core.shell:Skip shell extension 'powershell' for command environment: Not usable outside of PowerShell
[1.916s] DEBUG:colcon.colcon_core.shell:Skip shell extension 'dsv' for command environment
[1.939s] DEBUG:colcon.colcon_core.shell:Ignoring prefix path '/opt/ros/foxy'
[1.961s] INFO:colcon.colcon_ros.task.ament_python.build:Building ROS package in '/home/ubuntu/lapin_ws/src/lapin_bringup' with build type 'ament_python'
[1.964s] Level 1:colcon.colcon_core.shell:create_environment_hook('lapin_bringup', 'ament_prefix_path')
[1.972s] INFO:colcon.colcon_core.shell:Creating environment hook '/home/ubuntu/lapin_ws/src/install/lapin_bringup/share/lapin_bringup/hook/ament_prefix_path.ps1'
[1.981s] INFO:colcon.colcon_core.shell:Creating environment descriptor '/home/ubuntu/lapin_ws/src/install/lapin_bringup/share/lapin_bringup/hook/ament_prefix_path.dsv'
[1.987s] INFO:colcon.colcon_core.shell:Creating environment hook '/home/ubuntu/lapin_ws/src/install/lapin_bringup/share/lapin_bringup/hook/ament_prefix_path.sh'
[1.999s] INFO:colcon.colcon_core.shell:Skip shell extension 'powershell' for command environment: Not usable outside of PowerShell
[2.000s] DEBUG:colcon.colcon_core.shell:Skip shell extension 'dsv' for command environment
[2.018s] DEBUG:colcon.colcon_core.shell:Ignoring prefix path '/opt/ros/foxy'
[2.067s] DEBUG:colcon.colcon_core.event_handler.log_command:Invoking command in '/home/ubuntu/lapin_ws/src/build/lapin_msgs': CMAKE_PREFIX_PATH=${CMAKE_PREFIX_PATH}:/home/ubuntu/lapin_ws/install/lapin_driver:/opt/ros/foxy /usr/bin/cmake /home/ubuntu/lapin_ws/src/lapin_msgs -DAMENT_CMAKE_SYMLINK_INSTALL=1 -DCMAKE_INSTALL_PREFIX=/home/ubuntu/lapin_ws/src/install/lapin_msgs
[4.383s] INFO:colcon.colcon_core.task.python.build:Building Python package in '/home/ubuntu/lapin_ws/src/lapin_bringup'
[4.391s] INFO:colcon.colcon_core.shell:Skip shell extension 'powershell' for command environment: Not usable outside of PowerShell
[4.392s] DEBUG:colcon.colcon_core.shell:Skip shell extension 'dsv' for command environment
[4.411s] DEBUG:colcon.colcon_core.shell:Ignoring prefix path '/opt/ros/foxy'
[4.490s] DEBUG:colcon.colcon_core.event_handler.log_command:Invoking command in '/home/ubuntu/lapin_ws/src/build/lapin_bringup': PYTHONPATH=/home/ubuntu/lapin_ws/src/install/lapin_bringup/lib/python3.8/site-packages:${PYTHONPATH} /usr/bin/python3 setup.py develop --prefix /home/ubuntu/lapin_ws/src/install/lapin_bringup --editable --build-directory /home/ubuntu/lapin_ws/src/build/lapin_bringup/build --no-deps install_data --install-dir /home/ubuntu/lapin_ws/src/install/lapin_bringup
[8.776s] Level 1:colcon.colcon_core.shell:create_environment_hook('lapin_bringup', 'pythonpath_develop')
[8.784s] INFO:colcon.colcon_core.shell:Creating environment hook '/home/ubuntu/lapin_ws/src/build/lapin_bringup/share/lapin_bringup/hook/pythonpath_develop.ps1'
[8.785s] DEBUG:colcon.colcon_core.event_handler.log_command:Invoked command in '/home/ubuntu/lapin_ws/src/build/lapin_bringup' returned '0': PYTHONPATH=/home/ubuntu/lapin_ws/src/install/lapin_bringup/lib/python3.8/site-packages:${PYTHONPATH} /usr/bin/python3 setup.py develop --prefix /home/ubuntu/lapin_ws/src/install/lapin_bringup --editable --build-directory /home/ubuntu/lapin_ws/src/build/lapin_bringup/build --no-deps install_data --install-dir /home/ubuntu/lapin_ws/src/install/lapin_bringup
[8.791s] INFO:colcon.colcon_core.shell:Creating environment descriptor '/home/ubuntu/lapin_ws/src/build/lapin_bringup/share/lapin_bringup/hook/pythonpath_develop.dsv'
[8.798s] INFO:colcon.colcon_core.shell:Creating environment hook '/home/ubuntu/lapin_ws/src/build/lapin_bringup/share/lapin_bringup/hook/pythonpath_develop.sh'
[8.842s] Level 1:colcon.colcon_core.environment:checking '/home/ubuntu/lapin_ws/src/install/lapin_bringup' for CMake module files
[8.847s] Level 1:colcon.colcon_core.environment:checking '/home/ubuntu/lapin_ws/src/install/lapin_bringup' for CMake config files
[8.856s] Level 1:colcon.colcon_core.environment:checking '/home/ubuntu/lapin_ws/src/install/lapin_bringup/lib'
[8.858s] Level 1:colcon.colcon_core.environment:checking '/home/ubuntu/lapin_ws/src/install/lapin_bringup/bin'
[8.860s] Level 1:colcon.colcon_core.environment:checking '/home/ubuntu/lapin_ws/src/install/lapin_bringup/lib/pkgconfig/lapin_bringup.pc'
[8.861s] Level 1:colcon.colcon_core.environment:checking '/home/ubuntu/lapin_ws/src/install/lapin_bringup/lib/python3.8/site-packages'
[8.862s] Level 1:colcon.colcon_core.shell:create_environment_hook('lapin_bringup', 'pythonpath')
[8.868s] INFO:colcon.colcon_core.shell:Creating environment hook '/home/ubuntu/lapin_ws/src/install/lapin_bringup/share/lapin_bringup/hook/pythonpath.ps1'
[8.872s] INFO:colcon.colcon_core.shell:Creating environment descriptor '/home/ubuntu/lapin_ws/src/install/lapin_bringup/share/lapin_bringup/hook/pythonpath.dsv'
[8.876s] INFO:colcon.colcon_core.shell:Creating environment hook '/home/ubuntu/lapin_ws/src/install/lapin_bringup/share/lapin_bringup/hook/pythonpath.sh'
[8.881s] Level 1:colcon.colcon_core.environment:create_environment_scripts_only(lapin_bringup)
[8.890s] INFO:colcon.colcon_core.shell:Creating package script '/home/ubuntu/lapin_ws/src/install/lapin_bringup/share/lapin_bringup/package.ps1'
[8.902s] INFO:colcon.colcon_core.shell:Creating package descriptor '/home/ubuntu/lapin_ws/src/install/lapin_bringup/share/lapin_bringup/package.dsv'
[8.910s] INFO:colcon.colcon_core.shell:Creating package script '/home/ubuntu/lapin_ws/src/install/lapin_bringup/share/lapin_bringup/package.sh'
[8.921s] INFO:colcon.colcon_core.shell:Creating package script '/home/ubuntu/lapin_ws/src/install/lapin_bringup/share/lapin_bringup/package.bash'
[8.929s] INFO:colcon.colcon_core.shell:Creating package script '/home/ubuntu/lapin_ws/src/install/lapin_bringup/share/lapin_bringup/package.zsh'
[8.937s] Level 1:colcon.colcon_core.environment:create_file_with_runtime_dependencies(/home/ubuntu/lapin_ws/src/install/lapin_bringup/share/colcon-core/packages/lapin_bringup)
[12.547s] DEBUG:colcon.colcon_core.event_handler.log_command:Invoked command in '/home/ubuntu/lapin_ws/src/build/lapin_msgs' returned '0': CMAKE_PREFIX_PATH=${CMAKE_PREFIX_PATH}:/home/ubuntu/lapin_ws/install/lapin_driver:/opt/ros/foxy /usr/bin/cmake /home/ubuntu/lapin_ws/src/lapin_msgs -DAMENT_CMAKE_SYMLINK_INSTALL=1 -DCMAKE_INSTALL_PREFIX=/home/ubuntu/lapin_ws/src/install/lapin_msgs
[12.575s] DEBUG:colcon.colcon_core.event_handler.log_command:Invoking command in '/home/ubuntu/lapin_ws/src/build/lapin_msgs': CMAKE_PREFIX_PATH=${CMAKE_PREFIX_PATH}:/home/ubuntu/lapin_ws/install/lapin_driver:/opt/ros/foxy /usr/bin/cmake --build /home/ubuntu/lapin_ws/src/build/lapin_msgs -- -j4 -l4
[45.183s] DEBUG:colcon.colcon_core.event_handler.log_command:Invoked command in '/home/ubuntu/lapin_ws/src/build/lapin_msgs' returned '0': CMAKE_PREFIX_PATH=${CMAKE_PREFIX_PATH}:/home/ubuntu/lapin_ws/install/lapin_driver:/opt/ros/foxy /usr/bin/cmake --build /home/ubuntu/lapin_ws/src/build/lapin_msgs -- -j4 -l4
[45.879s] DEBUG:colcon.colcon_core.event_handler.log_command:Invoking command in '/home/ubuntu/lapin_ws/src/build/lapin_msgs': CMAKE_PREFIX_PATH=${CMAKE_PREFIX_PATH}:/home/ubuntu/lapin_ws/install/lapin_driver:/opt/ros/foxy /usr/bin/cmake --install /home/ubuntu/lapin_ws/src/build/lapin_msgs
[51.087s] Level 1:colcon.colcon_core.environment:create_environment_scripts_only(lapin_msgs)
[51.097s] Level 1:colcon.colcon_core.environment:checking '/home/ubuntu/lapin_ws/src/install/lapin_msgs' for CMake module files
[51.101s] DEBUG:colcon.colcon_core.event_handler.log_command:Invoked command in '/home/ubuntu/lapin_ws/src/build/lapin_msgs' returned '0': CMAKE_PREFIX_PATH=${CMAKE_PREFIX_PATH}:/home/ubuntu/lapin_ws/install/lapin_driver:/opt/ros/foxy /usr/bin/cmake --install /home/ubuntu/lapin_ws/src/build/lapin_msgs
[51.109s] Level 1:colcon.colcon_core.environment:checking '/home/ubuntu/lapin_ws/src/install/lapin_msgs' for CMake config files
[51.118s] Level 1:colcon.colcon_core.shell:create_environment_hook('lapin_msgs', 'cmake_prefix_path')
[51.124s] INFO:colcon.colcon_core.shell:Creating environment hook '/home/ubuntu/lapin_ws/src/install/lapin_msgs/share/lapin_msgs/hook/cmake_prefix_path.ps1'
[51.128s] INFO:colcon.colcon_core.shell:Creating environment descriptor '/home/ubuntu/lapin_ws/src/install/lapin_msgs/share/lapin_msgs/hook/cmake_prefix_path.dsv'
[51.132s] INFO:colcon.colcon_core.shell:Creating environment hook '/home/ubuntu/lapin_ws/src/install/lapin_msgs/share/lapin_msgs/hook/cmake_prefix_path.sh'
[51.138s] Level 1:colcon.colcon_core.environment:checking '/home/ubuntu/lapin_ws/src/install/lapin_msgs/lib'
[51.139s] Level 1:colcon.colcon_core.shell:create_environment_hook('lapin_msgs', 'ld_library_path_lib')
[51.144s] INFO:colcon.colcon_core.shell:Creating environment hook '/home/ubuntu/lapin_ws/src/install/lapin_msgs/share/lapin_msgs/hook/ld_library_path_lib.ps1'
[51.148s] INFO:colcon.colcon_core.shell:Creating environment descriptor '/home/ubuntu/lapin_ws/src/install/lapin_msgs/share/lapin_msgs/hook/ld_library_path_lib.dsv'
[51.152s] INFO:colcon.colcon_core.shell:Creating environment hook '/home/ubuntu/lapin_ws/src/install/lapin_msgs/share/lapin_msgs/hook/ld_library_path_lib.sh'
[51.156s] Level 1:colcon.colcon_core.environment:checking '/home/ubuntu/lapin_ws/src/install/lapin_msgs/bin'
[51.157s] Level 1:colcon.colcon_core.environment:checking '/home/ubuntu/lapin_ws/src/install/lapin_msgs/lib/pkgconfig/lapin_msgs.pc'
[51.158s] Level 1:colcon.colcon_core.environment:checking '/home/ubuntu/lapin_ws/src/install/lapin_msgs/lib/python3.8/site-packages'
[51.159s] Level 1:colcon.colcon_core.shell:create_environment_hook('lapin_msgs', 'pythonpath')
[51.165s] INFO:colcon.colcon_core.shell:Creating environment hook '/home/ubuntu/lapin_ws/src/install/lapin_msgs/share/lapin_msgs/hook/pythonpath.ps1'
[51.169s] INFO:colcon.colcon_core.shell:Creating environment descriptor '/home/ubuntu/lapin_ws/src/install/lapin_msgs/share/lapin_msgs/hook/pythonpath.dsv'
[51.172s] INFO:colcon.colcon_core.shell:Creating environment hook '/home/ubuntu/lapin_ws/src/install/lapin_msgs/share/lapin_msgs/hook/pythonpath.sh'
[51.183s] INFO:colcon.colcon_core.shell:Creating package script '/home/ubuntu/lapin_ws/src/install/lapin_msgs/share/lapin_msgs/package.ps1'
[51.189s] INFO:colcon.colcon_core.shell:Creating package descriptor '/home/ubuntu/lapin_ws/src/install/lapin_msgs/share/lapin_msgs/package.dsv'
[51.194s] INFO:colcon.colcon_core.shell:Creating package script '/home/ubuntu/lapin_ws/src/install/lapin_msgs/share/lapin_msgs/package.sh'
[51.200s] INFO:colcon.colcon_core.shell:Creating package script '/home/ubuntu/lapin_ws/src/install/lapin_msgs/share/lapin_msgs/package.bash'
[51.204s] INFO:colcon.colcon_core.shell:Creating package script '/home/ubuntu/lapin_ws/src/install/lapin_msgs/share/lapin_msgs/package.zsh'
[51.210s] Level 1:colcon.colcon_core.environment:create_file_with_runtime_dependencies(/home/ubuntu/lapin_ws/src/install/lapin_msgs/share/colcon-core/packages/lapin_msgs)
[51.214s] INFO:colcon.colcon_ros.task.ament_python.build:Building ROS package in '/home/ubuntu/lapin_ws/src/lapin_driver' with build type 'ament_python'
[51.216s] Level 1:colcon.colcon_core.shell:create_environment_hook('lapin_driver', 'ament_prefix_path')
[51.222s] INFO:colcon.colcon_core.shell:Creating environment hook '/home/ubuntu/lapin_ws/src/install/lapin_driver/share/lapin_driver/hook/ament_prefix_path.ps1'
[51.230s] INFO:colcon.colcon_core.shell:Creating environment descriptor '/home/ubuntu/lapin_ws/src/install/lapin_driver/share/lapin_driver/hook/ament_prefix_path.dsv'
[51.235s] INFO:colcon.colcon_core.shell:Creating environment hook '/home/ubuntu/lapin_ws/src/install/lapin_driver/share/lapin_driver/hook/ament_prefix_path.sh'
[51.243s] INFO:colcon.colcon_core.shell:Skip shell extension 'powershell' for command environment: Not usable outside of PowerShell
[51.244s] DEBUG:colcon.colcon_core.shell:Skip shell extension 'dsv' for command environment
[51.264s] DEBUG:colcon.colcon_core.shell:Ignoring prefix path '/opt/ros/foxy'
[53.256s] INFO:colcon.colcon_core.task.python.build:Building Python package in '/home/ubuntu/lapin_ws/src/lapin_driver'
[53.263s] INFO:colcon.colcon_core.shell:Skip shell extension 'powershell' for command environment: Not usable outside of PowerShell
[53.263s] DEBUG:colcon.colcon_core.shell:Skip shell extension 'dsv' for command environment
[53.280s] DEBUG:colcon.colcon_core.shell:Ignoring prefix path '/opt/ros/foxy'
[53.361s] DEBUG:colcon.colcon_core.event_handler.log_command:Invoking command in '/home/ubuntu/lapin_ws/src/build/lapin_driver': AMENT_PREFIX_PATH=/home/ubuntu/lapin_ws/src/install/lapin_msgs:${AMENT_PREFIX_PATH} CMAKE_PREFIX_PATH=/home/ubuntu/lapin_ws/src/install/lapin_msgs:${CMAKE_PREFIX_PATH} LD_LIBRARY_PATH=/home/ubuntu/lapin_ws/src/install/lapin_msgs/lib:${LD_LIBRARY_PATH} PYTHONPATH=/home/ubuntu/lapin_ws/src/install/lapin_driver/lib/python3.8/site-packages:/home/ubuntu/lapin_ws/src/install/lapin_msgs/lib/python3.8/site-packages:${PYTHONPATH} /usr/bin/python3 setup.py develop --prefix /home/ubuntu/lapin_ws/src/install/lapin_driver --editable --build-directory /home/ubuntu/lapin_ws/src/build/lapin_driver/build --no-deps install_data --install-dir /home/ubuntu/lapin_ws/src/install/lapin_driver
[57.077s] Level 1:colcon.colcon_core.shell:create_environment_hook('lapin_driver', 'pythonpath_develop')
[57.085s] INFO:colcon.colcon_core.shell:Creating environment hook '/home/ubuntu/lapin_ws/src/build/lapin_driver/share/lapin_driver/hook/pythonpath_develop.ps1'
[57.087s] DEBUG:colcon.colcon_core.event_handler.log_command:Invoked command in '/home/ubuntu/lapin_ws/src/build/lapin_driver' returned '0': AMENT_PREFIX_PATH=/home/ubuntu/lapin_ws/src/install/lapin_msgs:${AMENT_PREFIX_PATH} CMAKE_PREFIX_PATH=/home/ubuntu/lapin_ws/src/install/lapin_msgs:${CMAKE_PREFIX_PATH} LD_LIBRARY_PATH=/home/ubuntu/lapin_ws/src/install/lapin_msgs/lib:${LD_LIBRARY_PATH} PYTHONPATH=/home/ubuntu/lapin_ws/src/install/lapin_driver/lib/python3.8/site-packages:/home/ubuntu/lapin_ws/src/install/lapin_msgs/lib/python3.8/site-packages:${PYTHONPATH} /usr/bin/python3 setup.py develop --prefix /home/ubuntu/lapin_ws/src/install/lapin_driver --editable --build-directory /home/ubuntu/lapin_ws/src/build/lapin_driver/build --no-deps install_data --install-dir /home/ubuntu/lapin_ws/src/install/lapin_driver
[57.094s] INFO:colcon.colcon_core.shell:Creating environment descriptor '/home/ubuntu/lapin_ws/src/build/lapin_driver/share/lapin_driver/hook/pythonpath_develop.dsv'
[57.098s] INFO:colcon.colcon_core.shell:Creating environment hook '/home/ubuntu/lapin_ws/src/build/lapin_driver/share/lapin_driver/hook/pythonpath_develop.sh'
[57.111s] Level 1:colcon.colcon_core.environment:checking '/home/ubuntu/lapin_ws/src/install/lapin_driver' for CMake module files
[57.116s] Level 1:colcon.colcon_core.environment:checking '/home/ubuntu/lapin_ws/src/install/lapin_driver' for CMake config files
[57.122s] Level 1:colcon.colcon_core.environment:checking '/home/ubuntu/lapin_ws/src/install/lapin_driver/lib'
[57.123s] Level 1:colcon.colcon_core.environment:checking '/home/ubuntu/lapin_ws/src/install/lapin_driver/bin'
[57.124s] Level 1:colcon.colcon_core.environment:checking '/home/ubuntu/lapin_ws/src/install/lapin_driver/lib/pkgconfig/lapin_driver.pc'
[57.125s] Level 1:colcon.colcon_core.environment:checking '/home/ubuntu/lapin_ws/src/install/lapin_driver/lib/python3.8/site-packages'
[57.126s] Level 1:colcon.colcon_core.shell:create_environment_hook('lapin_driver', 'pythonpath')
[57.132s] INFO:colcon.colcon_core.shell:Creating environment hook '/home/ubuntu/lapin_ws/src/install/lapin_driver/share/lapin_driver/hook/pythonpath.ps1'
[57.136s] INFO:colcon.colcon_core.shell:Creating environment descriptor '/home/ubuntu/lapin_ws/src/install/lapin_driver/share/lapin_driver/hook/pythonpath.dsv'
[57.139s] INFO:colcon.colcon_core.shell:Creating environment hook '/home/ubuntu/lapin_ws/src/install/lapin_driver/share/lapin_driver/hook/pythonpath.sh'
[57.144s] Level 1:colcon.colcon_core.environment:create_environment_scripts_only(lapin_driver)
[57.151s] INFO:colcon.colcon_core.shell:Creating package script '/home/ubuntu/lapin_ws/src/install/lapin_driver/share/lapin_driver/package.ps1'
[57.157s] INFO:colcon.colcon_core.shell:Creating package descriptor '/home/ubuntu/lapin_ws/src/install/lapin_driver/share/lapin_driver/package.dsv'
[57.162s] INFO:colcon.colcon_core.shell:Creating package script '/home/ubuntu/lapin_ws/src/install/lapin_driver/share/lapin_driver/package.sh'
[57.167s] INFO:colcon.colcon_core.shell:Creating package script '/home/ubuntu/lapin_ws/src/install/lapin_driver/share/lapin_driver/package.bash'
[57.171s] INFO:colcon.colcon_core.shell:Creating package script '/home/ubuntu/lapin_ws/src/install/lapin_driver/share/lapin_driver/package.zsh'
[57.175s] Level 1:colcon.colcon_core.environment:create_file_with_runtime_dependencies(/home/ubuntu/lapin_ws/src/install/lapin_driver/share/colcon-core/packages/lapin_driver)
[57.178s] DEBUG:colcon.colcon_parallel_executor.executor.parallel:closing loop
[57.181s] DEBUG:colcon.colcon_parallel_executor.executor.parallel:loop closed
[57.182s] DEBUG:colcon.colcon_parallel_executor.executor.parallel:run_until_complete finished with '0'
[57.183s] DEBUG:colcon.colcon_core.event_reactor:joining thread
[57.249s] INFO:colcon.colcon_core.plugin_system:Skipping extension 'colcon_notification.desktop_notification.notify_send': Could not find 'notify-send'
[57.251s] INFO:colcon.colcon_core.plugin_system:Skipping extension 'colcon_notification.desktop_notification.terminal_notifier': Not used on non-Darwin systems
[57.264s] INFO:colcon.colcon_core.plugin_system:Skipping extension 'colcon_notification.desktop_notification.win32': Not used on non-Windows systems
[57.265s] INFO:colcon.colcon_notification.desktop_notification:Sending desktop notification using 'notify2'
[57.273s] DEBUG:colcon.colcon_notification.desktop_notification.notify2:Failed to initialize notify2: org.freedesktop.DBus.Error.ServiceUnknown: The name org.freedesktop.Notifications was not provided by any .service files
[57.274s] DEBUG:colcon.colcon_core.event_reactor:joined thread
[57.280s] INFO:colcon.colcon_core.shell:Creating prefix script '/home/ubuntu/lapin_ws/src/install/local_setup.ps1'
[57.289s] INFO:colcon.colcon_core.shell:Creating prefix util module '/home/ubuntu/lapin_ws/src/install/_local_setup_util_ps1.py'
[57.302s] INFO:colcon.colcon_core.shell:Creating prefix chain script '/home/ubuntu/lapin_ws/src/install/setup.ps1'
[57.335s] INFO:colcon.colcon_core.shell:Creating prefix script '/home/ubuntu/lapin_ws/src/install/local_setup.sh'
[57.342s] INFO:colcon.colcon_core.shell:Creating prefix util module '/home/ubuntu/lapin_ws/src/install/_local_setup_util_sh.py'
[57.347s] INFO:colcon.colcon_core.shell:Creating prefix chain script '/home/ubuntu/lapin_ws/src/install/setup.sh'
[57.368s] INFO:colcon.colcon_core.shell:Creating prefix script '/home/ubuntu/lapin_ws/src/install/local_setup.bash'
[57.374s] INFO:colcon.colcon_core.shell:Creating prefix chain script '/home/ubuntu/lapin_ws/src/install/setup.bash'
[57.395s] INFO:colcon.colcon_core.shell:Creating prefix script '/home/ubuntu/lapin_ws/src/install/local_setup.zsh'
[57.400s] INFO:colcon.colcon_core.shell:Creating prefix chain script '/home/ubuntu/lapin_ws/src/install/setup.zsh'
