[1.385s] DEBUG:colcon:Command line arguments: ['/usr/bin/colcon', 'build', '--symlink-install']
[1.386s] DEBUG:colcon:Parsed command line arguments: Namespace(ament_cmake_args=None, base_paths=['.'], build_base='build', catkin_cmake_args=None, catkin_skip_building_tests=False, cmake_args=None, cmake_clean_cache=False, cmake_clean_first=False, cmake_force_configure=False, cmake_target=None, cmake_target_skip_unavailable=False, continue_on_error=False, event_handlers=None, executor='parallel', ignore_user_meta=False, install_base='install', log_base=None, log_level=None, main=<bound method BuildVerb.main of <colcon_core.verb.build.BuildVerb object at 0xffff8d646b50>>, merge_install=False, metas=['./colcon.meta'], packages_above=None, packages_above_and_dependencies=None, packages_above_depth=None, packages_end=None, packages_ignore=None, packages_ignore_regex=None, packages_select=None, packages_select_build_failed=False, packages_select_by_dep=None, packages_select_regex=None, packages_select_test_failures=False, packages_skip=None, packages_skip_build_finished=False, packages_skip_by_dep=None, packages_skip_regex=None, packages_skip_test_passed=False, packages_skip_up_to=None, packages_start=None, packages_up_to=None, packages_up_to_regex=None, parallel_workers=4, paths=None, symlink_install=True, test_result_base=None, verb_extension=<colcon_core.verb.build.BuildVerb object at 0xffff8d646b50>, verb_name='build', verb_parser=<colcon_defaults.argument_parser.defaults.DefaultArgumentsDecorator object at 0xffff8d652100>)
[1.553s] Level 1:colcon.colcon_core.package_discovery:discover_packages(colcon_meta) check parameters
[1.554s] Level 1:colcon.colcon_core.package_discovery:discover_packages(recursive) check parameters
[1.557s] Level 1:colcon.colcon_core.package_discovery:discover_packages(ignore) check parameters
[1.558s] Level 1:colcon.colcon_core.package_discovery:discover_packages(path) check parameters
[1.558s] Level 1:colcon.colcon_core.package_discovery:discover_packages(colcon_meta) discover
[1.559s] Level 1:colcon.colcon_core.package_discovery:discover_packages(recursive) discover
[1.560s] INFO:colcon.colcon_core.package_discovery:Crawling recursively for packages in '/home/ubuntu/lapin_ws/src'
[1.562s] Level 1:colcon.colcon_core.package_identification:_identify(.) by extensions ['ignore', 'ignore_ament_install']
[1.563s] Level 1:colcon.colcon_core.package_identification:_identify(.) by extension 'ignore'
[1.564s] Level 1:colcon.colcon_core.package_identification:_identify(.) by extension 'ignore_ament_install'
[1.565s] Level 1:colcon.colcon_core.package_identification:_identify(.) by extensions ['colcon_pkg']
[1.565s] Level 1:colcon.colcon_core.package_identification:_identify(.) by extension 'colcon_pkg'
[1.566s] Level 1:colcon.colcon_core.package_identification:_identify(.) by extensions ['colcon_meta']
[1.567s] Level 1:colcon.colcon_core.package_identification:_identify(.) by extension 'colcon_meta'
[1.567s] Level 1:colcon.colcon_core.package_identification:_identify(.) by extensions ['ros']
[1.568s] Level 1:colcon.colcon_core.package_identification:_identify(.) by extension 'ros'
[1.668s] Level 1:colcon.colcon_core.package_identification:_identify(.) by extensions ['cmake', 'python']
[1.669s] Level 1:colcon.colcon_core.package_identification:_identify(.) by extension 'cmake'
[1.670s] Level 1:colcon.colcon_core.package_identification:_identify(.) by extension 'python'
[1.671s] Level 1:colcon.colcon_core.package_identification:_identify(.) by extensions ['python_setup_py']
[1.671s] Level 1:colcon.colcon_core.package_identification:_identify(.) by extension 'python_setup_py'
[1.673s] Level 1:colcon.colcon_core.package_identification:_identify(build) by extensions ['ignore', 'ignore_ament_install']
[1.674s] Level 1:colcon.colcon_core.package_identification:_identify(build) by extension 'ignore'
[1.675s] Level 1:colcon.colcon_core.package_identification:_identify(build) ignored
[1.677s] Level 1:colcon.colcon_core.package_identification:_identify(install) by extensions ['ignore', 'ignore_ament_install']
[1.678s] Level 1:colcon.colcon_core.package_identification:_identify(install) by extension 'ignore'
[1.679s] Level 1:colcon.colcon_core.package_identification:_identify(install) ignored
[1.680s] Level 1:colcon.colcon_core.package_identification:_identify(lapin_bringup) by extensions ['ignore', 'ignore_ament_install']
[1.681s] Level 1:colcon.colcon_core.package_identification:_identify(lapin_bringup) by extension 'ignore'
[1.682s] Level 1:colcon.colcon_core.package_identification:_identify(lapin_bringup) by extension 'ignore_ament_install'
[1.683s] Level 1:colcon.colcon_core.package_identification:_identify(lapin_bringup) by extensions ['colcon_pkg']
[1.684s] Level 1:colcon.colcon_core.package_identification:_identify(lapin_bringup) by extension 'colcon_pkg'
[1.685s] Level 1:colcon.colcon_core.package_identification:_identify(lapin_bringup) by extensions ['colcon_meta']
[1.685s] Level 1:colcon.colcon_core.package_identification:_identify(lapin_bringup) by extension 'colcon_meta'
[1.686s] Level 1:colcon.colcon_core.package_identification:_identify(lapin_bringup) by extensions ['ros']
[1.687s] Level 1:colcon.colcon_core.package_identification:_identify(lapin_bringup) by extension 'ros'
[1.706s] DEBUG:colcon.colcon_core.package_identification:Package 'lapin_bringup' with type 'ros.ament_python' and name 'lapin_bringup'
[1.707s] Level 1:colcon.colcon_core.package_identification:_identify(lapin_driver) by extensions ['ignore', 'ignore_ament_install']
[1.709s] Level 1:colcon.colcon_core.package_identification:_identify(lapin_driver) by extension 'ignore'
[1.710s] Level 1:colcon.colcon_core.package_identification:_identify(lapin_driver) by extension 'ignore_ament_install'
[1.711s] Level 1:colcon.colcon_core.package_identification:_identify(lapin_driver) by extensions ['colcon_pkg']
[1.711s] Level 1:colcon.colcon_core.package_identification:_identify(lapin_driver) by extension 'colcon_pkg'
[1.712s] Level 1:colcon.colcon_core.package_identification:_identify(lapin_driver) by extensions ['colcon_meta']
[1.713s] Level 1:colcon.colcon_core.package_identification:_identify(lapin_driver) by extension 'colcon_meta'
[1.714s] Level 1:colcon.colcon_core.package_identification:_identify(lapin_driver) by extensions ['ros']
[1.714s] Level 1:colcon.colcon_core.package_identification:_identify(lapin_driver) by extension 'ros'
[1.723s] DEBUG:colcon.colcon_core.package_identification:Package 'lapin_driver' with type 'ros.ament_python' and name 'lapin_driver'
[1.724s] Level 1:colcon.colcon_core.package_identification:_identify(lapin_msgs) by extensions ['ignore', 'ignore_ament_install']
[1.725s] Level 1:colcon.colcon_core.package_identification:_identify(lapin_msgs) by extension 'ignore'
[1.726s] Level 1:colcon.colcon_core.package_identification:_identify(lapin_msgs) by extension 'ignore_ament_install'
[1.728s] Level 1:colcon.colcon_core.package_identification:_identify(lapin_msgs) by extensions ['colcon_pkg']
[1.728s] Level 1:colcon.colcon_core.package_identification:_identify(lapin_msgs) by extension 'colcon_pkg'
[1.730s] Level 1:colcon.colcon_core.package_identification:_identify(lapin_msgs) by extensions ['colcon_meta']
[1.730s] Level 1:colcon.colcon_core.package_identification:_identify(lapin_msgs) by extension 'colcon_meta'
[1.732s] Level 1:colcon.colcon_core.package_identification:_identify(lapin_msgs) by extensions ['ros']
[1.732s] Level 1:colcon.colcon_core.package_identification:_identify(lapin_msgs) by extension 'ros'
[1.738s] DEBUG:colcon.colcon_core.package_identification:Package 'lapin_msgs' with type 'ros.ament_cmake' and name 'lapin_msgs'
[1.739s] Level 1:colcon.colcon_core.package_identification:_identify(log) by extensions ['ignore', 'ignore_ament_install']
[1.741s] Level 1:colcon.colcon_core.package_identification:_identify(log) by extension 'ignore'
[1.741s] Level 1:colcon.colcon_core.package_identification:_identify(log) ignored
[1.742s] Level 1:colcon.colcon_core.package_discovery:discover_packages(recursive) using defaults
[1.743s] Level 1:colcon.colcon_core.package_discovery:discover_packages(ignore) discover
[1.743s] Level 1:colcon.colcon_core.package_discovery:discover_packages(ignore) using defaults
[1.744s] Level 1:colcon.colcon_core.package_discovery:discover_packages(path) discover
[1.744s] Level 1:colcon.colcon_core.package_discovery:discover_packages(path) using defaults
[1.791s] Level 5:colcon.colcon_core.verb:set package 'lapin_bringup' build argument 'cmake_args' from command line to 'None'
[1.792s] Level 5:colcon.colcon_core.verb:set package 'lapin_bringup' build argument 'cmake_target' from command line to 'None'
[1.792s] Level 5:colcon.colcon_core.verb:set package 'lapin_bringup' build argument 'cmake_target_skip_unavailable' from command line to 'False'
[1.793s] Level 5:colcon.colcon_core.verb:set package 'lapin_bringup' build argument 'cmake_clean_cache' from command line to 'False'
[1.793s] Level 5:colcon.colcon_core.verb:set package 'lapin_bringup' build argument 'cmake_clean_first' from command line to 'False'
[1.794s] Level 5:colcon.colcon_core.verb:set package 'lapin_bringup' build argument 'cmake_force_configure' from command line to 'False'
[1.794s] Level 5:colcon.colcon_core.verb:set package 'lapin_bringup' build argument 'ament_cmake_args' from command line to 'None'
[1.795s] Level 5:colcon.colcon_core.verb:set package 'lapin_bringup' build argument 'catkin_cmake_args' from command line to 'None'
[1.795s] Level 5:colcon.colcon_core.verb:set package 'lapin_bringup' build argument 'catkin_skip_building_tests' from command line to 'False'
[1.796s] DEBUG:colcon.colcon_core.verb:Building package 'lapin_bringup' with the following arguments: {'ament_cmake_args': None, 'build_base': '/home/ubuntu/lapin_ws/src/build/lapin_bringup', 'catkin_cmake_args': None, 'catkin_skip_building_tests': False, 'cmake_args': None, 'cmake_clean_cache': False, 'cmake_clean_first': False, 'cmake_force_configure': False, 'cmake_target': None, 'cmake_target_skip_unavailable': False, 'install_base': '/home/ubuntu/lapin_ws/src/install/lapin_bringup', 'merge_install': False, 'path': '/home/ubuntu/lapin_ws/src/lapin_bringup', 'symlink_install': True, 'test_result_base': None}
[1.820s] Level 5:colcon.colcon_core.verb:set package 'lapin_msgs' build argument 'cmake_args' from command line to 'None'
[1.821s] Level 5:colcon.colcon_core.verb:set package 'lapin_msgs' build argument 'cmake_target' from command line to 'None'
[1.821s] Level 5:colcon.colcon_core.verb:set package 'lapin_msgs' build argument 'cmake_target_skip_unavailable' from command line to 'False'
[1.822s] Level 5:colcon.colcon_core.verb:set package 'lapin_msgs' build argument 'cmake_clean_cache' from command line to 'False'
[1.822s] Level 5:colcon.colcon_core.verb:set package 'lapin_msgs' build argument 'cmake_clean_first' from command line to 'False'
[1.823s] Level 5:colcon.colcon_core.verb:set package 'lapin_msgs' build argument 'cmake_force_configure' from command line to 'False'
[1.823s] Level 5:colcon.colcon_core.verb:set package 'lapin_msgs' build argument 'ament_cmake_args' from command line to 'None'
[1.823s] Level 5:colcon.colcon_core.verb:set package 'lapin_msgs' build argument 'catkin_cmake_args' from command line to 'None'
[1.824s] Level 5:colcon.colcon_core.verb:set package 'lapin_msgs' build argument 'catkin_skip_building_tests' from command line to 'False'
[1.825s] DEBUG:colcon.colcon_core.verb:Building package 'lapin_msgs' with the following arguments: {'ament_cmake_args': None, 'build_base': '/home/ubuntu/lapin_ws/src/build/lapin_msgs', 'catkin_cmake_args': None, 'catkin_skip_building_tests': False, 'cmake_args': None, 'cmake_clean_cache': False, 'cmake_clean_first': False, 'cmake_force_configure': False, 'cmake_target': None, 'cmake_target_skip_unavailable': False, 'install_base': '/home/ubuntu/lapin_ws/src/install/lapin_msgs', 'merge_install': False, 'path': '/home/ubuntu/lapin_ws/src/lapin_msgs', 'symlink_install': True, 'test_result_base': None}
[1.850s] Level 5:colcon.colcon_core.verb:set package 'lapin_driver' build argument 'cmake_args' from command line to 'None'
[1.851s] Level 5:colcon.colcon_core.verb:set package 'lapin_driver' build argument 'cmake_target' from command line to 'None'
[1.852s] Level 5:colcon.colcon_core.verb:set package 'lapin_driver' build argument 'cmake_target_skip_unavailable' from command line to 'False'
[1.852s] Level 5:colcon.colcon_core.verb:set package 'lapin_driver' build argument 'cmake_clean_cache' from command line to 'False'
[1.853s] Level 5:colcon.colcon_core.verb:set package 'lapin_driver' build argument 'cmake_clean_first' from command line to 'False'
[1.854s] Level 5:colcon.colcon_core.verb:set package 'lapin_driver' build argument 'cmake_force_configure' from command line to 'False'
[1.855s] Level 5:colcon.colcon_core.verb:set package 'lapin_driver' build argument 'ament_cmake_args' from command line to 'None'
[1.855s] Level 5:colcon.colcon_core.verb:set package 'lapin_driver' build argument 'catkin_cmake_args' from command line to 'None'
[1.856s] Level 5:colcon.colcon_core.verb:set package 'lapin_driver' build argument 'catkin_skip_building_tests' from command line to 'False'
[1.857s] DEBUG:colcon.colcon_core.verb:Building package 'lapin_driver' with the following arguments: {'ament_cmake_args': None, 'build_base': '/home/ubuntu/lapin_ws/src/build/lapin_driver', 'catkin_cmake_args': None, 'catkin_skip_building_tests': False, 'cmake_args': None, 'cmake_clean_cache': False, 'cmake_clean_first': False, 'cmake_force_configure': False, 'cmake_target': None, 'cmake_target_skip_unavailable': False, 'install_base': '/home/ubuntu/lapin_ws/src/install/lapin_driver', 'merge_install': False, 'path': '/home/ubuntu/lapin_ws/src/lapin_driver', 'symlink_install': True, 'test_result_base': None}
[1.860s] INFO:colcon.colcon_core.executor:Executing jobs using 'parallel' executor
[1.876s] DEBUG:colcon.colcon_parallel_executor.executor.parallel:run_until_complete
[1.879s] INFO:colcon.colcon_ros.task.ament_cmake.build:Building ROS package in '/home/ubuntu/lapin_ws/src/lapin_msgs' with build type 'ament_cmake'
[1.914s] INFO:colcon.colcon_core.plugin_system:Skipping extension 'colcon_core.shell.bat': Not used on non-Windows systems
[1.916s] INFO:colcon.colcon_cmake.task.cmake.build:Building CMake package in '/home/ubuntu/lapin_ws/src/lapin_msgs'
[1.921s] INFO:colcon.colcon_core.shell:Skip shell extension 'powershell' for command environment: Not usable outside of PowerShell
[1.922s] DEBUG:colcon.colcon_core.shell:Skip shell extension 'dsv' for command environment
[1.945s] DEBUG:colcon.colcon_core.shell:Ignoring prefix path '/opt/ros/foxy'
[1.967s] INFO:colcon.colcon_ros.task.ament_python.build:Building ROS package in '/home/ubuntu/lapin_ws/src/lapin_bringup' with build type 'ament_python'
[1.970s] Level 1:colcon.colcon_core.shell:create_environment_hook('lapin_bringup', 'ament_prefix_path')
[1.982s] INFO:colcon.colcon_core.shell:Creating environment hook '/home/ubuntu/lapin_ws/src/install/lapin_bringup/share/lapin_bringup/hook/ament_prefix_path.ps1'
[1.990s] INFO:colcon.colcon_core.shell:Creating environment descriptor '/home/ubuntu/lapin_ws/src/install/lapin_bringup/share/lapin_bringup/hook/ament_prefix_path.dsv'
[1.996s] INFO:colcon.colcon_core.shell:Creating environment hook '/home/ubuntu/lapin_ws/src/install/lapin_bringup/share/lapin_bringup/hook/ament_prefix_path.sh'
[2.008s] INFO:colcon.colcon_core.shell:Skip shell extension 'powershell' for command environment: Not usable outside of PowerShell
[2.009s] DEBUG:colcon.colcon_core.shell:Skip shell extension 'dsv' for command environment
[2.025s] DEBUG:colcon.colcon_core.shell:Ignoring prefix path '/opt/ros/foxy'
[2.082s] DEBUG:colcon.colcon_core.event_handler.log_command:Invoking command in '/home/ubuntu/lapin_ws/src/build/lapin_msgs': CMAKE_PREFIX_PATH=${CMAKE_PREFIX_PATH}:/home/ubuntu/lapin_ws/install/lapin_driver:/opt/ros/foxy /usr/bin/cmake --build /home/ubuntu/lapin_ws/src/build/lapin_msgs -- -j4 -l4
[4.610s] INFO:colcon.colcon_core.task.python.build:Building Python package in '/home/ubuntu/lapin_ws/src/lapin_bringup'
[4.617s] INFO:colcon.colcon_core.shell:Skip shell extension 'powershell' for command environment: Not usable outside of PowerShell
[4.618s] DEBUG:colcon.colcon_core.shell:Skip shell extension 'dsv' for command environment
[4.636s] DEBUG:colcon.colcon_core.shell:Ignoring prefix path '/opt/ros/foxy'
[4.666s] DEBUG:colcon.colcon_core.event_handler.log_command:Invoked command in '/home/ubuntu/lapin_ws/src/build/lapin_msgs' returned '0': CMAKE_PREFIX_PATH=${CMAKE_PREFIX_PATH}:/home/ubuntu/lapin_ws/install/lapin_driver:/opt/ros/foxy /usr/bin/cmake --build /home/ubuntu/lapin_ws/src/build/lapin_msgs -- -j4 -l4
[4.733s] DEBUG:colcon.colcon_core.event_handler.log_command:Invoking command in '/home/ubuntu/lapin_ws/src/build/lapin_bringup': PYTHONPATH=/home/ubuntu/lapin_ws/src/install/lapin_bringup/lib/python3.8/site-packages:${PYTHONPATH} /usr/bin/python3 setup.py develop --prefix /home/ubuntu/lapin_ws/src/install/lapin_bringup --editable --build-directory /home/ubuntu/lapin_ws/src/build/lapin_bringup/build --no-deps install_data --install-dir /home/ubuntu/lapin_ws/src/install/lapin_bringup
[5.407s] DEBUG:colcon.colcon_core.event_handler.log_command:Invoking command in '/home/ubuntu/lapin_ws/src/build/lapin_msgs': CMAKE_PREFIX_PATH=${CMAKE_PREFIX_PATH}:/home/ubuntu/lapin_ws/install/lapin_driver:/opt/ros/foxy /usr/bin/cmake --install /home/ubuntu/lapin_ws/src/build/lapin_msgs
[6.356s] Level 1:colcon.colcon_core.environment:create_environment_scripts_only(lapin_msgs)
[6.376s] DEBUG:colcon.colcon_core.event_handler.log_command:Invoked command in '/home/ubuntu/lapin_ws/src/build/lapin_msgs' returned '0': CMAKE_PREFIX_PATH=${CMAKE_PREFIX_PATH}:/home/ubuntu/lapin_ws/install/lapin_driver:/opt/ros/foxy /usr/bin/cmake --install /home/ubuntu/lapin_ws/src/build/lapin_msgs
[6.403s] Level 1:colcon.colcon_core.environment:checking '/home/ubuntu/lapin_ws/src/install/lapin_msgs' for CMake module files
[6.413s] Level 1:colcon.colcon_core.environment:checking '/home/ubuntu/lapin_ws/src/install/lapin_msgs' for CMake config files
[6.422s] Level 1:colcon.colcon_core.shell:create_environment_hook('lapin_msgs', 'cmake_prefix_path')
[6.429s] INFO:colcon.colcon_core.shell:Creating environment hook '/home/ubuntu/lapin_ws/src/install/lapin_msgs/share/lapin_msgs/hook/cmake_prefix_path.ps1'
[6.434s] INFO:colcon.colcon_core.shell:Creating environment descriptor '/home/ubuntu/lapin_ws/src/install/lapin_msgs/share/lapin_msgs/hook/cmake_prefix_path.dsv'
[6.439s] INFO:colcon.colcon_core.shell:Creating environment hook '/home/ubuntu/lapin_ws/src/install/lapin_msgs/share/lapin_msgs/hook/cmake_prefix_path.sh'
[6.449s] Level 1:colcon.colcon_core.environment:checking '/home/ubuntu/lapin_ws/src/install/lapin_msgs/lib'
[6.451s] Level 1:colcon.colcon_core.shell:create_environment_hook('lapin_msgs', 'ld_library_path_lib')
[6.458s] INFO:colcon.colcon_core.shell:Creating environment hook '/home/ubuntu/lapin_ws/src/install/lapin_msgs/share/lapin_msgs/hook/ld_library_path_lib.ps1'
[6.463s] INFO:colcon.colcon_core.shell:Creating environment descriptor '/home/ubuntu/lapin_ws/src/install/lapin_msgs/share/lapin_msgs/hook/ld_library_path_lib.dsv'
[6.467s] INFO:colcon.colcon_core.shell:Creating environment hook '/home/ubuntu/lapin_ws/src/install/lapin_msgs/share/lapin_msgs/hook/ld_library_path_lib.sh'
[6.472s] Level 1:colcon.colcon_core.environment:checking '/home/ubuntu/lapin_ws/src/install/lapin_msgs/bin'
[6.474s] Level 1:colcon.colcon_core.environment:checking '/home/ubuntu/lapin_ws/src/install/lapin_msgs/lib/pkgconfig/lapin_msgs.pc'
[6.475s] Level 1:colcon.colcon_core.environment:checking '/home/ubuntu/lapin_ws/src/install/lapin_msgs/lib/python3.8/site-packages'
[6.476s] Level 1:colcon.colcon_core.shell:create_environment_hook('lapin_msgs', 'pythonpath')
[6.482s] INFO:colcon.colcon_core.shell:Creating environment hook '/home/ubuntu/lapin_ws/src/install/lapin_msgs/share/lapin_msgs/hook/pythonpath.ps1'
[6.487s] INFO:colcon.colcon_core.shell:Creating environment descriptor '/home/ubuntu/lapin_ws/src/install/lapin_msgs/share/lapin_msgs/hook/pythonpath.dsv'
[6.491s] INFO:colcon.colcon_core.shell:Creating environment hook '/home/ubuntu/lapin_ws/src/install/lapin_msgs/share/lapin_msgs/hook/pythonpath.sh'
[6.506s] INFO:colcon.colcon_core.shell:Creating package script '/home/ubuntu/lapin_ws/src/install/lapin_msgs/share/lapin_msgs/package.ps1'
[6.517s] INFO:colcon.colcon_core.shell:Creating package descriptor '/home/ubuntu/lapin_ws/src/install/lapin_msgs/share/lapin_msgs/package.dsv'
[6.525s] INFO:colcon.colcon_core.shell:Creating package script '/home/ubuntu/lapin_ws/src/install/lapin_msgs/share/lapin_msgs/package.sh'
[6.535s] INFO:colcon.colcon_core.shell:Creating package script '/home/ubuntu/lapin_ws/src/install/lapin_msgs/share/lapin_msgs/package.bash'
[6.545s] INFO:colcon.colcon_core.shell:Creating package script '/home/ubuntu/lapin_ws/src/install/lapin_msgs/share/lapin_msgs/package.zsh'
[6.563s] Level 1:colcon.colcon_core.environment:create_file_with_runtime_dependencies(/home/ubuntu/lapin_ws/src/install/lapin_msgs/share/colcon-core/packages/lapin_msgs)
[6.576s] INFO:colcon.colcon_ros.task.ament_python.build:Building ROS package in '/home/ubuntu/lapin_ws/src/lapin_driver' with build type 'ament_python'
[6.579s] Level 1:colcon.colcon_core.shell:create_environment_hook('lapin_driver', 'ament_prefix_path')
[6.586s] INFO:colcon.colcon_core.shell:Creating environment hook '/home/ubuntu/lapin_ws/src/install/lapin_driver/share/lapin_driver/hook/ament_prefix_path.ps1'
[6.591s] INFO:colcon.colcon_core.shell:Creating environment descriptor '/home/ubuntu/lapin_ws/src/install/lapin_driver/share/lapin_driver/hook/ament_prefix_path.dsv'
[6.598s] INFO:colcon.colcon_core.shell:Creating environment hook '/home/ubuntu/lapin_ws/src/install/lapin_driver/share/lapin_driver/hook/ament_prefix_path.sh'
[6.611s] INFO:colcon.colcon_core.shell:Skip shell extension 'powershell' for command environment: Not usable outside of PowerShell
[6.612s] DEBUG:colcon.colcon_core.shell:Skip shell extension 'dsv' for command environment
[6.634s] DEBUG:colcon.colcon_core.shell:Ignoring prefix path '/opt/ros/foxy'
[8.920s] INFO:colcon.colcon_core.task.python.build:Building Python package in '/home/ubuntu/lapin_ws/src/lapin_driver'
[8.929s] INFO:colcon.colcon_core.shell:Skip shell extension 'powershell' for command environment: Not usable outside of PowerShell
[8.930s] DEBUG:colcon.colcon_core.shell:Skip shell extension 'dsv' for command environment
[8.953s] DEBUG:colcon.colcon_core.shell:Ignoring prefix path '/opt/ros/foxy'
[9.049s] DEBUG:colcon.colcon_core.event_handler.log_command:Invoking command in '/home/ubuntu/lapin_ws/src/build/lapin_driver': AMENT_PREFIX_PATH=/home/ubuntu/lapin_ws/src/install/lapin_msgs:${AMENT_PREFIX_PATH} CMAKE_PREFIX_PATH=/home/ubuntu/lapin_ws/src/install/lapin_msgs:${CMAKE_PREFIX_PATH} LD_LIBRARY_PATH=/home/ubuntu/lapin_ws/src/install/lapin_msgs/lib:${LD_LIBRARY_PATH} PYTHONPATH=/home/ubuntu/lapin_ws/src/install/lapin_driver/lib/python3.8/site-packages:/home/ubuntu/lapin_ws/src/install/lapin_msgs/lib/python3.8/site-packages:${PYTHONPATH} /usr/bin/python3 setup.py develop --prefix /home/ubuntu/lapin_ws/src/install/lapin_driver --editable --build-directory /home/ubuntu/lapin_ws/src/build/lapin_driver/build --no-deps install_data --install-dir /home/ubuntu/lapin_ws/src/install/lapin_driver
[9.172s] Level 1:colcon.colcon_core.shell:create_environment_hook('lapin_bringup', 'pythonpath_develop')
[9.180s] INFO:colcon.colcon_core.shell:Creating environment hook '/home/ubuntu/lapin_ws/src/build/lapin_bringup/share/lapin_bringup/hook/pythonpath_develop.ps1'
[9.182s] DEBUG:colcon.colcon_core.event_handler.log_command:Invoked command in '/home/ubuntu/lapin_ws/src/build/lapin_bringup' returned '0': PYTHONPATH=/home/ubuntu/lapin_ws/src/install/lapin_bringup/lib/python3.8/site-packages:${PYTHONPATH} /usr/bin/python3 setup.py develop --prefix /home/ubuntu/lapin_ws/src/install/lapin_bringup --editable --build-directory /home/ubuntu/lapin_ws/src/build/lapin_bringup/build --no-deps install_data --install-dir /home/ubuntu/lapin_ws/src/install/lapin_bringup
[9.189s] INFO:colcon.colcon_core.shell:Creating environment descriptor '/home/ubuntu/lapin_ws/src/build/lapin_bringup/share/lapin_bringup/hook/pythonpath_develop.dsv'
[9.194s] INFO:colcon.colcon_core.shell:Creating environment hook '/home/ubuntu/lapin_ws/src/build/lapin_bringup/share/lapin_bringup/hook/pythonpath_develop.sh'
[9.208s] Level 1:colcon.colcon_core.environment:checking '/home/ubuntu/lapin_ws/src/install/lapin_bringup' for CMake module files
[9.213s] Level 1:colcon.colcon_core.environment:checking '/home/ubuntu/lapin_ws/src/install/lapin_bringup' for CMake config files
[9.220s] Level 1:colcon.colcon_core.environment:checking '/home/ubuntu/lapin_ws/src/install/lapin_bringup/lib'
[9.221s] Level 1:colcon.colcon_core.environment:checking '/home/ubuntu/lapin_ws/src/install/lapin_bringup/bin'
[9.222s] Level 1:colcon.colcon_core.environment:checking '/home/ubuntu/lapin_ws/src/install/lapin_bringup/lib/pkgconfig/lapin_bringup.pc'
[9.223s] Level 1:colcon.colcon_core.environment:checking '/home/ubuntu/lapin_ws/src/install/lapin_bringup/lib/python3.8/site-packages'
[9.225s] Level 1:colcon.colcon_core.shell:create_environment_hook('lapin_bringup', 'pythonpath')
[9.231s] INFO:colcon.colcon_core.shell:Creating environment hook '/home/ubuntu/lapin_ws/src/install/lapin_bringup/share/lapin_bringup/hook/pythonpath.ps1'
[9.236s] INFO:colcon.colcon_core.shell:Creating environment descriptor '/home/ubuntu/lapin_ws/src/install/lapin_bringup/share/lapin_bringup/hook/pythonpath.dsv'
[9.240s] INFO:colcon.colcon_core.shell:Creating environment hook '/home/ubuntu/lapin_ws/src/install/lapin_bringup/share/lapin_bringup/hook/pythonpath.sh'
[9.245s] Level 1:colcon.colcon_core.environment:create_environment_scripts_only(lapin_bringup)
[9.253s] INFO:colcon.colcon_core.shell:Creating package script '/home/ubuntu/lapin_ws/src/install/lapin_bringup/share/lapin_bringup/package.ps1'
[9.259s] INFO:colcon.colcon_core.shell:Creating package descriptor '/home/ubuntu/lapin_ws/src/install/lapin_bringup/share/lapin_bringup/package.dsv'
[9.266s] INFO:colcon.colcon_core.shell:Creating package script '/home/ubuntu/lapin_ws/src/install/lapin_bringup/share/lapin_bringup/package.sh'
[9.271s] INFO:colcon.colcon_core.shell:Creating package script '/home/ubuntu/lapin_ws/src/install/lapin_bringup/share/lapin_bringup/package.bash'
[9.276s] INFO:colcon.colcon_core.shell:Creating package script '/home/ubuntu/lapin_ws/src/install/lapin_bringup/share/lapin_bringup/package.zsh'
[9.281s] Level 1:colcon.colcon_core.environment:create_file_with_runtime_dependencies(/home/ubuntu/lapin_ws/src/install/lapin_bringup/share/colcon-core/packages/lapin_bringup)
[12.757s] Level 1:colcon.colcon_core.shell:create_environment_hook('lapin_driver', 'pythonpath_develop')
[12.765s] INFO:colcon.colcon_core.shell:Creating environment hook '/home/ubuntu/lapin_ws/src/build/lapin_driver/share/lapin_driver/hook/pythonpath_develop.ps1'
[12.767s] DEBUG:colcon.colcon_core.event_handler.log_command:Invoked command in '/home/ubuntu/lapin_ws/src/build/lapin_driver' returned '0': AMENT_PREFIX_PATH=/home/ubuntu/lapin_ws/src/install/lapin_msgs:${AMENT_PREFIX_PATH} CMAKE_PREFIX_PATH=/home/ubuntu/lapin_ws/src/install/lapin_msgs:${CMAKE_PREFIX_PATH} LD_LIBRARY_PATH=/home/ubuntu/lapin_ws/src/install/lapin_msgs/lib:${LD_LIBRARY_PATH} PYTHONPATH=/home/ubuntu/lapin_ws/src/install/lapin_driver/lib/python3.8/site-packages:/home/ubuntu/lapin_ws/src/install/lapin_msgs/lib/python3.8/site-packages:${PYTHONPATH} /usr/bin/python3 setup.py develop --prefix /home/ubuntu/lapin_ws/src/install/lapin_driver --editable --build-directory /home/ubuntu/lapin_ws/src/build/lapin_driver/build --no-deps install_data --install-dir /home/ubuntu/lapin_ws/src/install/lapin_driver
[12.771s] INFO:colcon.colcon_core.shell:Creating environment descriptor '/home/ubuntu/lapin_ws/src/build/lapin_driver/share/lapin_driver/hook/pythonpath_develop.dsv'
[12.776s] INFO:colcon.colcon_core.shell:Creating environment hook '/home/ubuntu/lapin_ws/src/build/lapin_driver/share/lapin_driver/hook/pythonpath_develop.sh'
[12.788s] Level 1:colcon.colcon_core.environment:checking '/home/ubuntu/lapin_ws/src/install/lapin_driver' for CMake module files
[12.793s] Level 1:colcon.colcon_core.environment:checking '/home/ubuntu/lapin_ws/src/install/lapin_driver' for CMake config files
[12.799s] Level 1:colcon.colcon_core.environment:checking '/home/ubuntu/lapin_ws/src/install/lapin_driver/lib'
[12.800s] Level 1:colcon.colcon_core.environment:checking '/home/ubuntu/lapin_ws/src/install/lapin_driver/bin'
[12.801s] Level 1:colcon.colcon_core.environment:checking '/home/ubuntu/lapin_ws/src/install/lapin_driver/lib/pkgconfig/lapin_driver.pc'
[12.802s] Level 1:colcon.colcon_core.environment:checking '/home/ubuntu/lapin_ws/src/install/lapin_driver/lib/python3.8/site-packages'
[12.803s] Level 1:colcon.colcon_core.shell:create_environment_hook('lapin_driver', 'pythonpath')
[12.809s] INFO:colcon.colcon_core.shell:Creating environment hook '/home/ubuntu/lapin_ws/src/install/lapin_driver/share/lapin_driver/hook/pythonpath.ps1'
[12.814s] INFO:colcon.colcon_core.shell:Creating environment descriptor '/home/ubuntu/lapin_ws/src/install/lapin_driver/share/lapin_driver/hook/pythonpath.dsv'
[12.818s] INFO:colcon.colcon_core.shell:Creating environment hook '/home/ubuntu/lapin_ws/src/install/lapin_driver/share/lapin_driver/hook/pythonpath.sh'
[12.824s] Level 1:colcon.colcon_core.environment:create_environment_scripts_only(lapin_driver)
[12.831s] INFO:colcon.colcon_core.shell:Creating package script '/home/ubuntu/lapin_ws/src/install/lapin_driver/share/lapin_driver/package.ps1'
[12.837s] INFO:colcon.colcon_core.shell:Creating package descriptor '/home/ubuntu/lapin_ws/src/install/lapin_driver/share/lapin_driver/package.dsv'
[12.842s] INFO:colcon.colcon_core.shell:Creating package script '/home/ubuntu/lapin_ws/src/install/lapin_driver/share/lapin_driver/package.sh'
[12.847s] INFO:colcon.colcon_core.shell:Creating package script '/home/ubuntu/lapin_ws/src/install/lapin_driver/share/lapin_driver/package.bash'
[12.852s] INFO:colcon.colcon_core.shell:Creating package script '/home/ubuntu/lapin_ws/src/install/lapin_driver/share/lapin_driver/package.zsh'
[12.856s] Level 1:colcon.colcon_core.environment:create_file_with_runtime_dependencies(/home/ubuntu/lapin_ws/src/install/lapin_driver/share/colcon-core/packages/lapin_driver)
[12.859s] DEBUG:colcon.colcon_parallel_executor.executor.parallel:closing loop
[12.862s] DEBUG:colcon.colcon_parallel_executor.executor.parallel:loop closed
[12.863s] DEBUG:colcon.colcon_parallel_executor.executor.parallel:run_until_complete finished with '0'
[12.864s] DEBUG:colcon.colcon_core.event_reactor:joining thread
[12.915s] INFO:colcon.colcon_core.plugin_system:Skipping extension 'colcon_notification.desktop_notification.notify_send': Could not find 'notify-send'
[12.916s] INFO:colcon.colcon_core.plugin_system:Skipping extension 'colcon_notification.desktop_notification.terminal_notifier': Not used on non-Darwin systems
[12.917s] INFO:colcon.colcon_core.plugin_system:Skipping extension 'colcon_notification.desktop_notification.win32': Not used on non-Windows systems
[12.918s] INFO:colcon.colcon_notification.desktop_notification:Sending desktop notification using 'notify2'
[12.923s] DEBUG:colcon.colcon_notification.desktop_notification.notify2:Failed to initialize notify2: org.freedesktop.DBus.Error.ServiceUnknown: The name org.freedesktop.Notifications was not provided by any .service files
[12.924s] DEBUG:colcon.colcon_core.event_reactor:joined thread
[12.930s] INFO:colcon.colcon_core.shell:Creating prefix script '/home/ubuntu/lapin_ws/src/install/local_setup.ps1'
[12.939s] INFO:colcon.colcon_core.shell:Creating prefix util module '/home/ubuntu/lapin_ws/src/install/_local_setup_util_ps1.py'
[12.952s] INFO:colcon.colcon_core.shell:Creating prefix chain script '/home/ubuntu/lapin_ws/src/install/setup.ps1'
[12.980s] INFO:colcon.colcon_core.shell:Creating prefix script '/home/ubuntu/lapin_ws/src/install/local_setup.sh'
[12.986s] INFO:colcon.colcon_core.shell:Creating prefix util module '/home/ubuntu/lapin_ws/src/install/_local_setup_util_sh.py'
[12.991s] INFO:colcon.colcon_core.shell:Creating prefix chain script '/home/ubuntu/lapin_ws/src/install/setup.sh'
[13.013s] INFO:colcon.colcon_core.shell:Creating prefix script '/home/ubuntu/lapin_ws/src/install/local_setup.bash'
[13.019s] INFO:colcon.colcon_core.shell:Creating prefix chain script '/home/ubuntu/lapin_ws/src/install/setup.bash'
[13.040s] INFO:colcon.colcon_core.shell:Creating prefix script '/home/ubuntu/lapin_ws/src/install/local_setup.zsh'
[13.045s] INFO:colcon.colcon_core.shell:Creating prefix chain script '/home/ubuntu/lapin_ws/src/install/setup.zsh'
