running develop
running egg_info
writing /home/ubuntu/lapin_ws/src/build/lapin_driver/lapin_driver.egg-info/PKG-INFO
writing dependency_links to /home/ubuntu/lapin_ws/src/build/lapin_driver/lapin_driver.egg-info/dependency_links.txt
writing entry points to /home/ubuntu/lapin_ws/src/build/lapin_driver/lapin_driver.egg-info/entry_points.txt
writing requirements to /home/ubuntu/lapin_ws/src/build/lapin_driver/lapin_driver.egg-info/requires.txt
writing top-level names to /home/ubuntu/lapin_ws/src/build/lapin_driver/lapin_driver.egg-info/top_level.txt
reading manifest file '/home/ubuntu/lapin_ws/src/build/lapin_driver/lapin_driver.egg-info/SOURCES.txt'
writing manifest file '/home/ubuntu/lapin_ws/src/build/lapin_driver/lapin_driver.egg-info/SOURCES.txt'
running build
running build_py
running install
running install_lib
running install_data
running install_egg_info
removing '/home/ubuntu/lapin_ws/src/install/lapin_driver/lib/python3.8/site-packages/lapin_driver-0.0.0-py3.8.egg-info' (and everything under it)
Copying /home/ubuntu/lapin_ws/src/build/lapin_driver/lapin_driver.egg-info to /home/ubuntu/lapin_ws/src/install/lapin_driver/lib/python3.8/site-packages/lapin_driver-0.0.0-py3.8.egg-info
running install_scripts
Installing sensors script to /home/ubuntu/lapin_ws/src/install/lapin_driver/lib/lapin_driver
Installing servos script to /home/ubuntu/lapin_ws/src/install/lapin_driver/lib/lapin_driver
writing list of installed files to '/home/ubuntu/lapin_ws/src/build/lapin_driver/install.log'
