[2.111s] Invoking command in '/home/ubuntu/lapin_ws/src/build/lapin_driver': AMENT_PREFIX_PATH=/home/ubuntu/lapin_ws/src/install/lapin_msgs:${AMENT_PREFIX_PATH} CMAKE_PREFIX_PATH=/home/ubuntu/lapin_ws/src/install/lapin_msgs:${CMAKE_PREFIX_PATH} LD_LIBRARY_PATH=/home/ubuntu/lapin_ws/src/install/lapin_msgs/lib:${LD_LIBRARY_PATH} PYTHONPATH=/home/ubuntu/lapin_ws/src/install/lapin_driver/lib/python3.8/site-packages:/home/ubuntu/lapin_ws/src/install/lapin_msgs/lib/python3.8/site-packages:${PYTHONPATH} /usr/bin/python3 setup.py develop --prefix /home/ubuntu/lapin_ws/src/install/lapin_driver --uninstall --editable --build-directory /home/ubuntu/lapin_ws/src/build/lapin_driver/build
[4.088s] running develop
[5.433s] Invoked command in '/home/ubuntu/lapin_ws/src/build/lapin_driver' returned '0': AMENT_PREFIX_PATH=/home/ubuntu/lapin_ws/src/install/lapin_msgs:${AMENT_PREFIX_PATH} CMAKE_PREFIX_PATH=/home/ubuntu/lapin_ws/src/install/lapin_msgs:${CMAKE_PREFIX_PATH} LD_LIBRARY_PATH=/home/ubuntu/lapin_ws/src/install/lapin_msgs/lib:${LD_LIBRARY_PATH} PYTHONPATH=/home/ubuntu/lapin_ws/src/install/lapin_driver/lib/python3.8/site-packages:/home/ubuntu/lapin_ws/src/install/lapin_msgs/lib/python3.8/site-packages:${PYTHONPATH} /usr/bin/python3 setup.py develop --prefix /home/ubuntu/lapin_ws/src/install/lapin_driver --uninstall --editable --build-directory /home/ubuntu/lapin_ws/src/build/lapin_driver/build
[5.446s] Invoking command in '/home/ubuntu/lapin_ws/src/lapin_driver': AMENT_PREFIX_PATH=/home/ubuntu/lapin_ws/src/install/lapin_msgs:${AMENT_PREFIX_PATH} CMAKE_PREFIX_PATH=/home/ubuntu/lapin_ws/src/install/lapin_msgs:${CMAKE_PREFIX_PATH} LD_LIBRARY_PATH=/home/ubuntu/lapin_ws/src/install/lapin_msgs/lib:${LD_LIBRARY_PATH} PYTHONPATH=/home/ubuntu/lapin_ws/src/install/lapin_driver/lib/python3.8/site-packages:/home/ubuntu/lapin_ws/src/install/lapin_msgs/lib/python3.8/site-packages:${PYTHONPATH} /usr/bin/python3 setup.py egg_info --egg-base /home/ubuntu/lapin_ws/src/build/lapin_driver build --build-base /home/ubuntu/lapin_ws/src/build/lapin_driver/build install --prefix /home/ubuntu/lapin_ws/src/install/lapin_driver --record /home/ubuntu/lapin_ws/src/build/lapin_driver/install.log --single-version-externally-managed
[7.289s] running egg_info
[7.295s] writing /home/ubuntu/lapin_ws/src/build/lapin_driver/lapin_driver.egg-info/PKG-INFO
[7.297s] writing dependency_links to /home/ubuntu/lapin_ws/src/build/lapin_driver/lapin_driver.egg-info/dependency_links.txt
[7.300s] writing entry points to /home/ubuntu/lapin_ws/src/build/lapin_driver/lapin_driver.egg-info/entry_points.txt
[7.303s] writing requirements to /home/ubuntu/lapin_ws/src/build/lapin_driver/lapin_driver.egg-info/requires.txt
[7.305s] writing top-level names to /home/ubuntu/lapin_ws/src/build/lapin_driver/lapin_driver.egg-info/top_level.txt
[7.596s] reading manifest file '/home/ubuntu/lapin_ws/src/build/lapin_driver/lapin_driver.egg-info/SOURCES.txt'
[7.606s] writing manifest file '/home/ubuntu/lapin_ws/src/build/lapin_driver/lapin_driver.egg-info/SOURCES.txt'
[7.608s] running build
[7.609s] running build_py
[7.612s] running install
[7.619s] running install_lib
[7.633s] running install_data
[7.639s] running install_egg_info
[7.654s] removing '/home/ubuntu/lapin_ws/src/install/lapin_driver/lib/python3.8/site-packages/lapin_driver-0.0.0-py3.8.egg-info' (and everything under it)
[7.658s] Copying /home/ubuntu/lapin_ws/src/build/lapin_driver/lapin_driver.egg-info to /home/ubuntu/lapin_ws/src/install/lapin_driver/lib/python3.8/site-packages/lapin_driver-0.0.0-py3.8.egg-info
[7.672s] running install_scripts
[7.807s] Installing sensors script to /home/ubuntu/lapin_ws/src/install/lapin_driver/lib/lapin_driver
[7.809s] Installing servos script to /home/ubuntu/lapin_ws/src/install/lapin_driver/lib/lapin_driver
[7.813s] writing list of installed files to '/home/ubuntu/lapin_ws/src/build/lapin_driver/install.log'
[8.018s] Invoked command in '/home/ubuntu/lapin_ws/src/lapin_driver' returned '0': AMENT_PREFIX_PATH=/home/ubuntu/lapin_ws/src/install/lapin_msgs:${AMENT_PREFIX_PATH} CMAKE_PREFIX_PATH=/home/ubuntu/lapin_ws/src/install/lapin_msgs:${CMAKE_PREFIX_PATH} LD_LIBRARY_PATH=/home/ubuntu/lapin_ws/src/install/lapin_msgs/lib:${LD_LIBRARY_PATH} PYTHONPATH=/home/ubuntu/lapin_ws/src/install/lapin_driver/lib/python3.8/site-packages:/home/ubuntu/lapin_ws/src/install/lapin_msgs/lib/python3.8/site-packages:${PYTHONPATH} /usr/bin/python3 setup.py egg_info --egg-base /home/ubuntu/lapin_ws/src/build/lapin_driver build --build-base /home/ubuntu/lapin_ws/src/build/lapin_driver/build install --prefix /home/ubuntu/lapin_ws/src/install/lapin_driver --record /home/ubuntu/lapin_ws/src/build/lapin_driver/install.log --single-version-externally-managed
