[0.186s] Invoking command in '/home/ubuntu/lapin_ws/src/build/lapin_msgs': CMAKE_PREFIX_PATH=${CMAKE_PREFIX_PATH}:/home/ubuntu/lapin_ws/install/lapin_driver:/opt/ros/foxy /usr/bin/cmake /home/ubuntu/lapin_ws/src/lapin_msgs -DAMENT_CMAKE_SYMLINK_INSTALL=1 -DCMAKE_INSTALL_PREFIX=/home/ubuntu/lapin_ws/src/install/lapin_msgs
[0.336s] -- Found ament_cmake: 0.9.6 (/opt/ros/foxy/share/ament_cmake/cmake)
[0.612s] -- Found PythonInterp: /usr/bin/python3 (found suitable version "3.8.2", minimum required is "3") 
[0.615s] -- Using PYTHON_EXECUTABLE: /usr/bin/python3
[2.481s] -- Override CMake install command with custom implementation using symlinks instead of copying resources
[2.568s] -- Found ament_lint_auto: 0.9.5 (/opt/ros/foxy/share/ament_lint_auto/cmake)
[3.237s] -- Found rosidl_default_generators: 1.0.0 (/opt/ros/foxy/share/rosidl_default_generators/cmake)
[3.264s] -- Using all available rosidl_typesupport_c: rosidl_typesupport_fastrtps_c;rosidl_typesupport_introspection_c
[3.297s] -- Found rosidl_adapter: 1.0.1 (/opt/ros/foxy/share/rosidl_adapter/cmake)
[4.637s] -- Using all available rosidl_typesupport_cpp: rosidl_typesupport_fastrtps_cpp;rosidl_typesupport_introspection_cpp
[4.871s] -- Found std_msgs: 2.0.3 (/opt/ros/foxy/share/std_msgs/cmake)
[5.454s] -- Found PythonInterp: /usr/bin/python3 (found version "3.8.2") 
[6.557s] -- Found ament_cmake_ros: 0.9.0 (/opt/ros/foxy/share/ament_cmake_ros/cmake)
[8.311s] -- Using all available rosidl_typesupport_c: rosidl_typesupport_fastrtps_c;rosidl_typesupport_introspection_c
[8.935s] -- Using all available rosidl_typesupport_cpp: rosidl_typesupport_fastrtps_cpp;rosidl_typesupport_introspection_cpp
[9.210s] -- Found PythonInterp: /usr/bin/python3 (found suitable version "3.8.2", minimum required is "3.5") 
[9.214s] -- Found python_cmake_module: 0.8.0 (/opt/ros/foxy/share/python_cmake_module/cmake)
[9.471s] -- Using PYTHON_EXECUTABLE: /usr/bin/python3
[9.473s] -- Using PYTHON_INCLUDE_DIRS: /usr/include/python3.8
[9.474s] -- Using PYTHON_LIBRARIES: /usr/lib/aarch64-linux-gnu/libpython3.8.so
[9.891s] -- Added test 'copyright' to check source files copyright and LICENSE
[9.952s] -- Added test 'flake8' to check Python code syntax and style conventions
[9.962s] -- Added test 'lint_cmake' to check CMake code style
[9.969s] -- Added test 'pep257' to check Python code against some of the style conventions in PEP 257
[10.002s] -- Added test 'xmllint' to check XML markup files
[10.096s] -- Configuring done
[10.587s] -- Generating done
[10.627s] -- Build files have been written to: /home/ubuntu/lapin_ws/src/build/lapin_msgs
[10.667s] Invoked command in '/home/ubuntu/lapin_ws/src/build/lapin_msgs' returned '0': CMAKE_PREFIX_PATH=${CMAKE_PREFIX_PATH}:/home/ubuntu/lapin_ws/install/lapin_driver:/opt/ros/foxy /usr/bin/cmake /home/ubuntu/lapin_ws/src/lapin_msgs -DAMENT_CMAKE_SYMLINK_INSTALL=1 -DCMAKE_INSTALL_PREFIX=/home/ubuntu/lapin_ws/src/install/lapin_msgs
[10.695s] Invoking command in '/home/ubuntu/lapin_ws/src/build/lapin_msgs': CMAKE_PREFIX_PATH=${CMAKE_PREFIX_PATH}:/home/ubuntu/lapin_ws/install/lapin_driver:/opt/ros/foxy /usr/bin/cmake --build /home/ubuntu/lapin_ws/src/build/lapin_msgs -- -j4 -l4
[11.018s] [35m[1mScanning dependencies of target lapin_msgs__cpp[0m
[11.031s] [  2%] [34m[1mGenerating C code for ROS interfaces[0m
[11.113s] [  5%] [34m[1mGenerating C++ code for ROS interfaces[0m
[14.301s] [35m[1mScanning dependencies of target lapin_msgs__rosidl_generator_c[0m
[14.327s] [  5%] Built target lapin_msgs__cpp
[14.420s] [ 10%] [34m[1mGenerating C++ introspection for ROS interfaces[0m
[14.424s] [ 10%] [32mBuilding C object CMakeFiles/lapin_msgs__rosidl_generator_c.dir/rosidl_generator_c/lapin_msgs/msg/detail/feet__functions.c.o[0m
[14.446s] [ 12%] [34m[1mGenerating C++ type support for eProsima Fast-RTPS[0m
[14.466s] [ 15%] [34m[1mGenerating C++ type support dispatch for ROS interfaces[0m
[14.932s] [ 17%] [32mBuilding C object CMakeFiles/lapin_msgs__rosidl_generator_c.dir/rosidl_generator_c/lapin_msgs/msg/detail/cmd_bip__functions.c.o[0m
[15.420s] [ 20%] [32m[1mLinking C shared library liblapin_msgs__rosidl_generator_c.so[0m
[15.952s] [ 20%] Built target lapin_msgs__rosidl_generator_c
[16.094s] [ 23%] [34m[1mGenerating C type support dispatch for ROS interfaces[0m
[17.682s] [35m[1mScanning dependencies of target lapin_msgs__rosidl_typesupport_cpp[0m
[17.928s] [ 25%] [32mBuilding CXX object CMakeFiles/lapin_msgs__rosidl_typesupport_cpp.dir/rosidl_typesupport_cpp/lapin_msgs/msg/feet__type_support.cpp.o[0m
[18.221s] [35m[1mScanning dependencies of target lapin_msgs__rosidl_typesupport_introspection_cpp[0m
[18.396s] [ 28%] [32mBuilding CXX object CMakeFiles/lapin_msgs__rosidl_typesupport_introspection_cpp.dir/rosidl_typesupport_introspection_cpp/lapin_msgs/msg/detail/feet__type_support.cpp.o[0m
[18.426s] [35m[1mScanning dependencies of target lapin_msgs__rosidl_typesupport_fastrtps_cpp[0m
[18.627s] [ 30%] [32mBuilding CXX object CMakeFiles/lapin_msgs__rosidl_typesupport_fastrtps_cpp.dir/rosidl_typesupport_fastrtps_cpp/lapin_msgs/msg/detail/dds_fastrtps/feet__type_support.cpp.o[0m
[19.171s] [35m[1mScanning dependencies of target lapin_msgs__rosidl_typesupport_c[0m
[19.308s] [ 33%] [32mBuilding CXX object CMakeFiles/lapin_msgs__rosidl_typesupport_c.dir/rosidl_typesupport_c/lapin_msgs/msg/feet__type_support.cpp.o[0m
[19.721s] [ 35%] [32mBuilding CXX object CMakeFiles/lapin_msgs__rosidl_typesupport_c.dir/rosidl_typesupport_c/lapin_msgs/msg/cmd_bip__type_support.cpp.o[0m
[20.115s] [ 38%] [32m[1mLinking CXX shared library liblapin_msgs__rosidl_typesupport_c.so[0m
[20.689s] [ 38%] Built target lapin_msgs__rosidl_typesupport_c
[20.837s] [ 41%] [32mBuilding CXX object CMakeFiles/lapin_msgs__rosidl_typesupport_fastrtps_cpp.dir/rosidl_typesupport_fastrtps_cpp/lapin_msgs/msg/detail/dds_fastrtps/cmd_bip__type_support.cpp.o[0m
[21.554s] [ 43%] [32mBuilding CXX object CMakeFiles/lapin_msgs__rosidl_typesupport_cpp.dir/rosidl_typesupport_cpp/lapin_msgs/msg/cmd_bip__type_support.cpp.o[0m
[21.997s] [ 46%] [32mBuilding CXX object CMakeFiles/lapin_msgs__rosidl_typesupport_introspection_cpp.dir/rosidl_typesupport_introspection_cpp/lapin_msgs/msg/detail/cmd_bip__type_support.cpp.o[0m
[24.461s] [ 48%] [34m[1mGenerating C introspection for ROS interfaces[0m
[24.847s] [ 51%] [32m[1mLinking CXX shared library liblapin_msgs__rosidl_typesupport_cpp.so[0m
[25.333s] [ 51%] Built target lapin_msgs__rosidl_typesupport_cpp
[25.720s] [ 53%] [32m[1mLinking CXX shared library liblapin_msgs__rosidl_typesupport_introspection_cpp.so[0m
[26.020s] [ 56%] [32m[1mLinking CXX shared library liblapin_msgs__rosidl_typesupport_fastrtps_cpp.so[0m
[26.456s] [ 56%] Built target lapin_msgs__rosidl_typesupport_introspection_cpp
[26.929s] [ 56%] Built target lapin_msgs__rosidl_typesupport_fastrtps_cpp
[27.027s] [ 58%] [34m[1mGenerating C type support for eProsima Fast-RTPS[0m
[27.929s] [35m[1mScanning dependencies of target lapin_msgs__rosidl_typesupport_introspection_c[0m
[28.070s] [ 61%] [32mBuilding C object CMakeFiles/lapin_msgs__rosidl_typesupport_introspection_c.dir/rosidl_typesupport_introspection_c/lapin_msgs/msg/detail/cmd_bip__type_support.c.o[0m
[28.079s] [ 64%] [32mBuilding C object CMakeFiles/lapin_msgs__rosidl_typesupport_introspection_c.dir/rosidl_typesupport_introspection_c/lapin_msgs/msg/detail/feet__type_support.c.o[0m
[28.420s] [ 66%] [32m[1mLinking C shared library liblapin_msgs__rosidl_typesupport_introspection_c.so[0m
[28.698s] [ 66%] Built target lapin_msgs__rosidl_typesupport_introspection_c
[29.964s] [35m[1mScanning dependencies of target lapin_msgs__rosidl_typesupport_fastrtps_c[0m
[30.122s] [ 71%] [32mBuilding CXX object CMakeFiles/lapin_msgs__rosidl_typesupport_fastrtps_c.dir/rosidl_typesupport_fastrtps_c/lapin_msgs/msg/detail/feet__type_support_c.cpp.o[0m
[30.124s] [ 71%] [32mBuilding CXX object CMakeFiles/lapin_msgs__rosidl_typesupport_fastrtps_c.dir/rosidl_typesupport_fastrtps_c/lapin_msgs/msg/detail/cmd_bip__type_support_c.cpp.o[0m
[33.273s] [ 74%] [32m[1mLinking CXX shared library liblapin_msgs__rosidl_typesupport_fastrtps_c.so[0m
[34.049s] [ 74%] Built target lapin_msgs__rosidl_typesupport_fastrtps_c
[34.126s] [35m[1mScanning dependencies of target lapin_msgs[0m
[34.208s] [ 74%] Built target lapin_msgs
[34.287s] [35m[1mScanning dependencies of target lapin_msgs__py[0m
[34.377s] [ 76%] [34m[1mGenerating Python code for ROS interfaces[0m
[39.569s] [ 76%] Built target lapin_msgs__py
[39.645s] [35m[1mScanning dependencies of target lapin_msgs__python[0m
[39.844s] [ 79%] [32mBuilding C object CMakeFiles/lapin_msgs__python.dir/rosidl_generator_py/lapin_msgs/msg/_feet_s.c.o[0m
[39.846s] [ 82%] [32mBuilding C object CMakeFiles/lapin_msgs__python.dir/rosidl_generator_py/lapin_msgs/msg/_cmd_bip_s.c.o[0m
[40.770s] [ 84%] [32m[1mLinking C shared library rosidl_generator_py/lapin_msgs/liblapin_msgs__python.so[0m
[41.185s] [ 84%] Built target lapin_msgs__python
[41.281s] [35m[1mScanning dependencies of target lapin_msgs__rosidl_typesupport_c__pyext[0m
[41.282s] [35m[1mScanning dependencies of target lapin_msgs__rosidl_typesupport_introspection_c__pyext[0m
[41.288s] [35m[1mScanning dependencies of target lapin_msgs__rosidl_typesupport_fastrtps_c__pyext[0m
[41.468s] [ 87%] [32mBuilding C object CMakeFiles/lapin_msgs__rosidl_typesupport_c__pyext.dir/rosidl_generator_py/lapin_msgs/_lapin_msgs_s.ep.rosidl_typesupport_c.c.o[0m
[41.492s] [ 89%] [32mBuilding C object CMakeFiles/lapin_msgs__rosidl_typesupport_introspection_c__pyext.dir/rosidl_generator_py/lapin_msgs/_lapin_msgs_s.ep.rosidl_typesupport_introspection_c.c.o[0m
[41.560s] [ 92%] [32mBuilding C object CMakeFiles/lapin_msgs__rosidl_typesupport_fastrtps_c__pyext.dir/rosidl_generator_py/lapin_msgs/_lapin_msgs_s.ep.rosidl_typesupport_fastrtps_c.c.o[0m
[42.308s] [ 94%] [32m[1mLinking C shared library rosidl_generator_py/lapin_msgs/lapin_msgs_s__rosidl_typesupport_c.cpython-38-aarch64-linux-gnu.so[0m
[42.367s] [ 97%] [32m[1mLinking C shared library rosidl_generator_py/lapin_msgs/lapin_msgs_s__rosidl_typesupport_introspection_c.cpython-38-aarch64-linux-gnu.so[0m
[42.451s] [100%] [32m[1mLinking CXX shared library rosidl_generator_py/lapin_msgs/lapin_msgs_s__rosidl_typesupport_fastrtps_c.cpython-38-aarch64-linux-gnu.so[0m
[42.853s] [100%] Built target lapin_msgs__rosidl_typesupport_c__pyext
[42.891s] [100%] Built target lapin_msgs__rosidl_typesupport_introspection_c__pyext
[43.213s] [100%] Built target lapin_msgs__rosidl_typesupport_fastrtps_c__pyext
[43.303s] Invoked command in '/home/ubuntu/lapin_ws/src/build/lapin_msgs' returned '0': CMAKE_PREFIX_PATH=${CMAKE_PREFIX_PATH}:/home/ubuntu/lapin_ws/install/lapin_driver:/opt/ros/foxy /usr/bin/cmake --build /home/ubuntu/lapin_ws/src/build/lapin_msgs -- -j4 -l4
[43.992s] Invoking command in '/home/ubuntu/lapin_ws/src/build/lapin_msgs': CMAKE_PREFIX_PATH=${CMAKE_PREFIX_PATH}:/home/ubuntu/lapin_ws/install/lapin_driver:/opt/ros/foxy /usr/bin/cmake --install /home/ubuntu/lapin_ws/src/build/lapin_msgs
[44.065s] -- Install configuration: ""
[44.069s] -- Execute custom install script
[44.074s] -- Symlinking: /home/ubuntu/lapin_ws/src/install/lapin_msgs/share/ament_index/resource_index/rosidl_interfaces/lapin_msgs
[44.148s] -- Symlinking: /home/ubuntu/lapin_ws/src/install/lapin_msgs/include/lapin_msgs/msg/cmd_bip.h
[44.218s] -- Symlinking: /home/ubuntu/lapin_ws/src/install/lapin_msgs/include/lapin_msgs/msg/detail/cmd_bip__functions.h
[44.284s] -- Symlinking: /home/ubuntu/lapin_ws/src/install/lapin_msgs/include/lapin_msgs/msg/detail/cmd_bip__struct.h
[44.351s] -- Symlinking: /home/ubuntu/lapin_ws/src/install/lapin_msgs/include/lapin_msgs/msg/detail/cmd_bip__type_support.h
[44.417s] -- Symlinking: /home/ubuntu/lapin_ws/src/install/lapin_msgs/include/lapin_msgs/msg/detail/feet__functions.h
[44.481s] -- Symlinking: /home/ubuntu/lapin_ws/src/install/lapin_msgs/include/lapin_msgs/msg/detail/feet__struct.h
[44.550s] -- Symlinking: /home/ubuntu/lapin_ws/src/install/lapin_msgs/include/lapin_msgs/msg/detail/feet__type_support.h
[44.615s] -- Symlinking: /home/ubuntu/lapin_ws/src/install/lapin_msgs/include/lapin_msgs/msg/feet.h
[44.683s] -- Symlinking: /home/ubuntu/lapin_ws/src/install/lapin_msgs/include/lapin_msgs/msg/rosidl_generator_c__visibility_control.h
[44.752s] -- Symlinking: /home/ubuntu/lapin_ws/src/install/lapin_msgs/share/lapin_msgs/environment/library_path.sh
[44.820s] -- Symlinking: /home/ubuntu/lapin_ws/src/install/lapin_msgs/share/lapin_msgs/environment/library_path.dsv
[44.889s] -- Symlinking: /home/ubuntu/lapin_ws/src/install/lapin_msgs/include/lapin_msgs/msg/detail/cmd_bip__rosidl_typesupport_fastrtps_c.h
[44.957s] -- Symlinking: /home/ubuntu/lapin_ws/src/install/lapin_msgs/include/lapin_msgs/msg/detail/feet__rosidl_typesupport_fastrtps_c.h
[45.029s] -- Symlinking: /home/ubuntu/lapin_ws/src/install/lapin_msgs/include/lapin_msgs/msg/rosidl_typesupport_fastrtps_c__visibility_control.h
[45.101s] -- Symlinking: /home/ubuntu/lapin_ws/src/install/lapin_msgs/lib/liblapin_msgs__rosidl_typesupport_fastrtps_c.so
[45.173s] -- Symlinking: /home/ubuntu/lapin_ws/src/install/lapin_msgs/include/lapin_msgs/msg/detail/cmd_bip__rosidl_typesupport_fastrtps_cpp.hpp
[45.242s] -- Symlinking: /home/ubuntu/lapin_ws/src/install/lapin_msgs/include/lapin_msgs/msg/detail/feet__rosidl_typesupport_fastrtps_cpp.hpp
[45.309s] -- Symlinking: /home/ubuntu/lapin_ws/src/install/lapin_msgs/include/lapin_msgs/msg/rosidl_typesupport_fastrtps_cpp__visibility_control.h
[45.380s] -- Symlinking: /home/ubuntu/lapin_ws/src/install/lapin_msgs/lib/liblapin_msgs__rosidl_typesupport_fastrtps_cpp.so
[45.455s] -- Symlinking: /home/ubuntu/lapin_ws/src/install/lapin_msgs/include/lapin_msgs/msg/detail/cmd_bip__rosidl_typesupport_introspection_c.h
[45.521s] -- Symlinking: /home/ubuntu/lapin_ws/src/install/lapin_msgs/include/lapin_msgs/msg/detail/feet__rosidl_typesupport_introspection_c.h
[45.586s] -- Symlinking: /home/ubuntu/lapin_ws/src/install/lapin_msgs/include/lapin_msgs/msg/rosidl_typesupport_introspection_c__visibility_control.h
[45.661s] -- Symlinking: /home/ubuntu/lapin_ws/src/install/lapin_msgs/include/lapin_msgs/msg/cmd_bip.hpp
[45.727s] -- Symlinking: /home/ubuntu/lapin_ws/src/install/lapin_msgs/include/lapin_msgs/msg/detail/cmd_bip__builder.hpp
[45.792s] -- Symlinking: /home/ubuntu/lapin_ws/src/install/lapin_msgs/include/lapin_msgs/msg/detail/cmd_bip__struct.hpp
[45.860s] -- Symlinking: /home/ubuntu/lapin_ws/src/install/lapin_msgs/include/lapin_msgs/msg/detail/cmd_bip__traits.hpp
[45.927s] -- Symlinking: /home/ubuntu/lapin_ws/src/install/lapin_msgs/include/lapin_msgs/msg/detail/feet__builder.hpp
[45.993s] -- Symlinking: /home/ubuntu/lapin_ws/src/install/lapin_msgs/include/lapin_msgs/msg/detail/feet__struct.hpp
[46.065s] -- Symlinking: /home/ubuntu/lapin_ws/src/install/lapin_msgs/include/lapin_msgs/msg/detail/feet__traits.hpp
[46.131s] -- Symlinking: /home/ubuntu/lapin_ws/src/install/lapin_msgs/include/lapin_msgs/msg/feet.hpp
[46.197s] -- Symlinking: /home/ubuntu/lapin_ws/src/install/lapin_msgs/include/lapin_msgs/msg/detail/cmd_bip__rosidl_typesupport_introspection_cpp.hpp
[46.265s] -- Symlinking: /home/ubuntu/lapin_ws/src/install/lapin_msgs/include/lapin_msgs/msg/detail/feet__rosidl_typesupport_introspection_cpp.hpp
[46.334s] -- Symlinking: /home/ubuntu/lapin_ws/src/install/lapin_msgs/share/lapin_msgs/environment/pythonpath.sh
[46.403s] -- Symlinking: /home/ubuntu/lapin_ws/src/install/lapin_msgs/share/lapin_msgs/environment/pythonpath.dsv
[46.472s] -- Symlinking: /home/ubuntu/lapin_ws/src/install/lapin_msgs/lib/python3.8/site-packages/lapin_msgs/__init__.py
[46.546s] -- Symlinking: /home/ubuntu/lapin_ws/src/install/lapin_msgs/lib/python3.8/site-packages/lapin_msgs/msg/__init__.py
[46.614s] -- Symlinking: /home/ubuntu/lapin_ws/src/install/lapin_msgs/lib/python3.8/site-packages/lapin_msgs/msg/_cmd_bip.py
[46.679s] -- Symlinking: /home/ubuntu/lapin_ws/src/install/lapin_msgs/lib/python3.8/site-packages/lapin_msgs/msg/_feet.py
[46.749s] -- Symlinking: /home/ubuntu/lapin_ws/src/install/lapin_msgs/lib/python3.8/site-packages/lapin_msgs/lapin_msgs_s__rosidl_typesupport_fastrtps_c.cpython-38-aarch64-linux-gnu.so
[46.817s] -- Symlinking: /home/ubuntu/lapin_ws/src/install/lapin_msgs/lib/python3.8/site-packages/lapin_msgs/lapin_msgs_s__rosidl_typesupport_introspection_c.cpython-38-aarch64-linux-gnu.so
[46.885s] -- Symlinking: /home/ubuntu/lapin_ws/src/install/lapin_msgs/lib/python3.8/site-packages/lapin_msgs/lapin_msgs_s__rosidl_typesupport_c.cpython-38-aarch64-linux-gnu.so
[46.954s] -- Symlinking: /home/ubuntu/lapin_ws/src/install/lapin_msgs/lib/liblapin_msgs__python.so
[47.023s] -- Symlinking: /home/ubuntu/lapin_ws/src/install/lapin_msgs/share/lapin_msgs/msg/Feet.idl
[47.090s] -- Symlinking: /home/ubuntu/lapin_ws/src/install/lapin_msgs/share/lapin_msgs/msg/CmdBip.idl
[47.157s] -- Symlinking: /home/ubuntu/lapin_ws/src/install/lapin_msgs/share/lapin_msgs/msg/Feet.msg
[47.228s] -- Symlinking: /home/ubuntu/lapin_ws/src/install/lapin_msgs/share/lapin_msgs/msg/CmdBip.msg
[47.293s] -- Symlinking: /home/ubuntu/lapin_ws/src/install/lapin_msgs/share/ament_index/resource_index/package_run_dependencies/lapin_msgs
[47.367s] -- Symlinking: /home/ubuntu/lapin_ws/src/install/lapin_msgs/share/ament_index/resource_index/parent_prefix_path/lapin_msgs
[47.437s] -- Symlinking: /home/ubuntu/lapin_ws/src/install/lapin_msgs/share/lapin_msgs/environment/ament_prefix_path.sh
[47.501s] -- Symlinking: /home/ubuntu/lapin_ws/src/install/lapin_msgs/share/lapin_msgs/environment/ament_prefix_path.dsv
[47.572s] -- Symlinking: /home/ubuntu/lapin_ws/src/install/lapin_msgs/share/lapin_msgs/environment/path.sh
[47.645s] -- Symlinking: /home/ubuntu/lapin_ws/src/install/lapin_msgs/share/lapin_msgs/environment/path.dsv
[47.716s] -- Symlinking: /home/ubuntu/lapin_ws/src/install/lapin_msgs/share/lapin_msgs/local_setup.bash
[47.782s] -- Symlinking: /home/ubuntu/lapin_ws/src/install/lapin_msgs/share/lapin_msgs/local_setup.sh
[47.849s] -- Symlinking: /home/ubuntu/lapin_ws/src/install/lapin_msgs/share/lapin_msgs/local_setup.zsh
[47.917s] -- Symlinking: /home/ubuntu/lapin_ws/src/install/lapin_msgs/share/lapin_msgs/local_setup.dsv
[47.984s] -- Symlinking: /home/ubuntu/lapin_ws/src/install/lapin_msgs/share/lapin_msgs/package.dsv
[48.055s] -- Symlinking: /home/ubuntu/lapin_ws/src/install/lapin_msgs/share/ament_index/resource_index/packages/lapin_msgs
[48.123s] -- Symlinking: /home/ubuntu/lapin_ws/src/install/lapin_msgs/share/lapin_msgs/cmake/rosidl_cmake-extras.cmake
[48.194s] -- Symlinking: /home/ubuntu/lapin_ws/src/install/lapin_msgs/share/lapin_msgs/cmake/ament_cmake_export_dependencies-extras.cmake
[48.262s] -- Symlinking: /home/ubuntu/lapin_ws/src/install/lapin_msgs/share/lapin_msgs/cmake/ament_cmake_export_libraries-extras.cmake
[48.328s] -- Symlinking: /home/ubuntu/lapin_ws/src/install/lapin_msgs/share/lapin_msgs/cmake/ament_cmake_export_targets-extras.cmake
[48.395s] -- Symlinking: /home/ubuntu/lapin_ws/src/install/lapin_msgs/share/lapin_msgs/cmake/ament_cmake_export_include_directories-extras.cmake
[48.463s] -- Symlinking: /home/ubuntu/lapin_ws/src/install/lapin_msgs/share/lapin_msgs/cmake/rosidl_cmake_export_typesupport_libraries-extras.cmake
[48.531s] -- Symlinking: /home/ubuntu/lapin_ws/src/install/lapin_msgs/share/lapin_msgs/cmake/rosidl_cmake_export_typesupport_targets-extras.cmake
[48.597s] -- Symlinking: /home/ubuntu/lapin_ws/src/install/lapin_msgs/share/lapin_msgs/cmake/lapin_msgsConfig.cmake
[48.665s] -- Symlinking: /home/ubuntu/lapin_ws/src/install/lapin_msgs/share/lapin_msgs/cmake/lapin_msgsConfig-version.cmake
[48.731s] -- Symlinking: /home/ubuntu/lapin_ws/src/install/lapin_msgs/share/lapin_msgs/package.xml
[48.797s] -- Installing: /home/ubuntu/lapin_ws/src/install/lapin_msgs/lib/liblapin_msgs__rosidl_generator_c.so
[48.802s] -- Set runtime path of "/home/ubuntu/lapin_ws/src/install/lapin_msgs/lib/liblapin_msgs__rosidl_generator_c.so" to ""
[48.805s] -- Installing: /home/ubuntu/lapin_ws/src/install/lapin_msgs/lib/liblapin_msgs__rosidl_typesupport_introspection_c.so
[48.809s] -- Set runtime path of "/home/ubuntu/lapin_ws/src/install/lapin_msgs/lib/liblapin_msgs__rosidl_typesupport_introspection_c.so" to ""
[48.811s] -- Installing: /home/ubuntu/lapin_ws/src/install/lapin_msgs/lib/liblapin_msgs__rosidl_typesupport_c.so
[48.815s] -- Set runtime path of "/home/ubuntu/lapin_ws/src/install/lapin_msgs/lib/liblapin_msgs__rosidl_typesupport_c.so" to ""
[48.817s] -- Installing: /home/ubuntu/lapin_ws/src/install/lapin_msgs/lib/liblapin_msgs__rosidl_typesupport_introspection_cpp.so
[48.822s] -- Set runtime path of "/home/ubuntu/lapin_ws/src/install/lapin_msgs/lib/liblapin_msgs__rosidl_typesupport_introspection_cpp.so" to ""
[48.824s] -- Installing: /home/ubuntu/lapin_ws/src/install/lapin_msgs/lib/liblapin_msgs__rosidl_typesupport_cpp.so
[48.827s] -- Set runtime path of "/home/ubuntu/lapin_ws/src/install/lapin_msgs/lib/liblapin_msgs__rosidl_typesupport_cpp.so" to ""
[49.112s] Compiling '/home/ubuntu/lapin_ws/src/install/lapin_msgs/lib/python3.8/site-packages/lapin_msgs/__init__.py'...
[49.165s] -- Installing: /home/ubuntu/lapin_ws/src/install/lapin_msgs/share/lapin_msgs/cmake/lapin_msgs__rosidl_generator_cExport.cmake
[49.168s] -- Installing: /home/ubuntu/lapin_ws/src/install/lapin_msgs/share/lapin_msgs/cmake/lapin_msgs__rosidl_generator_cExport-noconfig.cmake
[49.170s] -- Installing: /home/ubuntu/lapin_ws/src/install/lapin_msgs/share/lapin_msgs/cmake/lapin_msgs__rosidl_typesupport_introspection_cExport.cmake
[49.173s] -- Installing: /home/ubuntu/lapin_ws/src/install/lapin_msgs/share/lapin_msgs/cmake/lapin_msgs__rosidl_typesupport_introspection_cExport-noconfig.cmake
[49.176s] -- Installing: /home/ubuntu/lapin_ws/src/install/lapin_msgs/share/lapin_msgs/cmake/lapin_msgs__rosidl_typesupport_cExport.cmake
[49.179s] -- Installing: /home/ubuntu/lapin_ws/src/install/lapin_msgs/share/lapin_msgs/cmake/lapin_msgs__rosidl_typesupport_cExport-noconfig.cmake
[49.182s] -- Installing: /home/ubuntu/lapin_ws/src/install/lapin_msgs/share/lapin_msgs/cmake/lapin_msgs__rosidl_generator_cppExport.cmake
[49.185s] -- Installing: /home/ubuntu/lapin_ws/src/install/lapin_msgs/share/lapin_msgs/cmake/lapin_msgs__rosidl_typesupport_introspection_cppExport.cmake
[49.188s] -- Installing: /home/ubuntu/lapin_ws/src/install/lapin_msgs/share/lapin_msgs/cmake/lapin_msgs__rosidl_typesupport_introspection_cppExport-noconfig.cmake
[49.191s] -- Installing: /home/ubuntu/lapin_ws/src/install/lapin_msgs/share/lapin_msgs/cmake/lapin_msgs__rosidl_typesupport_cppExport.cmake
[49.193s] -- Installing: /home/ubuntu/lapin_ws/src/install/lapin_msgs/share/lapin_msgs/cmake/lapin_msgs__rosidl_typesupport_cppExport-noconfig.cmake
[49.219s] Invoked command in '/home/ubuntu/lapin_ws/src/build/lapin_msgs' returned '0': CMAKE_PREFIX_PATH=${CMAKE_PREFIX_PATH}:/home/ubuntu/lapin_ws/install/lapin_driver:/opt/ros/foxy /usr/bin/cmake --install /home/ubuntu/lapin_ws/src/build/lapin_msgs
