[0.187s] Invoking command in '/home/ubuntu/lapin_ws/src/build/lapin_msgs': CMAKE_PREFIX_PATH=${CMAKE_PREFIX_PATH}:/home/ubuntu/lapin_ws/install/lapin_driver:/opt/ros/foxy /usr/bin/cmake /home/ubuntu/lapin_ws/src/lapin_msgs -DCMAKE_INSTALL_PREFIX=/home/ubuntu/lapin_ws/src/install/lapin_msgs
[0.335s] -- Found ament_cmake: 0.9.6 (/opt/ros/foxy/share/ament_cmake/cmake)
[0.617s] -- Found PythonInterp: /usr/bin/python3 (found suitable version "3.8.2", minimum required is "3") 
[0.621s] -- Using PYTHON_EXECUTABLE: /usr/bin/python3
[2.441s] -- Override CMake install command with custom implementation using symlinks instead of copying resources
[2.518s] -- Found ament_lint_auto: 0.9.5 (/opt/ros/foxy/share/ament_lint_auto/cmake)
[3.184s] -- Found rosidl_default_generators: 1.0.0 (/opt/ros/foxy/share/rosidl_default_generators/cmake)
[3.212s] -- Using all available rosidl_typesupport_c: rosidl_typesupport_fastrtps_c;rosidl_typesupport_introspection_c
[3.263s] -- Found rosidl_adapter: 1.0.1 (/opt/ros/foxy/share/rosidl_adapter/cmake)
[5.601s] -- Using all available rosidl_typesupport_cpp: rosidl_typesupport_fastrtps_cpp;rosidl_typesupport_introspection_cpp
[5.603s] -- Found std_msgs: 2.0.3 (/opt/ros/foxy/share/std_msgs/cmake)
[7.473s] -- Found PythonInterp: /usr/bin/python3 (found version "3.8.2") 
[8.451s] -- Found ament_cmake_ros: 0.9.0 (/opt/ros/foxy/share/ament_cmake_ros/cmake)
[10.137s] -- Using all available rosidl_typesupport_c: rosidl_typesupport_fastrtps_c;rosidl_typesupport_introspection_c
[10.792s] -- Using all available rosidl_typesupport_cpp: rosidl_typesupport_fastrtps_cpp;rosidl_typesupport_introspection_cpp
[11.088s] -- Found PythonInterp: /usr/bin/python3 (found suitable version "3.8.2", minimum required is "3.5") 
[11.091s] -- Found python_cmake_module: 0.8.0 (/opt/ros/foxy/share/python_cmake_module/cmake)
[11.346s] -- Using PYTHON_EXECUTABLE: /usr/bin/python3
[11.348s] -- Using PYTHON_INCLUDE_DIRS: /usr/include/python3.8
[11.349s] -- Using PYTHON_LIBRARIES: /usr/lib/aarch64-linux-gnu/libpython3.8.so
[11.756s] -- Added test 'copyright' to check source files copyright and LICENSE
[11.818s] -- Added test 'flake8' to check Python code syntax and style conventions
[11.829s] -- Added test 'lint_cmake' to check CMake code style
[11.836s] -- Added test 'pep257' to check Python code against some of the style conventions in PEP 257
[11.869s] -- Added test 'xmllint' to check XML markup files
[11.964s] -- Configuring done
[12.454s] -- Generating done
[12.500s] -- Build files have been written to: /home/ubuntu/lapin_ws/src/build/lapin_msgs
