running develop
running egg_info
creating lapin_bringup.egg-info
writing lapin_bringup.egg-info/PKG-INFO
writing dependency_links to lapin_bringup.egg-info/dependency_links.txt
writing entry points to lapin_bringup.egg-info/entry_points.txt
writing requirements to lapin_bringup.egg-info/requires.txt
writing top-level names to lapin_bringup.egg-info/top_level.txt
writing manifest file 'lapin_bringup.egg-info/SOURCES.txt'
reading manifest file 'lapin_bringup.egg-info/SOURCES.txt'
writing manifest file 'lapin_bringup.egg-info/SOURCES.txt'
running build_ext
Creating /home/ubuntu/lapin_ws/src/install/lapin_bringup/lib/python3.8/site-packages/site.py
Creating /home/ubuntu/lapin_ws/src/install/lapin_bringup/lib/python3.8/site-packages/lapin-bringup.egg-link (link to .)

Installed /home/ubuntu/lapin_ws/src/build/lapin_bringup
running install_data
creating /home/ubuntu/lapin_ws/src/install/lapin_bringup/share/ament_index
creating /home/ubuntu/lapin_ws/src/install/lapin_bringup/share/ament_index/resource_index
creating /home/ubuntu/lapin_ws/src/install/lapin_bringup/share/ament_index/resource_index/packages
copying resource/lapin_bringup -> /home/ubuntu/lapin_ws/src/install/lapin_bringup/share/ament_index/resource_index/packages
copying package.xml -> /home/ubuntu/lapin_ws/src/install/lapin_bringup/share/lapin_bringup
