[2.517s] Invoking command in '/home/ubuntu/lapin_ws/src/build/lapin_bringup': PYTHONPATH=/home/ubuntu/lapin_ws/src/install/lapin_bringup/lib/python3.8/site-packages:${PYTHONPATH} /usr/bin/python3 setup.py develop --prefix /home/ubuntu/lapin_ws/src/install/lapin_bringup --editable --build-directory /home/ubuntu/lapin_ws/src/build/lapin_bringup/build --no-deps install_data --install-dir /home/ubuntu/lapin_ws/src/install/lapin_bringup
[4.750s] running develop
[6.176s] running egg_info
[6.178s] creating lapin_bringup.egg-info
[6.186s] writing lapin_bringup.egg-info/PKG-INFO
[6.187s] writing dependency_links to lapin_bringup.egg-info/dependency_links.txt
[6.189s] writing entry points to lapin_bringup.egg-info/entry_points.txt
[6.190s] writing requirements to lapin_bringup.egg-info/requires.txt
[6.191s] writing top-level names to lapin_bringup.egg-info/top_level.txt
[6.200s] writing manifest file 'lapin_bringup.egg-info/SOURCES.txt'
[6.510s] reading manifest file 'lapin_bringup.egg-info/SOURCES.txt'
[6.517s] writing manifest file 'lapin_bringup.egg-info/SOURCES.txt'
[6.538s] running build_ext
[6.540s] Creating /home/ubuntu/lapin_ws/src/install/lapin_bringup/lib/python3.8/site-packages/site.py
[6.554s] Creating /home/ubuntu/lapin_ws/src/install/lapin_bringup/lib/python3.8/site-packages/lapin-bringup.egg-link (link to .)
[6.565s] 
[6.569s] Installed /home/ubuntu/lapin_ws/src/build/lapin_bringup
[6.572s] running install_data
[6.575s] creating /home/ubuntu/lapin_ws/src/install/lapin_bringup/share/ament_index
[6.578s] creating /home/ubuntu/lapin_ws/src/install/lapin_bringup/share/ament_index/resource_index
[6.580s] creating /home/ubuntu/lapin_ws/src/install/lapin_bringup/share/ament_index/resource_index/packages
[6.584s] copying resource/lapin_bringup -> /home/ubuntu/lapin_ws/src/install/lapin_bringup/share/ament_index/resource_index/packages
[6.587s] copying package.xml -> /home/ubuntu/lapin_ws/src/install/lapin_bringup/share/lapin_bringup
[6.812s] Invoked command in '/home/ubuntu/lapin_ws/src/build/lapin_bringup' returned '0': PYTHONPATH=/home/ubuntu/lapin_ws/src/install/lapin_bringup/lib/python3.8/site-packages:${PYTHONPATH} /usr/bin/python3 setup.py develop --prefix /home/ubuntu/lapin_ws/src/install/lapin_bringup --editable --build-directory /home/ubuntu/lapin_ws/src/build/lapin_bringup/build --no-deps install_data --install-dir /home/ubuntu/lapin_ws/src/install/lapin_bringup
